

[INFO ] 2017-10-20 21:35:41,641 method:org.springframework.web.context.ContextLoader.initWebApplicationContext(ContextLoader.java:307)
Root WebApplicationContext: initialization started


[INFO ] 2017-10-20 21:35:41,967 method:org.springframework.context.support.AbstractApplicationContext.prepareRefresh(AbstractApplicationContext.java:578)
Refreshing Root WebApplicationContext: startup date [Fri Oct 20 21:35:41 CST 2017]; root of context hierarchy


[INFO ] 2017-10-20 21:35:42,121 method:org.springframework.beans.factory.xml.XmlBeanDefinitionReader.loadBeanDefinitions(XmlBeanDefinitionReader.java:317)
Loading XML bean definitions from file [E:\JAVA\Project\taotao\taotao-content\taotao-content-service\target\classes\spring\applicationContext-dao.xml]


[INFO ] 2017-10-20 21:35:48,405 method:org.springframework.beans.factory.xml.XmlBeanDefinitionReader.loadBeanDefinitions(XmlBeanDefinitionReader.java:317)
Loading XML bean definitions from file [E:\JAVA\Project\taotao\taotao-content\taotao-content-service\target\classes\spring\applicationContext-service.xml]


[INFO ] 2017-10-20 21:35:48,650 method:
using logger: com.alibaba.dubbo.common.logger.log4j.Log4jLoggerAdapter


[INFO ] 2017-10-20 21:35:48,700 method:org.springframework.beans.factory.xml.XmlBeanDefinitionReader.loadBeanDefinitions(XmlBeanDefinitionReader.java:317)
Loading XML bean definitions from file [E:\JAVA\Project\taotao\taotao-content\taotao-content-service\target\classes\spring\applicationContext-trans.xml]


[INFO ] 2017-10-20 21:35:49,042 method:org.springframework.core.io.support.PropertiesLoaderSupport.loadProperties(PropertiesLoaderSupport.java:172)
Loading properties file from class path resource [properties/db.properties]


[INFO ] 2017-10-20 21:35:49,063 method:org.springframework.beans.factory.annotation.AutowiredAnnotationBeanPostProcessor.<init>(AutowiredAnnotationBeanPostProcessor.java:153)
JSR-330 'javax.inject.Inject' annotation found and supported for autowiring


[INFO ] 2017-10-20 21:35:58,410 method:com.alibaba.dubbo.config.spring.ServiceBean.onApplicationEvent(ServiceBean.java:107)
 [DUBBO] The service ready on spring started. service: com.taotao.content.service.ContentCategoryService, dubbo version: 2.5.3, current host: 127.0.0.1


[INFO ] 2017-10-20 21:35:59,375 method:com.alibaba.dubbo.config.ServiceConfig.exportLocal(ServiceConfig.java:510)
 [DUBBO] Export dubbo service com.taotao.content.service.ContentCategoryService to local registry, dubbo version: 2.5.3, current host: 127.0.0.1


[INFO ] 2017-10-20 21:35:59,375 method:com.alibaba.dubbo.config.ServiceConfig.doExportUrlsFor1Protocol(ServiceConfig.java:470)
 [DUBBO] Export dubbo service com.taotao.content.service.ContentCategoryService to url dubbo://192.168.120.1:20881/com.taotao.content.service.ContentCategoryService?anyhost=true&application=taotao-content&dubbo=2.5.3&interface=com.taotao.content.service.ContentCategoryService&methods=addContentCategory,getContentCategoryList&pid=69420&side=provider&timeout=300000&timestamp=1508506559179, dubbo version: 2.5.3, current host: 127.0.0.1


[INFO ] 2017-10-20 21:35:59,375 method:com.alibaba.dubbo.config.ServiceConfig.doExportUrlsFor1Protocol(ServiceConfig.java:481)
 [DUBBO] Register dubbo service com.taotao.content.service.ContentCategoryService url dubbo://192.168.120.1:20881/com.taotao.content.service.ContentCategoryService?anyhost=true&application=taotao-content&dubbo=2.5.3&interface=com.taotao.content.service.ContentCategoryService&methods=addContentCategory,getContentCategoryList&pid=69420&side=provider&timeout=300000&timestamp=1508506559179 to registry registry://192.168.200.129:2181/com.alibaba.dubbo.registry.RegistryService?application=taotao-content&dubbo=2.5.3&pid=69420&registry=zookeeper&timestamp=1508506558422, dubbo version: 2.5.3, current host: 127.0.0.1


[INFO ] 2017-10-20 21:36:00,396 method:com.alibaba.dubbo.remoting.transport.AbstractServer.<init>(AbstractServer.java:69)
 [DUBBO] Start NettyServer bind /0.0.0.0:20881, export /192.168.120.1:20881, dubbo version: 2.5.3, current host: 127.0.0.1


[INFO ] 2017-10-20 21:36:00,458 method:com.alibaba.dubbo.registry.support.AbstractRegistry.loadProperties(AbstractRegistry.java:232)
 [DUBBO] Load registry store file C:\Users\Administrator\.dubbo\dubbo-registry-192.168.200.129.cache, data: {com.taotao.content.service.ContentCategoryService=empty://192.168.120.1/com.taotao.content.service.ContentCategoryService?application=taotao-manager-web&category=providers&dubbo=2.5.3&interface=com.taotao.content.service.ContentCategoryService&methods=addContentCategory,getContentCategoryList&pid=33796&revision=0.0.1-SNAPSHOT&side=consumer&timestamp=1508505951683 empty://192.168.120.1/com.taotao.content.service.ContentCategoryService?application=taotao-manager-web&category=configurators&dubbo=2.5.3&interface=com.taotao.content.service.ContentCategoryService&methods=addContentCategory,getContentCategoryList&pid=33796&revision=0.0.1-SNAPSHOT&side=consumer&timestamp=1508505951683 empty://192.168.120.1/com.taotao.content.service.ContentCategoryService?application=taotao-manager-web&category=routers&dubbo=2.5.3&interface=com.taotao.content.service.ContentCategoryService&methods=addContentCategory,getContentCategoryList&pid=33796&revision=0.0.1-SNAPSHOT&side=consumer&timestamp=1508505951683, com.taotao.service.ItemService=dubbo://192.168.120.1:20880/com.taotao.service.ItemService?anyhost=true&application=taotao-manager&dubbo=2.5.3&interface=com.taotao.service.ItemService&methods=getItemList,addItem,getItemById&pid=58480&side=provider&timeout=300000&timestamp=1508505651966 empty://192.168.120.1/com.taotao.service.ItemService?application=taotao-manager-web&category=configurators&dubbo=2.5.3&interface=com.taotao.service.ItemService&methods=getItemList,addItem,getItemById&pid=33796&revision=0.0.1-SNAPSHOT&side=consumer&timestamp=1508505956027 empty://192.168.120.1/com.taotao.service.ItemService?application=taotao-manager-web&category=routers&dubbo=2.5.3&interface=com.taotao.service.ItemService&methods=getItemList,addItem,getItemById&pid=33796&revision=0.0.1-SNAPSHOT&side=consumer&timestamp=1508505956027}, dubbo version: 2.5.3, current host: 127.0.0.1


[INFO ] 2017-10-20 21:36:00,477 method:org.I0Itec.zkclient.ZkEventThread.run(ZkEventThread.java:64)
Starting ZkClient event thread.


[INFO ] 2017-10-20 21:36:00,488 method:org.apache.zookeeper.Environment.logEnv(Environment.java:100)
Client environment:zookeeper.version=3.4.7-1713338, built on 11/09/2015 04:32 GMT


[INFO ] 2017-10-20 21:36:00,489 method:org.apache.zookeeper.Environment.logEnv(Environment.java:100)
Client environment:host.name=Eshaon-PC


[INFO ] 2017-10-20 21:36:00,490 method:org.apache.zookeeper.Environment.logEnv(Environment.java:100)
Client environment:java.version=1.7.0_80


[INFO ] 2017-10-20 21:36:00,490 method:org.apache.zookeeper.Environment.logEnv(Environment.java:100)
Client environment:java.vendor=Oracle Corporation


[INFO ] 2017-10-20 21:36:00,490 method:org.apache.zookeeper.Environment.logEnv(Environment.java:100)
Client environment:java.home=D:\Java\jdk1.7.0_80\jre


[INFO ] 2017-10-20 21:36:00,491 method:org.apache.zookeeper.Environment.logEnv(Environment.java:100)
Client environment:java.class.path=E:\JAVA\Project\taotao-origin\maven\apache-maven-3.3.9\boot\plexus-classworlds-2.5.2.jar;D:\JetBrains\IntelliJ IDEA 2016.3.1\lib\idea_rt.jar


[INFO ] 2017-10-20 21:36:00,491 method:org.apache.zookeeper.Environment.logEnv(Environment.java:100)
Client environment:java.library.path=D:\Java\jdk1.7.0_80\bin;C:\Windows\Sun\Java\bin;C:\Windows\system32;C:\Windows;C:\Users\Public\PTGo\Program\;C:\Users\Public\Fog\Program\;C:\Program Files\Java\jdk1.8.0_112\bin;D:\MySQL\MySQL Server 5.5\bin;.;D:\maven\apache-maven-3.5.0\bin;D:\Git\cmd;C:\Windows\system32;C:\Windows;C:\Windows\System32\Wbem;C:\Windows\System32\WindowsPowerShell\v1.0\;C:\Program Files (x86)\AMD\ATI.ACE\Core-Static;C:\Program Files (x86)\Windows Kits\8.1\Windows Performance Toolkit\;C:\Program Files\Microsoft SQL Server\110\Tools\Binn\;D:\ImageMagick-7.0.4-Q16;C:\Program Files\ImageMagick-7.0.4-Q16;C:\Program Files\nodejs\;D:\OpenCV\opencv-2.4.9\build\x86\vc12\bin;C:\Users\Administrator\AppData\Roaming\npm;.


[INFO ] 2017-10-20 21:36:00,491 method:org.apache.zookeeper.Environment.logEnv(Environment.java:100)
Client environment:java.io.tmpdir=C:\Users\ADMINI~1\AppData\Local\Temp\


[INFO ] 2017-10-20 21:36:00,491 method:org.apache.zookeeper.Environment.logEnv(Environment.java:100)
Client environment:java.compiler=<NA>


[INFO ] 2017-10-20 21:36:00,491 method:org.apache.zookeeper.Environment.logEnv(Environment.java:100)
Client environment:os.name=Windows 7


[INFO ] 2017-10-20 21:36:00,492 method:org.apache.zookeeper.Environment.logEnv(Environment.java:100)
Client environment:os.arch=amd64


[INFO ] 2017-10-20 21:36:00,492 method:org.apache.zookeeper.Environment.logEnv(Environment.java:100)
Client environment:os.version=6.1


[INFO ] 2017-10-20 21:36:00,492 method:org.apache.zookeeper.Environment.logEnv(Environment.java:100)
Client environment:user.name=Eshaon


[INFO ] 2017-10-20 21:36:00,492 method:org.apache.zookeeper.Environment.logEnv(Environment.java:100)
Client environment:user.home=C:\Users\Administrator


[INFO ] 2017-10-20 21:36:00,492 method:org.apache.zookeeper.Environment.logEnv(Environment.java:100)
Client environment:user.dir=E:\JAVA\Project\taotao\taotao-content


[INFO ] 2017-10-20 21:36:00,494 method:org.apache.zookeeper.ZooKeeper.<init>(ZooKeeper.java:438)
Initiating client connection, connectString=192.168.200.129:2181 sessionTimeout=30000 watcher=org.I0Itec.zkclient.ZkClient@153d4547


[INFO ] 2017-10-20 21:36:00,650 method:org.apache.zookeeper.ClientCnxn$SendThread.logStartConnect(ClientCnxn.java:1032)
Opening socket connection to server 192.168.200.129/192.168.200.129:2181. Will not attempt to authenticate using SASL (unknown error)


[INFO ] 2017-10-20 21:36:00,700 method:org.apache.zookeeper.ClientCnxn$SendThread.primeConnection(ClientCnxn.java:876)
Socket connection established to 192.168.200.129/192.168.200.129:2181, initiating session


[INFO ] 2017-10-20 21:36:01,244 method:org.apache.zookeeper.ClientCnxn$SendThread.onConnected(ClientCnxn.java:1299)
Session establishment complete on server 192.168.200.129/192.168.200.129:2181, sessionid = 0x15f32750bb30032, negotiated timeout = 30000


[INFO ] 2017-10-20 21:36:01,247 method:org.I0Itec.zkclient.ZkClient.processStateChanged(ZkClient.java:449)
zookeeper state changed (SyncConnected)


[INFO ] 2017-10-20 21:36:01,251 method:com.alibaba.dubbo.registry.support.AbstractRegistry.register(AbstractRegistry.java:302)
 [DUBBO] Register: dubbo://192.168.120.1:20881/com.taotao.content.service.ContentCategoryService?anyhost=true&application=taotao-content&dubbo=2.5.3&interface=com.taotao.content.service.ContentCategoryService&methods=addContentCategory,getContentCategoryList&pid=69420&side=provider&timeout=300000&timestamp=1508506559179, dubbo version: 2.5.3, current host: 127.0.0.1


[INFO ] 2017-10-20 21:36:01,330 method:com.alibaba.dubbo.registry.support.AbstractRegistry.subscribe(AbstractRegistry.java:325)
 [DUBBO] Subscribe: provider://192.168.120.1:20881/com.taotao.content.service.ContentCategoryService?anyhost=true&application=taotao-content&category=configurators&check=false&dubbo=2.5.3&interface=com.taotao.content.service.ContentCategoryService&methods=addContentCategory,getContentCategoryList&pid=69420&side=provider&timeout=300000&timestamp=1508506559179, dubbo version: 2.5.3, current host: 127.0.0.1


[INFO ] 2017-10-20 21:36:01,490 method:com.alibaba.dubbo.registry.support.AbstractRegistry.notify(AbstractRegistry.java:422)
 [DUBBO] Notify urls for subscribe url provider://192.168.120.1:20881/com.taotao.content.service.ContentCategoryService?anyhost=true&application=taotao-content&category=configurators&check=false&dubbo=2.5.3&interface=com.taotao.content.service.ContentCategoryService&methods=addContentCategory,getContentCategoryList&pid=69420&side=provider&timeout=300000&timestamp=1508506559179, urls: [empty://192.168.120.1:20881/com.taotao.content.service.ContentCategoryService?anyhost=true&application=taotao-content&category=configurators&check=false&dubbo=2.5.3&interface=com.taotao.content.service.ContentCategoryService&methods=addContentCategory,getContentCategoryList&pid=69420&side=provider&timeout=300000&timestamp=1508506559179], dubbo version: 2.5.3, current host: 127.0.0.1


[INFO ] 2017-10-20 21:36:01,638 method:org.springframework.web.context.ContextLoader.initWebApplicationContext(ContextLoader.java:347)
Root WebApplicationContext: initialization completed in 19992 ms


[INFO ] 2017-10-20 21:39:21,428 method:org.springframework.web.context.ContextLoader.initWebApplicationContext(ContextLoader.java:307)
Root WebApplicationContext: initialization started


[INFO ] 2017-10-20 21:39:21,614 method:org.springframework.context.support.AbstractApplicationContext.prepareRefresh(AbstractApplicationContext.java:578)
Refreshing Root WebApplicationContext: startup date [Fri Oct 20 21:39:21 CST 2017]; root of context hierarchy


[INFO ] 2017-10-20 21:39:21,709 method:org.springframework.beans.factory.xml.XmlBeanDefinitionReader.loadBeanDefinitions(XmlBeanDefinitionReader.java:317)
Loading XML bean definitions from file [E:\JAVA\Project\taotao\taotao-content\taotao-content-service\target\classes\spring\applicationContext-dao.xml]


[INFO ] 2017-10-20 21:39:22,147 method:org.springframework.beans.factory.xml.XmlBeanDefinitionReader.loadBeanDefinitions(XmlBeanDefinitionReader.java:317)
Loading XML bean definitions from file [E:\JAVA\Project\taotao\taotao-content\taotao-content-service\target\classes\spring\applicationContext-service.xml]


[INFO ] 2017-10-20 21:39:22,472 method:
using logger: com.alibaba.dubbo.common.logger.log4j.Log4jLoggerAdapter


[INFO ] 2017-10-20 21:39:22,525 method:org.springframework.beans.factory.xml.XmlBeanDefinitionReader.loadBeanDefinitions(XmlBeanDefinitionReader.java:317)
Loading XML bean definitions from file [E:\JAVA\Project\taotao\taotao-content\taotao-content-service\target\classes\spring\applicationContext-trans.xml]


[INFO ] 2017-10-20 21:39:22,930 method:org.springframework.core.io.support.PropertiesLoaderSupport.loadProperties(PropertiesLoaderSupport.java:172)
Loading properties file from class path resource [properties/db.properties]


[INFO ] 2017-10-20 21:39:22,948 method:org.springframework.beans.factory.annotation.AutowiredAnnotationBeanPostProcessor.<init>(AutowiredAnnotationBeanPostProcessor.java:153)
JSR-330 'javax.inject.Inject' annotation found and supported for autowiring


[INFO ] 2017-10-20 21:39:25,886 method:com.alibaba.dubbo.config.spring.ServiceBean.onApplicationEvent(ServiceBean.java:107)
 [DUBBO] The service ready on spring started. service: com.taotao.content.service.ContentCategoryService, dubbo version: 2.5.3, current host: 127.0.0.1


[INFO ] 2017-10-20 21:39:26,255 method:com.alibaba.dubbo.config.ServiceConfig.exportLocal(ServiceConfig.java:510)
 [DUBBO] Export dubbo service com.taotao.content.service.ContentCategoryService to local registry, dubbo version: 2.5.3, current host: 127.0.0.1


[INFO ] 2017-10-20 21:39:26,255 method:com.alibaba.dubbo.config.ServiceConfig.doExportUrlsFor1Protocol(ServiceConfig.java:470)
 [DUBBO] Export dubbo service com.taotao.content.service.ContentCategoryService to url dubbo://192.168.120.1:20881/com.taotao.content.service.ContentCategoryService?anyhost=true&application=taotao-content&dubbo=2.5.3&interface=com.taotao.content.service.ContentCategoryService&methods=addContentCategory,getContentCategoryList&pid=49408&side=provider&timeout=300000&timestamp=1508506766079, dubbo version: 2.5.3, current host: 127.0.0.1


[INFO ] 2017-10-20 21:39:26,255 method:com.alibaba.dubbo.config.ServiceConfig.doExportUrlsFor1Protocol(ServiceConfig.java:481)
 [DUBBO] Register dubbo service com.taotao.content.service.ContentCategoryService url dubbo://192.168.120.1:20881/com.taotao.content.service.ContentCategoryService?anyhost=true&application=taotao-content&dubbo=2.5.3&interface=com.taotao.content.service.ContentCategoryService&methods=addContentCategory,getContentCategoryList&pid=49408&side=provider&timeout=300000&timestamp=1508506766079 to registry registry://192.168.200.129:2181/com.alibaba.dubbo.registry.RegistryService?application=taotao-content&dubbo=2.5.3&pid=49408&registry=zookeeper&timestamp=1508506765901, dubbo version: 2.5.3, current host: 127.0.0.1


[INFO ] 2017-10-20 21:39:26,674 method:com.alibaba.dubbo.remoting.transport.AbstractServer.<init>(AbstractServer.java:69)
 [DUBBO] Start NettyServer bind /0.0.0.0:20881, export /192.168.120.1:20881, dubbo version: 2.5.3, current host: 127.0.0.1


[INFO ] 2017-10-20 21:39:26,699 method:com.alibaba.dubbo.registry.support.AbstractRegistry.loadProperties(AbstractRegistry.java:232)
 [DUBBO] Load registry store file C:\Users\Administrator\.dubbo\dubbo-registry-192.168.200.129.cache, data: {com.taotao.content.service.ContentCategoryService=empty://192.168.120.1/com.taotao.content.service.ContentCategoryService?application=taotao-manager-web&category=providers&dubbo=2.5.3&interface=com.taotao.content.service.ContentCategoryService&methods=addContentCategory,getContentCategoryList&pid=33796&revision=0.0.1-SNAPSHOT&side=consumer&timestamp=1508505951683 empty://192.168.120.1/com.taotao.content.service.ContentCategoryService?application=taotao-manager-web&category=configurators&dubbo=2.5.3&interface=com.taotao.content.service.ContentCategoryService&methods=addContentCategory,getContentCategoryList&pid=33796&revision=0.0.1-SNAPSHOT&side=consumer&timestamp=1508505951683 empty://192.168.120.1/com.taotao.content.service.ContentCategoryService?application=taotao-manager-web&category=routers&dubbo=2.5.3&interface=com.taotao.content.service.ContentCategoryService&methods=addContentCategory,getContentCategoryList&pid=33796&revision=0.0.1-SNAPSHOT&side=consumer&timestamp=1508505951683, com.taotao.service.ItemService=dubbo://192.168.120.1:20880/com.taotao.service.ItemService?anyhost=true&application=taotao-manager&dubbo=2.5.3&interface=com.taotao.service.ItemService&methods=getItemList,addItem,getItemById&pid=58480&side=provider&timeout=300000&timestamp=1508505651966 empty://192.168.120.1/com.taotao.service.ItemService?application=taotao-manager-web&category=configurators&dubbo=2.5.3&interface=com.taotao.service.ItemService&methods=getItemList,addItem,getItemById&pid=33796&revision=0.0.1-SNAPSHOT&side=consumer&timestamp=1508505956027 empty://192.168.120.1/com.taotao.service.ItemService?application=taotao-manager-web&category=routers&dubbo=2.5.3&interface=com.taotao.service.ItemService&methods=getItemList,addItem,getItemById&pid=33796&revision=0.0.1-SNAPSHOT&side=consumer&timestamp=1508505956027}, dubbo version: 2.5.3, current host: 127.0.0.1


[INFO ] 2017-10-20 21:39:26,717 method:org.I0Itec.zkclient.ZkEventThread.run(ZkEventThread.java:64)
Starting ZkClient event thread.


[INFO ] 2017-10-20 21:39:27,809 method:org.apache.zookeeper.Environment.logEnv(Environment.java:100)
Client environment:zookeeper.version=3.4.7-1713338, built on 11/09/2015 04:32 GMT


[INFO ] 2017-10-20 21:39:27,811 method:org.apache.zookeeper.Environment.logEnv(Environment.java:100)
Client environment:host.name=192.168.120.1


[INFO ] 2017-10-20 21:39:27,812 method:org.apache.zookeeper.Environment.logEnv(Environment.java:100)
Client environment:java.version=1.7.0_80


[INFO ] 2017-10-20 21:39:27,812 method:org.apache.zookeeper.Environment.logEnv(Environment.java:100)
Client environment:java.vendor=Oracle Corporation


[INFO ] 2017-10-20 21:39:27,812 method:org.apache.zookeeper.Environment.logEnv(Environment.java:100)
Client environment:java.home=D:\Java\jdk1.7.0_80\jre


[INFO ] 2017-10-20 21:39:27,812 method:org.apache.zookeeper.Environment.logEnv(Environment.java:100)
Client environment:java.class.path=E:\JAVA\Project\taotao-origin\maven\apache-maven-3.3.9\boot\plexus-classworlds-2.5.2.jar;D:\JetBrains\IntelliJ IDEA 2016.3.1\lib\idea_rt.jar


[INFO ] 2017-10-20 21:39:27,813 method:org.apache.zookeeper.Environment.logEnv(Environment.java:100)
Client environment:java.library.path=D:\Java\jdk1.7.0_80\bin;C:\Windows\Sun\Java\bin;C:\Windows\system32;C:\Windows;C:\Users\Public\PTGo\Program\;C:\Users\Public\Fog\Program\;C:\Program Files\Java\jdk1.8.0_112\bin;D:\MySQL\MySQL Server 5.5\bin;.;D:\maven\apache-maven-3.5.0\bin;D:\Git\cmd;C:\Windows\system32;C:\Windows;C:\Windows\System32\Wbem;C:\Windows\System32\WindowsPowerShell\v1.0\;C:\Program Files (x86)\AMD\ATI.ACE\Core-Static;C:\Program Files (x86)\Windows Kits\8.1\Windows Performance Toolkit\;C:\Program Files\Microsoft SQL Server\110\Tools\Binn\;D:\ImageMagick-7.0.4-Q16;C:\Program Files\ImageMagick-7.0.4-Q16;C:\Program Files\nodejs\;D:\OpenCV\opencv-2.4.9\build\x86\vc12\bin;C:\Users\Administrator\AppData\Roaming\npm;.


[INFO ] 2017-10-20 21:39:27,813 method:org.apache.zookeeper.Environment.logEnv(Environment.java:100)
Client environment:java.io.tmpdir=C:\Users\ADMINI~1\AppData\Local\Temp\


[INFO ] 2017-10-20 21:39:27,813 method:org.apache.zookeeper.Environment.logEnv(Environment.java:100)
Client environment:java.compiler=<NA>


[INFO ] 2017-10-20 21:39:27,813 method:org.apache.zookeeper.Environment.logEnv(Environment.java:100)
Client environment:os.name=Windows 7


[INFO ] 2017-10-20 21:39:27,813 method:org.apache.zookeeper.Environment.logEnv(Environment.java:100)
Client environment:os.arch=amd64


[INFO ] 2017-10-20 21:39:27,814 method:org.apache.zookeeper.Environment.logEnv(Environment.java:100)
Client environment:os.version=6.1


[INFO ] 2017-10-20 21:39:27,814 method:org.apache.zookeeper.Environment.logEnv(Environment.java:100)
Client environment:user.name=Eshaon


[INFO ] 2017-10-20 21:39:27,814 method:org.apache.zookeeper.Environment.logEnv(Environment.java:100)
Client environment:user.home=C:\Users\Administrator


[INFO ] 2017-10-20 21:39:27,814 method:org.apache.zookeeper.Environment.logEnv(Environment.java:100)
Client environment:user.dir=E:\JAVA\Project\taotao\taotao-content


[INFO ] 2017-10-20 21:39:27,815 method:org.apache.zookeeper.ZooKeeper.<init>(ZooKeeper.java:438)
Initiating client connection, connectString=192.168.200.129:2181 sessionTimeout=30000 watcher=org.I0Itec.zkclient.ZkClient@272eb973


[INFO ] 2017-10-20 21:39:27,846 method:org.apache.zookeeper.ClientCnxn$SendThread.logStartConnect(ClientCnxn.java:1032)
Opening socket connection to server 192.168.200.129/192.168.200.129:2181. Will not attempt to authenticate using SASL (unknown error)


[INFO ] 2017-10-20 21:39:27,847 method:org.apache.zookeeper.ClientCnxn$SendThread.primeConnection(ClientCnxn.java:876)
Socket connection established to 192.168.200.129/192.168.200.129:2181, initiating session


[INFO ] 2017-10-20 21:39:28,218 method:org.apache.zookeeper.ClientCnxn$SendThread.onConnected(ClientCnxn.java:1299)
Session establishment complete on server 192.168.200.129/192.168.200.129:2181, sessionid = 0x15f32750bb30033, negotiated timeout = 30000


[INFO ] 2017-10-20 21:39:28,220 method:org.I0Itec.zkclient.ZkClient.processStateChanged(ZkClient.java:449)
zookeeper state changed (SyncConnected)


[INFO ] 2017-10-20 21:39:28,222 method:com.alibaba.dubbo.registry.support.AbstractRegistry.register(AbstractRegistry.java:302)
 [DUBBO] Register: dubbo://192.168.120.1:20881/com.taotao.content.service.ContentCategoryService?anyhost=true&application=taotao-content&dubbo=2.5.3&interface=com.taotao.content.service.ContentCategoryService&methods=addContentCategory,getContentCategoryList&pid=49408&side=provider&timeout=300000&timestamp=1508506766079, dubbo version: 2.5.3, current host: 127.0.0.1


[INFO ] 2017-10-20 21:39:28,283 method:com.alibaba.dubbo.registry.support.AbstractRegistry.subscribe(AbstractRegistry.java:325)
 [DUBBO] Subscribe: provider://192.168.120.1:20881/com.taotao.content.service.ContentCategoryService?anyhost=true&application=taotao-content&category=configurators&check=false&dubbo=2.5.3&interface=com.taotao.content.service.ContentCategoryService&methods=addContentCategory,getContentCategoryList&pid=49408&side=provider&timeout=300000&timestamp=1508506766079, dubbo version: 2.5.3, current host: 127.0.0.1


[INFO ] 2017-10-20 21:39:28,820 method:com.alibaba.dubbo.registry.support.AbstractRegistry.notify(AbstractRegistry.java:422)
 [DUBBO] Notify urls for subscribe url provider://192.168.120.1:20881/com.taotao.content.service.ContentCategoryService?anyhost=true&application=taotao-content&category=configurators&check=false&dubbo=2.5.3&interface=com.taotao.content.service.ContentCategoryService&methods=addContentCategory,getContentCategoryList&pid=49408&side=provider&timeout=300000&timestamp=1508506766079, urls: [empty://192.168.120.1:20881/com.taotao.content.service.ContentCategoryService?anyhost=true&application=taotao-content&category=configurators&check=false&dubbo=2.5.3&interface=com.taotao.content.service.ContentCategoryService&methods=addContentCategory,getContentCategoryList&pid=49408&side=provider&timeout=300000&timestamp=1508506766079], dubbo version: 2.5.3, current host: 127.0.0.1


[INFO ] 2017-10-20 21:39:28,867 method:org.springframework.web.context.ContextLoader.initWebApplicationContext(ContextLoader.java:347)
Root WebApplicationContext: initialization completed in 7435 ms


[INFO ] 2017-10-20 22:11:06,809 method:org.springframework.web.context.ContextLoader.initWebApplicationContext(ContextLoader.java:307)
Root WebApplicationContext: initialization started


[INFO ] 2017-10-20 22:11:08,445 method:org.springframework.context.support.AbstractApplicationContext.prepareRefresh(AbstractApplicationContext.java:578)
Refreshing Root WebApplicationContext: startup date [Fri Oct 20 22:11:08 CST 2017]; root of context hierarchy


[INFO ] 2017-10-20 22:11:08,683 method:org.springframework.beans.factory.xml.XmlBeanDefinitionReader.loadBeanDefinitions(XmlBeanDefinitionReader.java:317)
Loading XML bean definitions from file [E:\JAVA\Project\taotao\taotao-content\taotao-content-service\target\classes\spring\applicationContext-dao.xml]


[INFO ] 2017-10-20 22:11:17,893 method:org.springframework.beans.factory.xml.XmlBeanDefinitionReader.loadBeanDefinitions(XmlBeanDefinitionReader.java:317)
Loading XML bean definitions from file [E:\JAVA\Project\taotao\taotao-content\taotao-content-service\target\classes\spring\applicationContext-service.xml]


[INFO ] 2017-10-20 22:11:18,952 method:
using logger: com.alibaba.dubbo.common.logger.log4j.Log4jLoggerAdapter


[INFO ] 2017-10-20 22:11:19,000 method:org.springframework.beans.factory.xml.XmlBeanDefinitionReader.loadBeanDefinitions(XmlBeanDefinitionReader.java:317)
Loading XML bean definitions from file [E:\JAVA\Project\taotao\taotao-content\taotao-content-service\target\classes\spring\applicationContext-trans.xml]


[INFO ] 2017-10-20 22:11:19,800 method:org.springframework.core.io.support.PropertiesLoaderSupport.loadProperties(PropertiesLoaderSupport.java:172)
Loading properties file from class path resource [properties/db.properties]


[INFO ] 2017-10-20 22:11:20,160 method:org.springframework.beans.factory.annotation.AutowiredAnnotationBeanPostProcessor.<init>(AutowiredAnnotationBeanPostProcessor.java:153)
JSR-330 'javax.inject.Inject' annotation found and supported for autowiring


[INFO ] 2017-10-20 22:11:26,195 method:com.alibaba.dubbo.config.spring.ServiceBean.onApplicationEvent(ServiceBean.java:107)
 [DUBBO] The service ready on spring started. service: com.taotao.content.service.ContentCategoryService, dubbo version: 2.5.3, current host: 127.0.0.1


[INFO ] 2017-10-20 22:11:26,875 method:com.alibaba.dubbo.config.ServiceConfig.exportLocal(ServiceConfig.java:510)
 [DUBBO] Export dubbo service com.taotao.content.service.ContentCategoryService to local registry, dubbo version: 2.5.3, current host: 127.0.0.1


[INFO ] 2017-10-20 22:11:26,875 method:com.alibaba.dubbo.config.ServiceConfig.doExportUrlsFor1Protocol(ServiceConfig.java:470)
 [DUBBO] Export dubbo service com.taotao.content.service.ContentCategoryService to url dubbo://192.168.120.1:20881/com.taotao.content.service.ContentCategoryService?anyhost=true&application=taotao-content&dubbo=2.5.3&interface=com.taotao.content.service.ContentCategoryService&methods=addContentCategory,getContentCategoryList&pid=61656&side=provider&timeout=300000&timestamp=1508508686652, dubbo version: 2.5.3, current host: 127.0.0.1


[INFO ] 2017-10-20 22:11:26,875 method:com.alibaba.dubbo.config.ServiceConfig.doExportUrlsFor1Protocol(ServiceConfig.java:481)
 [DUBBO] Register dubbo service com.taotao.content.service.ContentCategoryService url dubbo://192.168.120.1:20881/com.taotao.content.service.ContentCategoryService?anyhost=true&application=taotao-content&dubbo=2.5.3&interface=com.taotao.content.service.ContentCategoryService&methods=addContentCategory,getContentCategoryList&pid=61656&side=provider&timeout=300000&timestamp=1508508686652 to registry registry://192.168.200.129:2181/com.alibaba.dubbo.registry.RegistryService?application=taotao-content&dubbo=2.5.3&pid=61656&registry=zookeeper&timestamp=1508508686209, dubbo version: 2.5.3, current host: 127.0.0.1


[INFO ] 2017-10-20 22:11:27,875 method:com.alibaba.dubbo.remoting.transport.AbstractServer.<init>(AbstractServer.java:69)
 [DUBBO] Start NettyServer bind /0.0.0.0:20881, export /192.168.120.1:20881, dubbo version: 2.5.3, current host: 127.0.0.1


[INFO ] 2017-10-20 22:11:27,941 method:com.alibaba.dubbo.registry.support.AbstractRegistry.loadProperties(AbstractRegistry.java:232)
 [DUBBO] Load registry store file C:\Users\Administrator\.dubbo\dubbo-registry-192.168.200.129.cache, data: {com.taotao.content.service.ContentCategoryService=empty://192.168.120.1/com.taotao.content.service.ContentCategoryService?application=taotao-manager-web&category=providers&dubbo=2.5.3&interface=com.taotao.content.service.ContentCategoryService&methods=addContentCategory,getContentCategoryList&pid=33796&revision=0.0.1-SNAPSHOT&side=consumer&timestamp=1508505951683 empty://192.168.120.1/com.taotao.content.service.ContentCategoryService?application=taotao-manager-web&category=configurators&dubbo=2.5.3&interface=com.taotao.content.service.ContentCategoryService&methods=addContentCategory,getContentCategoryList&pid=33796&revision=0.0.1-SNAPSHOT&side=consumer&timestamp=1508505951683 empty://192.168.120.1/com.taotao.content.service.ContentCategoryService?application=taotao-manager-web&category=routers&dubbo=2.5.3&interface=com.taotao.content.service.ContentCategoryService&methods=addContentCategory,getContentCategoryList&pid=33796&revision=0.0.1-SNAPSHOT&side=consumer&timestamp=1508505951683, com.taotao.service.ItemService=dubbo://192.168.120.1:20880/com.taotao.service.ItemService?anyhost=true&application=taotao-manager&dubbo=2.5.3&interface=com.taotao.service.ItemService&methods=getItemList,addItem,getItemById&pid=58480&side=provider&timeout=300000&timestamp=1508505651966 empty://192.168.120.1/com.taotao.service.ItemService?application=taotao-manager-web&category=configurators&dubbo=2.5.3&interface=com.taotao.service.ItemService&methods=getItemList,addItem,getItemById&pid=33796&revision=0.0.1-SNAPSHOT&side=consumer&timestamp=1508505956027 empty://192.168.120.1/com.taotao.service.ItemService?application=taotao-manager-web&category=routers&dubbo=2.5.3&interface=com.taotao.service.ItemService&methods=getItemList,addItem,getItemById&pid=33796&revision=0.0.1-SNAPSHOT&side=consumer&timestamp=1508505956027}, dubbo version: 2.5.3, current host: 127.0.0.1


[INFO ] 2017-10-20 22:11:27,974 method:org.I0Itec.zkclient.ZkEventThread.run(ZkEventThread.java:64)
Starting ZkClient event thread.


[INFO ] 2017-10-20 22:11:29,138 method:org.apache.zookeeper.Environment.logEnv(Environment.java:100)
Client environment:zookeeper.version=3.4.7-1713338, built on 11/09/2015 04:32 GMT


[INFO ] 2017-10-20 22:11:29,140 method:org.apache.zookeeper.Environment.logEnv(Environment.java:100)
Client environment:host.name=192.168.120.1


[INFO ] 2017-10-20 22:11:29,141 method:org.apache.zookeeper.Environment.logEnv(Environment.java:100)
Client environment:java.version=1.7.0_80


[INFO ] 2017-10-20 22:11:29,141 method:org.apache.zookeeper.Environment.logEnv(Environment.java:100)
Client environment:java.vendor=Oracle Corporation


[INFO ] 2017-10-20 22:11:29,141 method:org.apache.zookeeper.Environment.logEnv(Environment.java:100)
Client environment:java.home=D:\Java\jdk1.7.0_80\jre


[INFO ] 2017-10-20 22:11:29,141 method:org.apache.zookeeper.Environment.logEnv(Environment.java:100)
Client environment:java.class.path=E:\JAVA\Project\taotao-origin\maven\apache-maven-3.3.9\boot\plexus-classworlds-2.5.2.jar;D:\JetBrains\IntelliJ IDEA 2016.3.1\lib\idea_rt.jar


[INFO ] 2017-10-20 22:11:29,141 method:org.apache.zookeeper.Environment.logEnv(Environment.java:100)
Client environment:java.library.path=D:\Java\jdk1.7.0_80\bin;C:\Windows\Sun\Java\bin;C:\Windows\system32;C:\Windows;C:\Users\Public\PTGo\Program\;C:\Users\Public\Fog\Program\;C:\Program Files\Java\jdk1.8.0_112\bin;D:\MySQL\MySQL Server 5.5\bin;.;D:\maven\apache-maven-3.5.0\bin;D:\Git\cmd;C:\Windows\system32;C:\Windows;C:\Windows\System32\Wbem;C:\Windows\System32\WindowsPowerShell\v1.0\;C:\Program Files (x86)\AMD\ATI.ACE\Core-Static;C:\Program Files (x86)\Windows Kits\8.1\Windows Performance Toolkit\;C:\Program Files\Microsoft SQL Server\110\Tools\Binn\;D:\ImageMagick-7.0.4-Q16;C:\Program Files\ImageMagick-7.0.4-Q16;C:\Program Files\nodejs\;D:\OpenCV\opencv-2.4.9\build\x86\vc12\bin;C:\Users\Administrator\AppData\Roaming\npm;.


[INFO ] 2017-10-20 22:11:29,142 method:org.apache.zookeeper.Environment.logEnv(Environment.java:100)
Client environment:java.io.tmpdir=C:\Users\ADMINI~1\AppData\Local\Temp\


[INFO ] 2017-10-20 22:11:29,142 method:org.apache.zookeeper.Environment.logEnv(Environment.java:100)
Client environment:java.compiler=<NA>


[INFO ] 2017-10-20 22:11:29,142 method:org.apache.zookeeper.Environment.logEnv(Environment.java:100)
Client environment:os.name=Windows 7


[INFO ] 2017-10-20 22:11:29,142 method:org.apache.zookeeper.Environment.logEnv(Environment.java:100)
Client environment:os.arch=amd64


[INFO ] 2017-10-20 22:11:29,142 method:org.apache.zookeeper.Environment.logEnv(Environment.java:100)
Client environment:os.version=6.1


[INFO ] 2017-10-20 22:11:29,143 method:org.apache.zookeeper.Environment.logEnv(Environment.java:100)
Client environment:user.name=Eshaon


[INFO ] 2017-10-20 22:11:29,143 method:org.apache.zookeeper.Environment.logEnv(Environment.java:100)
Client environment:user.home=C:\Users\Administrator


[INFO ] 2017-10-20 22:11:29,143 method:org.apache.zookeeper.Environment.logEnv(Environment.java:100)
Client environment:user.dir=E:\JAVA\Project\taotao\taotao-content


[INFO ] 2017-10-20 22:11:29,144 method:org.apache.zookeeper.ZooKeeper.<init>(ZooKeeper.java:438)
Initiating client connection, connectString=192.168.200.129:2181 sessionTimeout=30000 watcher=org.I0Itec.zkclient.ZkClient@2d1784b1


[INFO ] 2017-10-20 22:11:29,291 method:org.apache.zookeeper.ClientCnxn$SendThread.logStartConnect(ClientCnxn.java:1032)
Opening socket connection to server 192.168.200.129/192.168.200.129:2181. Will not attempt to authenticate using SASL (unknown error)


[INFO ] 2017-10-20 22:11:29,293 method:org.apache.zookeeper.ClientCnxn$SendThread.primeConnection(ClientCnxn.java:876)
Socket connection established to 192.168.200.129/192.168.200.129:2181, initiating session


[INFO ] 2017-10-20 22:11:29,506 method:org.apache.zookeeper.ClientCnxn$SendThread.onConnected(ClientCnxn.java:1299)
Session establishment complete on server 192.168.200.129/192.168.200.129:2181, sessionid = 0x15f32750bb30034, negotiated timeout = 30000


[INFO ] 2017-10-20 22:11:29,509 method:org.I0Itec.zkclient.ZkClient.processStateChanged(ZkClient.java:449)
zookeeper state changed (SyncConnected)


[INFO ] 2017-10-20 22:11:29,511 method:com.alibaba.dubbo.registry.support.AbstractRegistry.register(AbstractRegistry.java:302)
 [DUBBO] Register: dubbo://192.168.120.1:20881/com.taotao.content.service.ContentCategoryService?anyhost=true&application=taotao-content&dubbo=2.5.3&interface=com.taotao.content.service.ContentCategoryService&methods=addContentCategory,getContentCategoryList&pid=61656&side=provider&timeout=300000&timestamp=1508508686652, dubbo version: 2.5.3, current host: 127.0.0.1


[INFO ] 2017-10-20 22:11:29,632 method:com.alibaba.dubbo.registry.support.AbstractRegistry.subscribe(AbstractRegistry.java:325)
 [DUBBO] Subscribe: provider://192.168.120.1:20881/com.taotao.content.service.ContentCategoryService?anyhost=true&application=taotao-content&category=configurators&check=false&dubbo=2.5.3&interface=com.taotao.content.service.ContentCategoryService&methods=addContentCategory,getContentCategoryList&pid=61656&side=provider&timeout=300000&timestamp=1508508686652, dubbo version: 2.5.3, current host: 127.0.0.1


[INFO ] 2017-10-20 22:11:29,994 method:com.alibaba.dubbo.registry.support.AbstractRegistry.notify(AbstractRegistry.java:422)
 [DUBBO] Notify urls for subscribe url provider://192.168.120.1:20881/com.taotao.content.service.ContentCategoryService?anyhost=true&application=taotao-content&category=configurators&check=false&dubbo=2.5.3&interface=com.taotao.content.service.ContentCategoryService&methods=addContentCategory,getContentCategoryList&pid=61656&side=provider&timeout=300000&timestamp=1508508686652, urls: [empty://192.168.120.1:20881/com.taotao.content.service.ContentCategoryService?anyhost=true&application=taotao-content&category=configurators&check=false&dubbo=2.5.3&interface=com.taotao.content.service.ContentCategoryService&methods=addContentCategory,getContentCategoryList&pid=61656&side=provider&timeout=300000&timestamp=1508508686652], dubbo version: 2.5.3, current host: 127.0.0.1


[INFO ] 2017-10-20 22:11:30,123 method:org.springframework.web.context.ContextLoader.initWebApplicationContext(ContextLoader.java:347)
Root WebApplicationContext: initialization completed in 22001 ms


[INFO ] 2017-10-20 22:13:25,344 method:org.springframework.web.context.ContextLoader.initWebApplicationContext(ContextLoader.java:307)
Root WebApplicationContext: initialization started


[INFO ] 2017-10-20 22:13:25,678 method:org.springframework.context.support.AbstractApplicationContext.prepareRefresh(AbstractApplicationContext.java:578)
Refreshing Root WebApplicationContext: startup date [Fri Oct 20 22:13:25 CST 2017]; root of context hierarchy


[INFO ] 2017-10-20 22:13:25,776 method:org.springframework.beans.factory.xml.XmlBeanDefinitionReader.loadBeanDefinitions(XmlBeanDefinitionReader.java:317)
Loading XML bean definitions from file [E:\JAVA\Project\taotao\taotao-content\taotao-content-service\target\classes\spring\applicationContext-dao.xml]


[INFO ] 2017-10-20 22:13:26,219 method:org.springframework.beans.factory.xml.XmlBeanDefinitionReader.loadBeanDefinitions(XmlBeanDefinitionReader.java:317)
Loading XML bean definitions from file [E:\JAVA\Project\taotao\taotao-content\taotao-content-service\target\classes\spring\applicationContext-service.xml]


[INFO ] 2017-10-20 22:13:26,521 method:
using logger: com.alibaba.dubbo.common.logger.log4j.Log4jLoggerAdapter


[INFO ] 2017-10-20 22:13:26,569 method:org.springframework.beans.factory.xml.XmlBeanDefinitionReader.loadBeanDefinitions(XmlBeanDefinitionReader.java:317)
Loading XML bean definitions from file [E:\JAVA\Project\taotao\taotao-content\taotao-content-service\target\classes\spring\applicationContext-trans.xml]


[INFO ] 2017-10-20 22:13:27,098 method:org.springframework.core.io.support.PropertiesLoaderSupport.loadProperties(PropertiesLoaderSupport.java:172)
Loading properties file from class path resource [properties/db.properties]


[INFO ] 2017-10-20 22:13:27,119 method:org.springframework.beans.factory.annotation.AutowiredAnnotationBeanPostProcessor.<init>(AutowiredAnnotationBeanPostProcessor.java:153)
JSR-330 'javax.inject.Inject' annotation found and supported for autowiring


[INFO ] 2017-10-20 22:13:30,313 method:com.alibaba.dubbo.config.spring.ServiceBean.onApplicationEvent(ServiceBean.java:107)
 [DUBBO] The service ready on spring started. service: com.taotao.content.service.ContentCategoryService, dubbo version: 2.5.3, current host: 127.0.0.1


[INFO ] 2017-10-20 22:13:30,713 method:com.alibaba.dubbo.config.ServiceConfig.exportLocal(ServiceConfig.java:510)
 [DUBBO] Export dubbo service com.taotao.content.service.ContentCategoryService to local registry, dubbo version: 2.5.3, current host: 127.0.0.1


[INFO ] 2017-10-20 22:13:30,713 method:com.alibaba.dubbo.config.ServiceConfig.doExportUrlsFor1Protocol(ServiceConfig.java:470)
 [DUBBO] Export dubbo service com.taotao.content.service.ContentCategoryService to url dubbo://192.168.120.1:20881/com.taotao.content.service.ContentCategoryService?anyhost=true&application=taotao-content&dubbo=2.5.3&interface=com.taotao.content.service.ContentCategoryService&methods=addContentCategory,getContentCategoryList&pid=31256&side=provider&timeout=300000&timestamp=1508508810544, dubbo version: 2.5.3, current host: 127.0.0.1


[INFO ] 2017-10-20 22:13:30,713 method:com.alibaba.dubbo.config.ServiceConfig.doExportUrlsFor1Protocol(ServiceConfig.java:481)
 [DUBBO] Register dubbo service com.taotao.content.service.ContentCategoryService url dubbo://192.168.120.1:20881/com.taotao.content.service.ContentCategoryService?anyhost=true&application=taotao-content&dubbo=2.5.3&interface=com.taotao.content.service.ContentCategoryService&methods=addContentCategory,getContentCategoryList&pid=31256&side=provider&timeout=300000&timestamp=1508508810544 to registry registry://192.168.200.129:2181/com.alibaba.dubbo.registry.RegistryService?application=taotao-content&dubbo=2.5.3&pid=31256&registry=zookeeper&timestamp=1508508810332, dubbo version: 2.5.3, current host: 127.0.0.1


[INFO ] 2017-10-20 22:13:31,167 method:com.alibaba.dubbo.remoting.transport.AbstractServer.<init>(AbstractServer.java:69)
 [DUBBO] Start NettyServer bind /0.0.0.0:20881, export /192.168.120.1:20881, dubbo version: 2.5.3, current host: 127.0.0.1


[INFO ] 2017-10-20 22:13:31,234 method:com.alibaba.dubbo.registry.support.AbstractRegistry.loadProperties(AbstractRegistry.java:232)
 [DUBBO] Load registry store file C:\Users\Administrator\.dubbo\dubbo-registry-192.168.200.129.cache, data: {com.taotao.content.service.ContentCategoryService=empty://192.168.120.1/com.taotao.content.service.ContentCategoryService?application=taotao-manager-web&category=providers&dubbo=2.5.3&interface=com.taotao.content.service.ContentCategoryService&methods=addContentCategory,getContentCategoryList&pid=33796&revision=0.0.1-SNAPSHOT&side=consumer&timestamp=1508505951683 empty://192.168.120.1/com.taotao.content.service.ContentCategoryService?application=taotao-manager-web&category=configurators&dubbo=2.5.3&interface=com.taotao.content.service.ContentCategoryService&methods=addContentCategory,getContentCategoryList&pid=33796&revision=0.0.1-SNAPSHOT&side=consumer&timestamp=1508505951683 empty://192.168.120.1/com.taotao.content.service.ContentCategoryService?application=taotao-manager-web&category=routers&dubbo=2.5.3&interface=com.taotao.content.service.ContentCategoryService&methods=addContentCategory,getContentCategoryList&pid=33796&revision=0.0.1-SNAPSHOT&side=consumer&timestamp=1508505951683, com.taotao.service.ItemService=dubbo://192.168.120.1:20880/com.taotao.service.ItemService?anyhost=true&application=taotao-manager&dubbo=2.5.3&interface=com.taotao.service.ItemService&methods=getItemList,addItem,getItemById&pid=58480&side=provider&timeout=300000&timestamp=1508505651966 empty://192.168.120.1/com.taotao.service.ItemService?application=taotao-manager-web&category=configurators&dubbo=2.5.3&interface=com.taotao.service.ItemService&methods=getItemList,addItem,getItemById&pid=33796&revision=0.0.1-SNAPSHOT&side=consumer&timestamp=1508505956027 empty://192.168.120.1/com.taotao.service.ItemService?application=taotao-manager-web&category=routers&dubbo=2.5.3&interface=com.taotao.service.ItemService&methods=getItemList,addItem,getItemById&pid=33796&revision=0.0.1-SNAPSHOT&side=consumer&timestamp=1508505956027}, dubbo version: 2.5.3, current host: 127.0.0.1


[INFO ] 2017-10-20 22:13:31,268 method:org.I0Itec.zkclient.ZkEventThread.run(ZkEventThread.java:64)
Starting ZkClient event thread.


[INFO ] 2017-10-20 22:13:31,352 method:org.apache.zookeeper.Environment.logEnv(Environment.java:100)
Client environment:zookeeper.version=3.4.7-1713338, built on 11/09/2015 04:32 GMT


[INFO ] 2017-10-20 22:13:31,353 method:org.apache.zookeeper.Environment.logEnv(Environment.java:100)
Client environment:host.name=192.168.120.1


[INFO ] 2017-10-20 22:13:31,353 method:org.apache.zookeeper.Environment.logEnv(Environment.java:100)
Client environment:java.version=1.7.0_80


[INFO ] 2017-10-20 22:13:31,354 method:org.apache.zookeeper.Environment.logEnv(Environment.java:100)
Client environment:java.vendor=Oracle Corporation


[INFO ] 2017-10-20 22:13:31,354 method:org.apache.zookeeper.Environment.logEnv(Environment.java:100)
Client environment:java.home=D:\Java\jdk1.7.0_80\jre


[INFO ] 2017-10-20 22:13:31,354 method:org.apache.zookeeper.Environment.logEnv(Environment.java:100)
Client environment:java.class.path=E:\JAVA\Project\taotao-origin\maven\apache-maven-3.3.9\boot\plexus-classworlds-2.5.2.jar;D:\JetBrains\IntelliJ IDEA 2016.3.1\lib\idea_rt.jar


[INFO ] 2017-10-20 22:13:31,354 method:org.apache.zookeeper.Environment.logEnv(Environment.java:100)
Client environment:java.library.path=D:\Java\jdk1.7.0_80\bin;C:\Windows\Sun\Java\bin;C:\Windows\system32;C:\Windows;C:\Users\Public\PTGo\Program\;C:\Users\Public\Fog\Program\;C:\Program Files\Java\jdk1.8.0_112\bin;D:\MySQL\MySQL Server 5.5\bin;.;D:\maven\apache-maven-3.5.0\bin;D:\Git\cmd;C:\Windows\system32;C:\Windows;C:\Windows\System32\Wbem;C:\Windows\System32\WindowsPowerShell\v1.0\;C:\Program Files (x86)\AMD\ATI.ACE\Core-Static;C:\Program Files (x86)\Windows Kits\8.1\Windows Performance Toolkit\;C:\Program Files\Microsoft SQL Server\110\Tools\Binn\;D:\ImageMagick-7.0.4-Q16;C:\Program Files\ImageMagick-7.0.4-Q16;C:\Program Files\nodejs\;D:\OpenCV\opencv-2.4.9\build\x86\vc12\bin;C:\Users\Administrator\AppData\Roaming\npm;.


[INFO ] 2017-10-20 22:13:31,355 method:org.apache.zookeeper.Environment.logEnv(Environment.java:100)
Client environment:java.io.tmpdir=C:\Users\ADMINI~1\AppData\Local\Temp\


[INFO ] 2017-10-20 22:13:31,355 method:org.apache.zookeeper.Environment.logEnv(Environment.java:100)
Client environment:java.compiler=<NA>


[INFO ] 2017-10-20 22:13:31,355 method:org.apache.zookeeper.Environment.logEnv(Environment.java:100)
Client environment:os.name=Windows 7


[INFO ] 2017-10-20 22:13:31,355 method:org.apache.zookeeper.Environment.logEnv(Environment.java:100)
Client environment:os.arch=amd64


[INFO ] 2017-10-20 22:13:31,355 method:org.apache.zookeeper.Environment.logEnv(Environment.java:100)
Client environment:os.version=6.1


[INFO ] 2017-10-20 22:13:31,355 method:org.apache.zookeeper.Environment.logEnv(Environment.java:100)
Client environment:user.name=Eshaon


[INFO ] 2017-10-20 22:13:31,356 method:org.apache.zookeeper.Environment.logEnv(Environment.java:100)
Client environment:user.home=C:\Users\Administrator


[INFO ] 2017-10-20 22:13:31,356 method:org.apache.zookeeper.Environment.logEnv(Environment.java:100)
Client environment:user.dir=E:\JAVA\Project\taotao\taotao-content


[INFO ] 2017-10-20 22:13:31,357 method:org.apache.zookeeper.ZooKeeper.<init>(ZooKeeper.java:438)
Initiating client connection, connectString=192.168.200.129:2181 sessionTimeout=30000 watcher=org.I0Itec.zkclient.ZkClient@2105b6d4


[INFO ] 2017-10-20 22:13:31,519 method:org.apache.zookeeper.ClientCnxn$SendThread.logStartConnect(ClientCnxn.java:1032)
Opening socket connection to server 192.168.200.129/192.168.200.129:2181. Will not attempt to authenticate using SASL (unknown error)


[INFO ] 2017-10-20 22:13:31,521 method:org.apache.zookeeper.ClientCnxn$SendThread.primeConnection(ClientCnxn.java:876)
Socket connection established to 192.168.200.129/192.168.200.129:2181, initiating session


[INFO ] 2017-10-20 22:13:31,680 method:org.apache.zookeeper.ClientCnxn$SendThread.onConnected(ClientCnxn.java:1299)
Session establishment complete on server 192.168.200.129/192.168.200.129:2181, sessionid = 0x15f32750bb30035, negotiated timeout = 30000


[INFO ] 2017-10-20 22:13:31,682 method:org.I0Itec.zkclient.ZkClient.processStateChanged(ZkClient.java:449)
zookeeper state changed (SyncConnected)


[INFO ] 2017-10-20 22:13:31,685 method:com.alibaba.dubbo.registry.support.AbstractRegistry.register(AbstractRegistry.java:302)
 [DUBBO] Register: dubbo://192.168.120.1:20881/com.taotao.content.service.ContentCategoryService?anyhost=true&application=taotao-content&dubbo=2.5.3&interface=com.taotao.content.service.ContentCategoryService&methods=addContentCategory,getContentCategoryList&pid=31256&side=provider&timeout=300000&timestamp=1508508810544, dubbo version: 2.5.3, current host: 127.0.0.1


[INFO ] 2017-10-20 22:13:31,808 method:com.alibaba.dubbo.registry.support.AbstractRegistry.subscribe(AbstractRegistry.java:325)
 [DUBBO] Subscribe: provider://192.168.120.1:20881/com.taotao.content.service.ContentCategoryService?anyhost=true&application=taotao-content&category=configurators&check=false&dubbo=2.5.3&interface=com.taotao.content.service.ContentCategoryService&methods=addContentCategory,getContentCategoryList&pid=31256&side=provider&timeout=300000&timestamp=1508508810544, dubbo version: 2.5.3, current host: 127.0.0.1


[INFO ] 2017-10-20 22:13:31,830 method:com.alibaba.dubbo.registry.support.AbstractRegistry.notify(AbstractRegistry.java:422)
 [DUBBO] Notify urls for subscribe url provider://192.168.120.1:20881/com.taotao.content.service.ContentCategoryService?anyhost=true&application=taotao-content&category=configurators&check=false&dubbo=2.5.3&interface=com.taotao.content.service.ContentCategoryService&methods=addContentCategory,getContentCategoryList&pid=31256&side=provider&timeout=300000&timestamp=1508508810544, urls: [empty://192.168.120.1:20881/com.taotao.content.service.ContentCategoryService?anyhost=true&application=taotao-content&category=configurators&check=false&dubbo=2.5.3&interface=com.taotao.content.service.ContentCategoryService&methods=addContentCategory,getContentCategoryList&pid=31256&side=provider&timeout=300000&timestamp=1508508810544], dubbo version: 2.5.3, current host: 127.0.0.1


[INFO ] 2017-10-20 22:13:32,005 method:org.springframework.web.context.ContextLoader.initWebApplicationContext(ContextLoader.java:347)
Root WebApplicationContext: initialization completed in 6612 ms


[INFO ] 2017-10-20 22:14:14,730 method:com.alibaba.druid.pool.DruidDataSource.init(DruidDataSource.java:655)
{dataSource-1} inited


[INFO ] 2017-10-20 23:09:04,750 method:org.springframework.web.context.ContextLoader.initWebApplicationContext(ContextLoader.java:307)
Root WebApplicationContext: initialization started


[INFO ] 2017-10-20 23:09:05,630 method:org.springframework.context.support.AbstractApplicationContext.prepareRefresh(AbstractApplicationContext.java:578)
Refreshing Root WebApplicationContext: startup date [Fri Oct 20 23:09:05 CST 2017]; root of context hierarchy


[INFO ] 2017-10-20 23:09:07,196 method:org.springframework.beans.factory.xml.XmlBeanDefinitionReader.loadBeanDefinitions(XmlBeanDefinitionReader.java:317)
Loading XML bean definitions from file [E:\JAVA\Project\taotao\taotao-content\taotao-content-service\target\classes\spring\applicationContext-dao.xml]


[INFO ] 2017-10-20 23:09:10,368 method:org.springframework.beans.factory.xml.XmlBeanDefinitionReader.loadBeanDefinitions(XmlBeanDefinitionReader.java:317)
Loading XML bean definitions from file [E:\JAVA\Project\taotao\taotao-content\taotao-content-service\target\classes\spring\applicationContext-service.xml]


[INFO ] 2017-10-20 23:09:11,396 method:
using logger: com.alibaba.dubbo.common.logger.log4j.Log4jLoggerAdapter


[INFO ] 2017-10-20 23:09:11,592 method:org.springframework.beans.factory.xml.XmlBeanDefinitionReader.loadBeanDefinitions(XmlBeanDefinitionReader.java:317)
Loading XML bean definitions from file [E:\JAVA\Project\taotao\taotao-content\taotao-content-service\target\classes\spring\applicationContext-trans.xml]


[INFO ] 2017-10-20 23:09:14,153 method:org.springframework.core.io.support.PropertiesLoaderSupport.loadProperties(PropertiesLoaderSupport.java:172)
Loading properties file from class path resource [properties/db.properties]


[INFO ] 2017-10-20 23:09:14,503 method:org.springframework.beans.factory.annotation.AutowiredAnnotationBeanPostProcessor.<init>(AutowiredAnnotationBeanPostProcessor.java:153)
JSR-330 'javax.inject.Inject' annotation found and supported for autowiring


[INFO ] 2017-10-20 23:09:25,436 method:com.alibaba.dubbo.config.spring.ServiceBean.onApplicationEvent(ServiceBean.java:107)
 [DUBBO] The service ready on spring started. service: com.taotao.content.service.ContentCategoryService, dubbo version: 2.5.3, current host: 127.0.0.1


[INFO ] 2017-10-20 23:09:26,047 method:com.alibaba.dubbo.config.ServiceConfig.exportLocal(ServiceConfig.java:510)
 [DUBBO] Export dubbo service com.taotao.content.service.ContentCategoryService to local registry, dubbo version: 2.5.3, current host: 127.0.0.1


[INFO ] 2017-10-20 23:09:26,048 method:com.alibaba.dubbo.config.ServiceConfig.doExportUrlsFor1Protocol(ServiceConfig.java:470)
 [DUBBO] Export dubbo service com.taotao.content.service.ContentCategoryService to url dubbo://192.168.120.1:20881/com.taotao.content.service.ContentCategoryService?anyhost=true&application=taotao-content&dubbo=2.5.3&interface=com.taotao.content.service.ContentCategoryService&methods=addContentCategory,getContentCategoryList&pid=61940&side=provider&timeout=300000&timestamp=1508512165714, dubbo version: 2.5.3, current host: 127.0.0.1


[INFO ] 2017-10-20 23:09:26,048 method:com.alibaba.dubbo.config.ServiceConfig.doExportUrlsFor1Protocol(ServiceConfig.java:481)
 [DUBBO] Register dubbo service com.taotao.content.service.ContentCategoryService url dubbo://192.168.120.1:20881/com.taotao.content.service.ContentCategoryService?anyhost=true&application=taotao-content&dubbo=2.5.3&interface=com.taotao.content.service.ContentCategoryService&methods=addContentCategory,getContentCategoryList&pid=61940&side=provider&timeout=300000&timestamp=1508512165714 to registry registry://192.168.200.129:2181/com.alibaba.dubbo.registry.RegistryService?application=taotao-content&dubbo=2.5.3&pid=61940&registry=zookeeper&timestamp=1508512165478, dubbo version: 2.5.3, current host: 127.0.0.1


[INFO ] 2017-10-20 23:09:30,597 method:com.alibaba.dubbo.remoting.transport.AbstractServer.<init>(AbstractServer.java:69)
 [DUBBO] Start NettyServer bind /0.0.0.0:20881, export /192.168.120.1:20881, dubbo version: 2.5.3, current host: 127.0.0.1


[INFO ] 2017-10-20 23:09:30,680 method:com.alibaba.dubbo.registry.support.AbstractRegistry.loadProperties(AbstractRegistry.java:232)
 [DUBBO] Load registry store file C:\Users\Administrator\.dubbo\dubbo-registry-192.168.200.129.cache, data: {com.taotao.content.service.ContentCategoryService=empty://192.168.120.1/com.taotao.content.service.ContentCategoryService?application=taotao-manager-web&category=providers&dubbo=2.5.3&interface=com.taotao.content.service.ContentCategoryService&methods=addContentCategory,getContentCategoryList&pid=57908&revision=0.0.1-SNAPSHOT&side=consumer&timestamp=1508512160248 empty://192.168.120.1/com.taotao.content.service.ContentCategoryService?application=taotao-manager-web&category=configurators&dubbo=2.5.3&interface=com.taotao.content.service.ContentCategoryService&methods=addContentCategory,getContentCategoryList&pid=57908&revision=0.0.1-SNAPSHOT&side=consumer&timestamp=1508512160248 empty://192.168.120.1/com.taotao.content.service.ContentCategoryService?application=taotao-manager-web&category=routers&dubbo=2.5.3&interface=com.taotao.content.service.ContentCategoryService&methods=addContentCategory,getContentCategoryList&pid=57908&revision=0.0.1-SNAPSHOT&side=consumer&timestamp=1508512160248, com.taotao.service.ItemService=empty://192.168.120.1:20880/com.taotao.service.ItemService?anyhost=true&application=taotao-manager&category=configurators&check=false&dubbo=2.5.3&interface=com.taotao.service.ItemService&methods=getItemList,addItem,getItemById&pid=55940&side=provider&timeout=300000&timestamp=1508511884079}, dubbo version: 2.5.3, current host: 127.0.0.1


[INFO ] 2017-10-20 23:09:30,721 method:org.I0Itec.zkclient.ZkEventThread.run(ZkEventThread.java:64)
Starting ZkClient event thread.


[INFO ] 2017-10-20 23:09:30,811 method:org.apache.zookeeper.Environment.logEnv(Environment.java:100)
Client environment:zookeeper.version=3.4.7-1713338, built on 11/09/2015 04:32 GMT


[INFO ] 2017-10-20 23:09:30,813 method:org.apache.zookeeper.Environment.logEnv(Environment.java:100)
Client environment:host.name=192.168.120.1


[INFO ] 2017-10-20 23:09:30,815 method:org.apache.zookeeper.Environment.logEnv(Environment.java:100)
Client environment:java.version=1.7.0_80


[INFO ] 2017-10-20 23:09:30,816 method:org.apache.zookeeper.Environment.logEnv(Environment.java:100)
Client environment:java.vendor=Oracle Corporation


[INFO ] 2017-10-20 23:09:30,817 method:org.apache.zookeeper.Environment.logEnv(Environment.java:100)
Client environment:java.home=D:\Java\jdk1.7.0_80\jre


[INFO ] 2017-10-20 23:09:30,818 method:org.apache.zookeeper.Environment.logEnv(Environment.java:100)
Client environment:java.class.path=E:\JAVA\Project\taotao-origin\maven\apache-maven-3.3.9\boot\plexus-classworlds-2.5.2.jar;D:\JetBrains\IntelliJ IDEA 2016.3.1\lib\idea_rt.jar


[INFO ] 2017-10-20 23:09:30,818 method:org.apache.zookeeper.Environment.logEnv(Environment.java:100)
Client environment:java.library.path=D:\Java\jdk1.7.0_80\bin;C:\Windows\Sun\Java\bin;C:\Windows\system32;C:\Windows;C:\Users\Public\PTGo\Program\;C:\Users\Public\Fog\Program\;C:\Program Files\Java\jdk1.8.0_112\bin;D:\MySQL\MySQL Server 5.5\bin;.;D:\maven\apache-maven-3.5.0\bin;D:\Git\cmd;C:\Windows\system32;C:\Windows;C:\Windows\System32\Wbem;C:\Windows\System32\WindowsPowerShell\v1.0\;C:\Program Files (x86)\AMD\ATI.ACE\Core-Static;C:\Program Files (x86)\Windows Kits\8.1\Windows Performance Toolkit\;C:\Program Files\Microsoft SQL Server\110\Tools\Binn\;D:\ImageMagick-7.0.4-Q16;C:\Program Files\ImageMagick-7.0.4-Q16;C:\Program Files\nodejs\;D:\OpenCV\opencv-2.4.9\build\x86\vc12\bin;C:\Users\Administrator\AppData\Roaming\npm;.


[INFO ] 2017-10-20 23:09:30,819 method:org.apache.zookeeper.Environment.logEnv(Environment.java:100)
Client environment:java.io.tmpdir=C:\Users\ADMINI~1\AppData\Local\Temp\


[INFO ] 2017-10-20 23:09:30,820 method:org.apache.zookeeper.Environment.logEnv(Environment.java:100)
Client environment:java.compiler=<NA>


[INFO ] 2017-10-20 23:09:30,821 method:org.apache.zookeeper.Environment.logEnv(Environment.java:100)
Client environment:os.name=Windows 7


[INFO ] 2017-10-20 23:09:30,822 method:org.apache.zookeeper.Environment.logEnv(Environment.java:100)
Client environment:os.arch=amd64


[INFO ] 2017-10-20 23:09:30,823 method:org.apache.zookeeper.Environment.logEnv(Environment.java:100)
Client environment:os.version=6.1


[INFO ] 2017-10-20 23:09:30,823 method:org.apache.zookeeper.Environment.logEnv(Environment.java:100)
Client environment:user.name=Eshaon


[INFO ] 2017-10-20 23:09:30,824 method:org.apache.zookeeper.Environment.logEnv(Environment.java:100)
Client environment:user.home=C:\Users\Administrator


[INFO ] 2017-10-20 23:09:30,824 method:org.apache.zookeeper.Environment.logEnv(Environment.java:100)
Client environment:user.dir=E:\JAVA\Project\taotao\taotao-content


[INFO ] 2017-10-20 23:09:30,834 method:org.apache.zookeeper.ZooKeeper.<init>(ZooKeeper.java:438)
Initiating client connection, connectString=192.168.200.129:2181 sessionTimeout=30000 watcher=org.I0Itec.zkclient.ZkClient@7ce38a2a


[INFO ] 2017-10-20 23:09:31,003 method:org.apache.zookeeper.ClientCnxn$SendThread.logStartConnect(ClientCnxn.java:1032)
Opening socket connection to server 192.168.200.129/192.168.200.129:2181. Will not attempt to authenticate using SASL (unknown error)


[INFO ] 2017-10-20 23:09:31,006 method:org.apache.zookeeper.ClientCnxn$SendThread.primeConnection(ClientCnxn.java:876)
Socket connection established to 192.168.200.129/192.168.200.129:2181, initiating session


[INFO ] 2017-10-20 23:09:31,155 method:org.apache.zookeeper.ClientCnxn$SendThread.onConnected(ClientCnxn.java:1299)
Session establishment complete on server 192.168.200.129/192.168.200.129:2181, sessionid = 0x15f32750bb30038, negotiated timeout = 30000


[INFO ] 2017-10-20 23:09:31,160 method:org.I0Itec.zkclient.ZkClient.processStateChanged(ZkClient.java:449)
zookeeper state changed (SyncConnected)


[INFO ] 2017-10-20 23:09:31,166 method:com.alibaba.dubbo.registry.support.AbstractRegistry.register(AbstractRegistry.java:302)
 [DUBBO] Register: dubbo://192.168.120.1:20881/com.taotao.content.service.ContentCategoryService?anyhost=true&application=taotao-content&dubbo=2.5.3&interface=com.taotao.content.service.ContentCategoryService&methods=addContentCategory,getContentCategoryList&pid=61940&side=provider&timeout=300000&timestamp=1508512165714, dubbo version: 2.5.3, current host: 127.0.0.1


[INFO ] 2017-10-20 23:09:31,339 method:com.alibaba.dubbo.registry.support.AbstractRegistry.subscribe(AbstractRegistry.java:325)
 [DUBBO] Subscribe: provider://192.168.120.1:20881/com.taotao.content.service.ContentCategoryService?anyhost=true&application=taotao-content&category=configurators&check=false&dubbo=2.5.3&interface=com.taotao.content.service.ContentCategoryService&methods=addContentCategory,getContentCategoryList&pid=61940&side=provider&timeout=300000&timestamp=1508512165714, dubbo version: 2.5.3, current host: 127.0.0.1


[INFO ] 2017-10-20 23:09:31,524 method:com.alibaba.dubbo.registry.support.AbstractRegistry.notify(AbstractRegistry.java:422)
 [DUBBO] Notify urls for subscribe url provider://192.168.120.1:20881/com.taotao.content.service.ContentCategoryService?anyhost=true&application=taotao-content&category=configurators&check=false&dubbo=2.5.3&interface=com.taotao.content.service.ContentCategoryService&methods=addContentCategory,getContentCategoryList&pid=61940&side=provider&timeout=300000&timestamp=1508512165714, urls: [empty://192.168.120.1:20881/com.taotao.content.service.ContentCategoryService?anyhost=true&application=taotao-content&category=configurators&check=false&dubbo=2.5.3&interface=com.taotao.content.service.ContentCategoryService&methods=addContentCategory,getContentCategoryList&pid=61940&side=provider&timeout=300000&timestamp=1508512165714], dubbo version: 2.5.3, current host: 127.0.0.1


[INFO ] 2017-10-20 23:09:31,613 method:com.alibaba.dubbo.config.spring.ServiceBean.onApplicationEvent(ServiceBean.java:107)
 [DUBBO] The service ready on spring started. service: com.taotao.content.service.ContentService, dubbo version: 2.5.3, current host: 127.0.0.1


[INFO ] 2017-10-20 23:09:31,652 method:com.alibaba.dubbo.config.ServiceConfig.exportLocal(ServiceConfig.java:510)
 [DUBBO] Export dubbo service com.taotao.content.service.ContentService to local registry, dubbo version: 2.5.3, current host: 127.0.0.1


[INFO ] 2017-10-20 23:09:31,653 method:com.alibaba.dubbo.config.ServiceConfig.doExportUrlsFor1Protocol(ServiceConfig.java:470)
 [DUBBO] Export dubbo service com.taotao.content.service.ContentService to url dubbo://192.168.120.1:20881/com.taotao.content.service.ContentService?anyhost=true&application=taotao-content&dubbo=2.5.3&interface=com.taotao.content.service.ContentService&methods=addContent&pid=61940&side=provider&timeout=300000&timestamp=1508512171624, dubbo version: 2.5.3, current host: 127.0.0.1


[INFO ] 2017-10-20 23:09:31,653 method:com.alibaba.dubbo.config.ServiceConfig.doExportUrlsFor1Protocol(ServiceConfig.java:481)
 [DUBBO] Register dubbo service com.taotao.content.service.ContentService url dubbo://192.168.120.1:20881/com.taotao.content.service.ContentService?anyhost=true&application=taotao-content&dubbo=2.5.3&interface=com.taotao.content.service.ContentService&methods=addContent&pid=61940&side=provider&timeout=300000&timestamp=1508512171624 to registry registry://192.168.200.129:2181/com.alibaba.dubbo.registry.RegistryService?application=taotao-content&dubbo=2.5.3&pid=61940&registry=zookeeper&timestamp=1508512171624, dubbo version: 2.5.3, current host: 127.0.0.1


[INFO ] 2017-10-20 23:09:31,657 method:com.alibaba.dubbo.registry.support.AbstractRegistry.register(AbstractRegistry.java:302)
 [DUBBO] Register: dubbo://192.168.120.1:20881/com.taotao.content.service.ContentService?anyhost=true&application=taotao-content&dubbo=2.5.3&interface=com.taotao.content.service.ContentService&methods=addContent&pid=61940&side=provider&timeout=300000&timestamp=1508512171624, dubbo version: 2.5.3, current host: 127.0.0.1


[INFO ] 2017-10-20 23:09:32,292 method:com.alibaba.dubbo.registry.support.AbstractRegistry.subscribe(AbstractRegistry.java:325)
 [DUBBO] Subscribe: provider://192.168.120.1:20881/com.taotao.content.service.ContentService?anyhost=true&application=taotao-content&category=configurators&check=false&dubbo=2.5.3&interface=com.taotao.content.service.ContentService&methods=addContent&pid=61940&side=provider&timeout=300000&timestamp=1508512171624, dubbo version: 2.5.3, current host: 127.0.0.1


[INFO ] 2017-10-20 23:09:32,538 method:com.alibaba.dubbo.registry.support.AbstractRegistry.notify(AbstractRegistry.java:422)
 [DUBBO] Notify urls for subscribe url provider://192.168.120.1:20881/com.taotao.content.service.ContentService?anyhost=true&application=taotao-content&category=configurators&check=false&dubbo=2.5.3&interface=com.taotao.content.service.ContentService&methods=addContent&pid=61940&side=provider&timeout=300000&timestamp=1508512171624, urls: [empty://192.168.120.1:20881/com.taotao.content.service.ContentService?anyhost=true&application=taotao-content&category=configurators&check=false&dubbo=2.5.3&interface=com.taotao.content.service.ContentService&methods=addContent&pid=61940&side=provider&timeout=300000&timestamp=1508512171624], dubbo version: 2.5.3, current host: 127.0.0.1


[INFO ] 2017-10-20 23:09:32,555 method:org.springframework.web.context.ContextLoader.initWebApplicationContext(ContextLoader.java:347)
Root WebApplicationContext: initialization completed in 27763 ms


[WARN ] 2017-10-20 23:22:30,920 method:com.alibaba.dubbo.remoting.transport.AbstractServer.disconnected(AbstractServer.java:197)
 [DUBBO] All clients has discontected from /192.168.120.1:20881. You can graceful shutdown now., dubbo version: 2.5.3, current host: 127.0.0.1


[INFO ] 2017-10-20 23:22:30,922 method:com.alibaba.dubbo.rpc.protocol.dubbo.DubboProtocol$1.disconnected(DubboProtocol.java:130)
 [DUBBO] disconected from /192.168.120.1:55284,url:dubbo://192.168.120.1:20881/com.taotao.content.service.ContentCategoryService?anyhost=true&application=taotao-content&channel.readonly.sent=true&codec=dubbo&dubbo=2.5.3&heartbeat=60000&interface=com.taotao.content.service.ContentCategoryService&methods=addContentCategory,getContentCategoryList&pid=61940&side=provider&timeout=300000&timestamp=1508512165714, dubbo version: 2.5.3, current host: 127.0.0.1


[WARN ] 2017-10-20 23:25:14,885 method:com.alibaba.dubbo.remoting.transport.AbstractServer.disconnected(AbstractServer.java:197)
 [DUBBO] All clients has discontected from /192.168.120.1:20881. You can graceful shutdown now., dubbo version: 2.5.3, current host: 127.0.0.1


[INFO ] 2017-10-20 23:25:14,890 method:com.alibaba.dubbo.rpc.protocol.dubbo.DubboProtocol$1.disconnected(DubboProtocol.java:130)
 [DUBBO] disconected from /192.168.120.1:56509,url:dubbo://192.168.120.1:20881/com.taotao.content.service.ContentCategoryService?anyhost=true&application=taotao-content&channel.readonly.sent=true&codec=dubbo&dubbo=2.5.3&heartbeat=60000&interface=com.taotao.content.service.ContentCategoryService&methods=addContentCategory,getContentCategoryList&pid=61940&side=provider&timeout=300000&timestamp=1508512165714, dubbo version: 2.5.3, current host: 127.0.0.1
