

[INFO ] 2017-10-27 14:42:40,382 method:org.springframework.web.servlet.FrameworkServlet.initServletBean(FrameworkServlet.java:489)
FrameworkServlet 'taotao-item-web': initialization started


[INFO ] 2017-10-27 14:42:40,413 method:org.springframework.context.support.AbstractApplicationContext.prepareRefresh(AbstractApplicationContext.java:578)
Refreshing WebApplicationContext for namespace 'taotao-item-web-servlet': startup date [Fri Oct 27 14:42:40 CST 2017]; root of context hierarchy


[INFO ] 2017-10-27 14:42:40,503 method:org.springframework.beans.factory.xml.XmlBeanDefinitionReader.loadBeanDefinitions(XmlBeanDefinitionReader.java:317)
Loading XML bean definitions from file [E:\JAVA\Project\taotao\taotao-item-web\target\classes\spring\springmvc-activemq.xml]


[INFO ] 2017-10-27 14:42:41,113 method:org.springframework.beans.factory.xml.XmlBeanDefinitionReader.loadBeanDefinitions(XmlBeanDefinitionReader.java:317)
Loading XML bean definitions from file [E:\JAVA\Project\taotao\taotao-item-web\target\classes\spring\springmvc.xml]


[INFO ] 2017-10-27 14:42:41,493 method:
using logger: com.alibaba.dubbo.common.logger.log4j.Log4jLoggerAdapter


[INFO ] 2017-10-27 14:42:41,724 method:org.springframework.core.io.support.PropertiesLoaderSupport.loadProperties(PropertiesLoaderSupport.java:172)
Loading properties file from class path resource [resource/resource.properties]


[INFO ] 2017-10-27 14:42:41,736 method:org.springframework.beans.factory.annotation.AutowiredAnnotationBeanPostProcessor.<init>(AutowiredAnnotationBeanPostProcessor.java:153)
JSR-330 'javax.inject.Inject' annotation found and supported for autowiring


[INFO ] 2017-10-27 14:42:43,165 method:com.alibaba.dubbo.registry.support.AbstractRegistry.loadProperties(AbstractRegistry.java:232)
 [DUBBO] Load registry store file C:\Users\Administrator\.dubbo\dubbo-registry-www.eshaon.xin.cache, data: {com.taotao.content.service.ContentCategoryService=empty://192.168.120.1:20881/com.taotao.content.service.ContentCategoryService?anyhost=true&application=taotao-content&category=configurators&check=false&dubbo=2.5.3&interface=com.taotao.content.service.ContentCategoryService&methods=addContentCategory,getContentCategoryList&pid=7336&side=provider&timeout=600000&timestamp=1509072205228, com.taotao.search.service.SearchService=dubbo://192.168.120.1:20882/com.taotao.search.service.SearchService?anyhost=true&application=taotao-search&dubbo=2.5.3&interface=com.taotao.search.service.SearchService&methods=search&pid=6060&side=provider&timeout=600000&timestamp=1509072261881 empty://192.168.120.1/com.taotao.search.service.SearchService?application=taotao-search-web&category=configurators&dubbo=2.5.3&interface=com.taotao.search.service.SearchService&methods=search&pid=7552&revision=0.0.1-SNAPSHOT&side=consumer&timestamp=1509072404815 empty://192.168.120.1/com.taotao.search.service.SearchService?application=taotao-search-web&category=routers&dubbo=2.5.3&interface=com.taotao.search.service.SearchService&methods=search&pid=7552&revision=0.0.1-SNAPSHOT&side=consumer&timestamp=1509072404815, com.taotao.service.ItemCatService=empty://192.168.120.1:20880/com.taotao.service.ItemCatService?anyhost=true&application=taotao-manager&category=configurators&check=false&dubbo=2.5.3&interface=com.taotao.service.ItemCatService&methods=getItemCatList&pid=1704&side=provider&timeout=600000&timestamp=1509072186209, com.taotao.service.ItemService=dubbo://192.168.120.1:20880/com.taotao.service.ItemService?anyhost=true&application=taotao-manager&dubbo=2.5.3&interface=com.taotao.service.ItemService&methods=getItemList,getItemDescById,addItem,getItemById&pid=1704&side=provider&timeout=600000&timestamp=1509072176396 empty://192.168.120.1/com.taotao.service.ItemService?application=taotao-item-web&category=configurators&dubbo=2.5.3&interface=com.taotao.service.ItemService&methods=getItemList,getItemDescById,addItem,getItemById&pid=8232&revision=0.0.1-SNAPSHOT&side=consumer&timestamp=1509072485707 empty://192.168.120.1/com.taotao.service.ItemService?application=taotao-item-web&category=routers&dubbo=2.5.3&interface=com.taotao.service.ItemService&methods=getItemList,getItemDescById,addItem,getItemById&pid=8232&revision=0.0.1-SNAPSHOT&side=consumer&timestamp=1509072485707, com.taotao.content.service.ContentService=dubbo://192.168.120.1:20881/com.taotao.content.service.ContentService?anyhost=true&application=taotao-content&dubbo=2.5.3&interface=com.taotao.content.service.ContentService&methods=getContentByCid,addContent&pid=7336&side=provider&timeout=600000&timestamp=1509072214962 empty://192.168.120.1/com.taotao.content.service.ContentService?application=taotao-portal-web&category=configurators&dubbo=2.5.3&interface=com.taotao.content.service.ContentService&methods=getContentByCid,addContent&pid=5500&revision=0.0.1-SNAPSHOT&side=consumer&timestamp=1509072314106 empty://192.168.120.1/com.taotao.content.service.ContentService?application=taotao-portal-web&category=routers&dubbo=2.5.3&interface=com.taotao.content.service.ContentService&methods=getContentByCid,addContent&pid=5500&revision=0.0.1-SNAPSHOT&side=consumer&timestamp=1509072314106, com.taotao.search.service.SearchItemService=empty://192.168.120.1:20882/com.taotao.search.service.SearchItemService?anyhost=true&application=taotao-search&category=configurators&check=false&dubbo=2.5.3&interface=com.taotao.search.service.SearchItemService&methods=importItemsToIndex&pid=6060&side=provider&timeout=600000&timestamp=1509072252123}, dubbo version: 2.5.3, current host: 127.0.0.1


[INFO ] 2017-10-27 14:42:43,195 method:org.I0Itec.zkclient.ZkEventThread.run(ZkEventThread.java:64)
Starting ZkClient event thread.


[INFO ] 2017-10-27 14:42:43,238 method:org.apache.zookeeper.Environment.logEnv(Environment.java:100)
Client environment:zookeeper.version=3.4.7-1713338, built on 11/09/2015 04:32 GMT


[INFO ] 2017-10-27 14:42:43,239 method:org.apache.zookeeper.Environment.logEnv(Environment.java:100)
Client environment:host.name=Eshaon-PC


[INFO ] 2017-10-27 14:42:43,239 method:org.apache.zookeeper.Environment.logEnv(Environment.java:100)
Client environment:java.version=1.7.0_80


[INFO ] 2017-10-27 14:42:43,239 method:org.apache.zookeeper.Environment.logEnv(Environment.java:100)
Client environment:java.vendor=Oracle Corporation


[INFO ] 2017-10-27 14:42:43,239 method:org.apache.zookeeper.Environment.logEnv(Environment.java:100)
Client environment:java.home=D:\Java\jdk1.7.0_80\jre


[INFO ] 2017-10-27 14:42:43,240 method:org.apache.zookeeper.Environment.logEnv(Environment.java:100)
Client environment:java.class.path=E:\JAVA\Project\taotao-origin\maven\apache-maven-3.3.9\boot\plexus-classworlds-2.5.2.jar;D:\JetBrains\IntelliJ IDEA 2016.3.1\lib\idea_rt.jar


[INFO ] 2017-10-27 14:42:43,240 method:org.apache.zookeeper.Environment.logEnv(Environment.java:100)
Client environment:java.library.path=D:\Java\jdk1.7.0_80\bin;C:\Windows\Sun\Java\bin;C:\Windows\system32;C:\Windows;C:\Program Files\Java\jdk1.8.0_112\bin;D:\MySQL\MySQL Server 5.5\bin;.;D:\maven\apache-maven-3.5.0\bin;D:\Git\cmd;C:\Windows\system32;C:\Windows;C:\Windows\System32\Wbem;C:\Windows\System32\WindowsPowerShell\v1.0\;C:\Program Files (x86)\AMD\ATI.ACE\Core-Static;C:\Program Files (x86)\Windows Kits\8.1\Windows Performance Toolkit\;C:\Program Files\Microsoft SQL Server\110\Tools\Binn\;D:\ImageMagick-7.0.4-Q16;C:\Program Files\ImageMagick-7.0.4-Q16;C:\Program Files\nodejs\;D:\OpenCV\opencv-2.4.9\build\x86\vc12\bin;D:\TortoiseGit\bin;C:\Users\Administrator\AppData\Roaming\npm;.


[INFO ] 2017-10-27 14:42:43,240 method:org.apache.zookeeper.Environment.logEnv(Environment.java:100)
Client environment:java.io.tmpdir=C:\Users\ADMINI~1\AppData\Local\Temp\


[INFO ] 2017-10-27 14:42:43,241 method:org.apache.zookeeper.Environment.logEnv(Environment.java:100)
Client environment:java.compiler=<NA>


[INFO ] 2017-10-27 14:42:43,242 method:org.apache.zookeeper.Environment.logEnv(Environment.java:100)
Client environment:os.name=Windows 7


[INFO ] 2017-10-27 14:42:43,242 method:org.apache.zookeeper.Environment.logEnv(Environment.java:100)
Client environment:os.arch=amd64


[INFO ] 2017-10-27 14:42:43,242 method:org.apache.zookeeper.Environment.logEnv(Environment.java:100)
Client environment:os.version=6.1


[INFO ] 2017-10-27 14:42:43,242 method:org.apache.zookeeper.Environment.logEnv(Environment.java:100)
Client environment:user.name=Eshaon


[INFO ] 2017-10-27 14:42:43,243 method:org.apache.zookeeper.Environment.logEnv(Environment.java:100)
Client environment:user.home=C:\Users\Administrator


[INFO ] 2017-10-27 14:42:43,243 method:org.apache.zookeeper.Environment.logEnv(Environment.java:100)
Client environment:user.dir=E:\JAVA\Project\taotao\taotao-item-web


[INFO ] 2017-10-27 14:42:43,244 method:org.apache.zookeeper.ZooKeeper.<init>(ZooKeeper.java:438)
Initiating client connection, connectString=www.eshaon.xin:2181 sessionTimeout=30000 watcher=org.I0Itec.zkclient.ZkClient@299c4037


[INFO ] 2017-10-27 14:42:52,491 method:org.apache.zookeeper.ClientCnxn$SendThread.logStartConnect(ClientCnxn.java:1032)
Opening socket connection to server 101.132.66.157/101.132.66.157:2181. Will not attempt to authenticate using SASL (unknown error)


[INFO ] 2017-10-27 14:42:52,511 method:org.apache.zookeeper.ClientCnxn$SendThread.primeConnection(ClientCnxn.java:876)
Socket connection established to 101.132.66.157/101.132.66.157:2181, initiating session


[INFO ] 2017-10-27 14:42:52,532 method:org.apache.zookeeper.ClientCnxn$SendThread.onConnected(ClientCnxn.java:1299)
Session establishment complete on server 101.132.66.157/101.132.66.157:2181, sessionid = 0x15f5b80c87f000d, negotiated timeout = 30000


[INFO ] 2017-10-27 14:42:52,535 method:org.I0Itec.zkclient.ZkClient.processStateChanged(ZkClient.java:449)
zookeeper state changed (SyncConnected)


[INFO ] 2017-10-27 14:42:52,576 method:com.alibaba.dubbo.registry.support.AbstractRegistry.register(AbstractRegistry.java:302)
 [DUBBO] Register: consumer://192.168.120.1/com.taotao.service.ItemService?application=taotao-item-web&category=consumers&check=false&dubbo=2.5.3&interface=com.taotao.service.ItemService&methods=getItemList,getItemDescById,addItem,getItemById&pid=11444&revision=0.0.1-SNAPSHOT&side=consumer&timestamp=1509086562498, dubbo version: 2.5.3, current host: 192.168.120.1


[INFO ] 2017-10-27 14:42:52,635 method:com.alibaba.dubbo.registry.support.AbstractRegistry.subscribe(AbstractRegistry.java:325)
 [DUBBO] Subscribe: consumer://192.168.120.1/com.taotao.service.ItemService?application=taotao-item-web&category=providers,configurators,routers&dubbo=2.5.3&interface=com.taotao.service.ItemService&methods=getItemList,getItemDescById,addItem,getItemById&pid=11444&revision=0.0.1-SNAPSHOT&side=consumer&timestamp=1509086562498, dubbo version: 2.5.3, current host: 192.168.120.1


[INFO ] 2017-10-27 14:42:52,795 method:com.alibaba.dubbo.registry.support.AbstractRegistry.notify(AbstractRegistry.java:422)
 [DUBBO] Notify urls for subscribe url consumer://192.168.120.1/com.taotao.service.ItemService?application=taotao-item-web&category=providers,configurators,routers&dubbo=2.5.3&interface=com.taotao.service.ItemService&methods=getItemList,getItemDescById,addItem,getItemById&pid=11444&revision=0.0.1-SNAPSHOT&side=consumer&timestamp=1509086562498, urls: [empty://192.168.120.1/com.taotao.service.ItemService?application=taotao-item-web&category=providers&dubbo=2.5.3&interface=com.taotao.service.ItemService&methods=getItemList,getItemDescById,addItem,getItemById&pid=11444&revision=0.0.1-SNAPSHOT&side=consumer&timestamp=1509086562498, empty://192.168.120.1/com.taotao.service.ItemService?application=taotao-item-web&category=configurators&dubbo=2.5.3&interface=com.taotao.service.ItemService&methods=getItemList,getItemDescById,addItem,getItemById&pid=11444&revision=0.0.1-SNAPSHOT&side=consumer&timestamp=1509086562498, empty://192.168.120.1/com.taotao.service.ItemService?application=taotao-item-web&category=routers&dubbo=2.5.3&interface=com.taotao.service.ItemService&methods=getItemList,getItemDescById,addItem,getItemById&pid=11444&revision=0.0.1-SNAPSHOT&side=consumer&timestamp=1509086562498], dubbo version: 2.5.3, current host: 192.168.120.1


[WARN ] 2017-10-27 14:42:52,803 method:org.springframework.context.support.AbstractApplicationContext.refresh(AbstractApplicationContext.java:546)
Exception encountered during context initialization - cancelling refresh attempt: org.springframework.beans.factory.BeanCreationException: Error creating bean with name 'itemAddMessageListener': Injection of autowired dependencies failed; nested exception is org.springframework.beans.factory.BeanCreationException: Could not autowire field: private com.taotao.service.ItemService com.taotao.item.listener.ItemAddMesssageListener.itemService; nested exception is org.springframework.beans.factory.BeanCreationException: Error creating bean with name 'itemService': FactoryBean threw exception on object creation; nested exception is java.lang.IllegalStateException: Failed to check the status of the service com.taotao.service.ItemService. No provider available for the service com.taotao.service.ItemService from the url zookeeper://www.eshaon.xin:2181/com.alibaba.dubbo.registry.RegistryService?application=taotao-item-web&dubbo=2.5.3&interface=com.taotao.service.ItemService&methods=getItemList,getItemDescById,addItem,getItemById&pid=11444&revision=0.0.1-SNAPSHOT&side=consumer&timestamp=1509086562498 to the consumer 192.168.120.1 use dubbo version 2.5.3


[ERROR] 2017-10-27 14:42:52,866 method:org.springframework.web.servlet.FrameworkServlet.initServletBean(FrameworkServlet.java:502)
Context initialization failed
org.springframework.beans.factory.BeanCreationException: Error creating bean with name 'itemAddMessageListener': Injection of autowired dependencies failed; nested exception is org.springframework.beans.factory.BeanCreationException: Could not autowire field: private com.taotao.service.ItemService com.taotao.item.listener.ItemAddMesssageListener.itemService; nested exception is org.springframework.beans.factory.BeanCreationException: Error creating bean with name 'itemService': FactoryBean threw exception on object creation; nested exception is java.lang.IllegalStateException: Failed to check the status of the service com.taotao.service.ItemService. No provider available for the service com.taotao.service.ItemService from the url zookeeper://www.eshaon.xin:2181/com.alibaba.dubbo.registry.RegistryService?application=taotao-item-web&dubbo=2.5.3&interface=com.taotao.service.ItemService&methods=getItemList,getItemDescById,addItem,getItemById&pid=11444&revision=0.0.1-SNAPSHOT&side=consumer&timestamp=1509086562498 to the consumer 192.168.120.1 use dubbo version 2.5.3
	at org.springframework.beans.factory.annotation.AutowiredAnnotationBeanPostProcessor.postProcessPropertyValues(AutowiredAnnotationBeanPostProcessor.java:334)
	at org.springframework.beans.factory.support.AbstractAutowireCapableBeanFactory.populateBean(AbstractAutowireCapableBeanFactory.java:1214)
	at org.springframework.beans.factory.support.AbstractAutowireCapableBeanFactory.doCreateBean(AbstractAutowireCapableBeanFactory.java:543)
	at org.springframework.beans.factory.support.AbstractAutowireCapableBeanFactory.createBean(AbstractAutowireCapableBeanFactory.java:482)
	at org.springframework.beans.factory.support.AbstractBeanFactory$1.getObject(AbstractBeanFactory.java:306)
	at org.springframework.beans.factory.support.DefaultSingletonBeanRegistry.getSingleton(DefaultSingletonBeanRegistry.java:230)
	at org.springframework.beans.factory.support.AbstractBeanFactory.doGetBean(AbstractBeanFactory.java:302)
	at org.springframework.beans.factory.support.AbstractBeanFactory.getBean(AbstractBeanFactory.java:197)
	at org.springframework.beans.factory.support.DefaultListableBeanFactory.preInstantiateSingletons(DefaultListableBeanFactory.java:772)
	at org.springframework.context.support.AbstractApplicationContext.finishBeanFactoryInitialization(AbstractApplicationContext.java:839)
	at org.springframework.context.support.AbstractApplicationContext.refresh(AbstractApplicationContext.java:538)
	at org.springframework.web.servlet.FrameworkServlet.configureAndRefreshWebApplicationContext(FrameworkServlet.java:668)
	at org.springframework.web.servlet.FrameworkServlet.createWebApplicationContext(FrameworkServlet.java:634)
	at org.springframework.web.servlet.FrameworkServlet.createWebApplicationContext(FrameworkServlet.java:682)
	at org.springframework.web.servlet.FrameworkServlet.initWebApplicationContext(FrameworkServlet.java:553)
	at org.springframework.web.servlet.FrameworkServlet.initServletBean(FrameworkServlet.java:494)
	at org.springframework.web.servlet.HttpServletBean.init(HttpServletBean.java:136)
	at javax.servlet.GenericServlet.init(GenericServlet.java:160)
	at org.apache.catalina.core.StandardWrapper.initServlet(StandardWrapper.java:1280)
	at org.apache.catalina.core.StandardWrapper.loadServlet(StandardWrapper.java:1193)
	at org.apache.catalina.core.StandardWrapper.load(StandardWrapper.java:1088)
	at org.apache.catalina.core.StandardContext.loadOnStartup(StandardContext.java:5176)
	at org.apache.catalina.core.StandardContext.startInternal(StandardContext.java:5460)
	at org.apache.catalina.util.LifecycleBase.start(LifecycleBase.java:150)
	at org.apache.catalina.core.ContainerBase$StartChild.call(ContainerBase.java:1559)
	at org.apache.catalina.core.ContainerBase$StartChild.call(ContainerBase.java:1549)
	at java.util.concurrent.FutureTask.run(FutureTask.java:262)
	at java.util.concurrent.ThreadPoolExecutor.runWorker(ThreadPoolExecutor.java:1145)
	at java.util.concurrent.ThreadPoolExecutor$Worker.run(ThreadPoolExecutor.java:615)
	at java.lang.Thread.run(Thread.java:745)
Caused by: org.springframework.beans.factory.BeanCreationException: Could not autowire field: private com.taotao.service.ItemService com.taotao.item.listener.ItemAddMesssageListener.itemService; nested exception is org.springframework.beans.factory.BeanCreationException: Error creating bean with name 'itemService': FactoryBean threw exception on object creation; nested exception is java.lang.IllegalStateException: Failed to check the status of the service com.taotao.service.ItemService. No provider available for the service com.taotao.service.ItemService from the url zookeeper://www.eshaon.xin:2181/com.alibaba.dubbo.registry.RegistryService?application=taotao-item-web&dubbo=2.5.3&interface=com.taotao.service.ItemService&methods=getItemList,getItemDescById,addItem,getItemById&pid=11444&revision=0.0.1-SNAPSHOT&side=consumer&timestamp=1509086562498 to the consumer 192.168.120.1 use dubbo version 2.5.3
	at org.springframework.beans.factory.annotation.AutowiredAnnotationBeanPostProcessor$AutowiredFieldElement.inject(AutowiredAnnotationBeanPostProcessor.java:573)
	at org.springframework.beans.factory.annotation.InjectionMetadata.inject(InjectionMetadata.java:88)
	at org.springframework.beans.factory.annotation.AutowiredAnnotationBeanPostProcessor.postProcessPropertyValues(AutowiredAnnotationBeanPostProcessor.java:331)
	... 29 more
Caused by: org.springframework.beans.factory.BeanCreationException: Error creating bean with name 'itemService': FactoryBean threw exception on object creation; nested exception is java.lang.IllegalStateException: Failed to check the status of the service com.taotao.service.ItemService. No provider available for the service com.taotao.service.ItemService from the url zookeeper://www.eshaon.xin:2181/com.alibaba.dubbo.registry.RegistryService?application=taotao-item-web&dubbo=2.5.3&interface=com.taotao.service.ItemService&methods=getItemList,getItemDescById,addItem,getItemById&pid=11444&revision=0.0.1-SNAPSHOT&side=consumer&timestamp=1509086562498 to the consumer 192.168.120.1 use dubbo version 2.5.3
	at org.springframework.beans.factory.support.FactoryBeanRegistrySupport.doGetObjectFromFactoryBean(FactoryBeanRegistrySupport.java:175)
	at org.springframework.beans.factory.support.FactoryBeanRegistrySupport.getObjectFromFactoryBean(FactoryBeanRegistrySupport.java:103)
	at org.springframework.beans.factory.support.AbstractBeanFactory.getObjectForBeanInstance(AbstractBeanFactory.java:1585)
	at org.springframework.beans.factory.support.AbstractBeanFactory.doGetBean(AbstractBeanFactory.java:254)
	at org.springframework.beans.factory.support.AbstractBeanFactory.getBean(AbstractBeanFactory.java:197)
	at org.springframework.beans.factory.support.DefaultListableBeanFactory.findAutowireCandidates(DefaultListableBeanFactory.java:1192)
	at org.springframework.beans.factory.support.DefaultListableBeanFactory.doResolveDependency(DefaultListableBeanFactory.java:1116)
	at org.springframework.beans.factory.support.DefaultListableBeanFactory.resolveDependency(DefaultListableBeanFactory.java:1014)
	at org.springframework.beans.factory.annotation.AutowiredAnnotationBeanPostProcessor$AutowiredFieldElement.inject(AutowiredAnnotationBeanPostProcessor.java:545)
	... 31 more
Caused by: java.lang.IllegalStateException: Failed to check the status of the service com.taotao.service.ItemService. No provider available for the service com.taotao.service.ItemService from the url zookeeper://www.eshaon.xin:2181/com.alibaba.dubbo.registry.RegistryService?application=taotao-item-web&dubbo=2.5.3&interface=com.taotao.service.ItemService&methods=getItemList,getItemDescById,addItem,getItemById&pid=11444&revision=0.0.1-SNAPSHOT&side=consumer&timestamp=1509086562498 to the consumer 192.168.120.1 use dubbo version 2.5.3
	at com.alibaba.dubbo.config.ReferenceConfig.createProxy(ReferenceConfig.java:420)
	at com.alibaba.dubbo.config.ReferenceConfig.init(ReferenceConfig.java:300)
	at com.alibaba.dubbo.config.ReferenceConfig.get(ReferenceConfig.java:138)
	at com.alibaba.dubbo.config.spring.ReferenceBean.getObject(ReferenceBean.java:65)
	at org.springframework.beans.factory.support.FactoryBeanRegistrySupport.doGetObjectFromFactoryBean(FactoryBeanRegistrySupport.java:168)
	... 39 more


[INFO ] 2017-10-27 14:45:56,702 method:org.springframework.web.servlet.FrameworkServlet.initServletBean(FrameworkServlet.java:489)
FrameworkServlet 'taotao-item-web': initialization started


[INFO ] 2017-10-27 14:45:56,870 method:org.springframework.context.support.AbstractApplicationContext.prepareRefresh(AbstractApplicationContext.java:578)
Refreshing WebApplicationContext for namespace 'taotao-item-web-servlet': startup date [Fri Oct 27 14:45:56 CST 2017]; root of context hierarchy


[INFO ] 2017-10-27 14:45:57,058 method:org.springframework.beans.factory.xml.XmlBeanDefinitionReader.loadBeanDefinitions(XmlBeanDefinitionReader.java:317)
Loading XML bean definitions from file [E:\JAVA\Project\taotao\taotao-item-web\target\classes\spring\springmvc-activemq.xml]


[INFO ] 2017-10-27 14:45:57,777 method:org.springframework.beans.factory.xml.XmlBeanDefinitionReader.loadBeanDefinitions(XmlBeanDefinitionReader.java:317)
Loading XML bean definitions from file [E:\JAVA\Project\taotao\taotao-item-web\target\classes\spring\springmvc.xml]


[INFO ] 2017-10-27 14:45:58,664 method:
using logger: com.alibaba.dubbo.common.logger.log4j.Log4jLoggerAdapter


[INFO ] 2017-10-27 14:45:59,468 method:org.springframework.core.io.support.PropertiesLoaderSupport.loadProperties(PropertiesLoaderSupport.java:172)
Loading properties file from class path resource [resource/resource.properties]


[INFO ] 2017-10-27 14:45:59,479 method:org.springframework.beans.factory.annotation.AutowiredAnnotationBeanPostProcessor.<init>(AutowiredAnnotationBeanPostProcessor.java:153)
JSR-330 'javax.inject.Inject' annotation found and supported for autowiring


[INFO ] 2017-10-27 14:46:01,425 method:com.alibaba.dubbo.registry.support.AbstractRegistry.loadProperties(AbstractRegistry.java:232)
 [DUBBO] Load registry store file C:\Users\Administrator\.dubbo\dubbo-registry-www.eshaon.xin.cache, data: {com.taotao.content.service.ContentCategoryService=empty://192.168.120.1:20881/com.taotao.content.service.ContentCategoryService?anyhost=true&application=taotao-content&category=configurators&check=false&dubbo=2.5.3&interface=com.taotao.content.service.ContentCategoryService&methods=addContentCategory,getContentCategoryList&pid=7336&side=provider&timeout=600000&timestamp=1509072205228, com.taotao.search.service.SearchService=dubbo://192.168.120.1:20882/com.taotao.search.service.SearchService?anyhost=true&application=taotao-search&dubbo=2.5.3&interface=com.taotao.search.service.SearchService&methods=search&pid=6060&side=provider&timeout=600000&timestamp=1509072261881 empty://192.168.120.1/com.taotao.search.service.SearchService?application=taotao-search-web&category=configurators&dubbo=2.5.3&interface=com.taotao.search.service.SearchService&methods=search&pid=7552&revision=0.0.1-SNAPSHOT&side=consumer&timestamp=1509072404815 empty://192.168.120.1/com.taotao.search.service.SearchService?application=taotao-search-web&category=routers&dubbo=2.5.3&interface=com.taotao.search.service.SearchService&methods=search&pid=7552&revision=0.0.1-SNAPSHOT&side=consumer&timestamp=1509072404815, com.taotao.service.ItemCatService=empty://192.168.120.1:20880/com.taotao.service.ItemCatService?anyhost=true&application=taotao-manager&category=configurators&check=false&dubbo=2.5.3&interface=com.taotao.service.ItemCatService&methods=getItemCatList&pid=11904&side=provider&timeout=600000&timestamp=1509086727275, com.taotao.service.ItemService=empty://192.168.120.1:20880/com.taotao.service.ItemService?anyhost=true&application=taotao-manager&category=configurators&check=false&dubbo=2.5.3&interface=com.taotao.service.ItemService&methods=getItemList,getItemDescById,addItem,getItemById&pid=11904&side=provider&timeout=600000&timestamp=1509086717333, com.taotao.content.service.ContentService=dubbo://192.168.120.1:20881/com.taotao.content.service.ContentService?anyhost=true&application=taotao-content&dubbo=2.5.3&interface=com.taotao.content.service.ContentService&methods=getContentByCid,addContent&pid=7336&side=provider&timeout=600000&timestamp=1509072214962 empty://192.168.120.1/com.taotao.content.service.ContentService?application=taotao-portal-web&category=configurators&dubbo=2.5.3&interface=com.taotao.content.service.ContentService&methods=getContentByCid,addContent&pid=5500&revision=0.0.1-SNAPSHOT&side=consumer&timestamp=1509072314106 empty://192.168.120.1/com.taotao.content.service.ContentService?application=taotao-portal-web&category=routers&dubbo=2.5.3&interface=com.taotao.content.service.ContentService&methods=getContentByCid,addContent&pid=5500&revision=0.0.1-SNAPSHOT&side=consumer&timestamp=1509072314106, com.taotao.search.service.SearchItemService=empty://192.168.120.1:20882/com.taotao.search.service.SearchItemService?anyhost=true&application=taotao-search&category=configurators&check=false&dubbo=2.5.3&interface=com.taotao.search.service.SearchItemService&methods=importItemsToIndex&pid=6060&side=provider&timeout=600000&timestamp=1509072252123}, dubbo version: 2.5.3, current host: 127.0.0.1


[INFO ] 2017-10-27 14:46:01,509 method:org.I0Itec.zkclient.ZkEventThread.run(ZkEventThread.java:64)
Starting ZkClient event thread.


[INFO ] 2017-10-27 14:46:01,543 method:org.apache.zookeeper.Environment.logEnv(Environment.java:100)
Client environment:zookeeper.version=3.4.7-1713338, built on 11/09/2015 04:32 GMT


[INFO ] 2017-10-27 14:46:01,544 method:org.apache.zookeeper.Environment.logEnv(Environment.java:100)
Client environment:host.name=Eshaon-PC


[INFO ] 2017-10-27 14:46:01,544 method:org.apache.zookeeper.Environment.logEnv(Environment.java:100)
Client environment:java.version=1.7.0_80


[INFO ] 2017-10-27 14:46:01,545 method:org.apache.zookeeper.Environment.logEnv(Environment.java:100)
Client environment:java.vendor=Oracle Corporation


[INFO ] 2017-10-27 14:46:01,545 method:org.apache.zookeeper.Environment.logEnv(Environment.java:100)
Client environment:java.home=D:\Java\jdk1.7.0_80\jre


[INFO ] 2017-10-27 14:46:01,546 method:org.apache.zookeeper.Environment.logEnv(Environment.java:100)
Client environment:java.class.path=E:\JAVA\Project\taotao-origin\maven\apache-maven-3.3.9\boot\plexus-classworlds-2.5.2.jar;D:\JetBrains\IntelliJ IDEA 2016.3.1\lib\idea_rt.jar


[INFO ] 2017-10-27 14:46:01,546 method:org.apache.zookeeper.Environment.logEnv(Environment.java:100)
Client environment:java.library.path=D:\Java\jdk1.7.0_80\bin;C:\Windows\Sun\Java\bin;C:\Windows\system32;C:\Windows;C:\Program Files\Java\jdk1.8.0_112\bin;D:\MySQL\MySQL Server 5.5\bin;.;D:\maven\apache-maven-3.5.0\bin;D:\Git\cmd;C:\Windows\system32;C:\Windows;C:\Windows\System32\Wbem;C:\Windows\System32\WindowsPowerShell\v1.0\;C:\Program Files (x86)\AMD\ATI.ACE\Core-Static;C:\Program Files (x86)\Windows Kits\8.1\Windows Performance Toolkit\;C:\Program Files\Microsoft SQL Server\110\Tools\Binn\;D:\ImageMagick-7.0.4-Q16;C:\Program Files\ImageMagick-7.0.4-Q16;C:\Program Files\nodejs\;D:\OpenCV\opencv-2.4.9\build\x86\vc12\bin;D:\TortoiseGit\bin;C:\Users\Administrator\AppData\Roaming\npm;.


[INFO ] 2017-10-27 14:46:01,547 method:org.apache.zookeeper.Environment.logEnv(Environment.java:100)
Client environment:java.io.tmpdir=C:\Users\ADMINI~1\AppData\Local\Temp\


[INFO ] 2017-10-27 14:46:01,549 method:org.apache.zookeeper.Environment.logEnv(Environment.java:100)
Client environment:java.compiler=<NA>


[INFO ] 2017-10-27 14:46:01,549 method:org.apache.zookeeper.Environment.logEnv(Environment.java:100)
Client environment:os.name=Windows 7


[INFO ] 2017-10-27 14:46:01,549 method:org.apache.zookeeper.Environment.logEnv(Environment.java:100)
Client environment:os.arch=amd64


[INFO ] 2017-10-27 14:46:01,550 method:org.apache.zookeeper.Environment.logEnv(Environment.java:100)
Client environment:os.version=6.1


[INFO ] 2017-10-27 14:46:01,550 method:org.apache.zookeeper.Environment.logEnv(Environment.java:100)
Client environment:user.name=Eshaon


[INFO ] 2017-10-27 14:46:01,550 method:org.apache.zookeeper.Environment.logEnv(Environment.java:100)
Client environment:user.home=C:\Users\Administrator


[INFO ] 2017-10-27 14:46:01,550 method:org.apache.zookeeper.Environment.logEnv(Environment.java:100)
Client environment:user.dir=E:\JAVA\Project\taotao\taotao-item-web


[INFO ] 2017-10-27 14:46:01,552 method:org.apache.zookeeper.ZooKeeper.<init>(ZooKeeper.java:438)
Initiating client connection, connectString=www.eshaon.xin:2181 sessionTimeout=30000 watcher=org.I0Itec.zkclient.ZkClient@ef42e44


[INFO ] 2017-10-27 14:46:11,100 method:org.apache.zookeeper.ClientCnxn$SendThread.logStartConnect(ClientCnxn.java:1032)
Opening socket connection to server 101.132.66.157/101.132.66.157:2181. Will not attempt to authenticate using SASL (unknown error)


[INFO ] 2017-10-27 14:46:11,115 method:org.apache.zookeeper.ClientCnxn$SendThread.primeConnection(ClientCnxn.java:876)
Socket connection established to 101.132.66.157/101.132.66.157:2181, initiating session


[INFO ] 2017-10-27 14:46:11,132 method:org.apache.zookeeper.ClientCnxn$SendThread.onConnected(ClientCnxn.java:1299)
Session establishment complete on server 101.132.66.157/101.132.66.157:2181, sessionid = 0x15f5b80c87f000f, negotiated timeout = 30000


[INFO ] 2017-10-27 14:46:11,135 method:org.I0Itec.zkclient.ZkClient.processStateChanged(ZkClient.java:449)
zookeeper state changed (SyncConnected)


[INFO ] 2017-10-27 14:46:11,179 method:com.alibaba.dubbo.registry.support.AbstractRegistry.register(AbstractRegistry.java:302)
 [DUBBO] Register: consumer://192.168.120.1/com.taotao.service.ItemService?application=taotao-item-web&category=consumers&check=false&dubbo=2.5.3&interface=com.taotao.service.ItemService&methods=getItemList,getItemDescById,addItem,getItemById&pid=13168&revision=0.0.1-SNAPSHOT&side=consumer&timestamp=1509086760770, dubbo version: 2.5.3, current host: 192.168.120.1


[INFO ] 2017-10-27 14:46:11,239 method:com.alibaba.dubbo.registry.support.AbstractRegistry.subscribe(AbstractRegistry.java:325)
 [DUBBO] Subscribe: consumer://192.168.120.1/com.taotao.service.ItemService?application=taotao-item-web&category=providers,configurators,routers&dubbo=2.5.3&interface=com.taotao.service.ItemService&methods=getItemList,getItemDescById,addItem,getItemById&pid=13168&revision=0.0.1-SNAPSHOT&side=consumer&timestamp=1509086760770, dubbo version: 2.5.3, current host: 192.168.120.1


[INFO ] 2017-10-27 14:46:11,358 method:com.alibaba.dubbo.registry.support.AbstractRegistry.notify(AbstractRegistry.java:422)
 [DUBBO] Notify urls for subscribe url consumer://192.168.120.1/com.taotao.service.ItemService?application=taotao-item-web&category=providers,configurators,routers&dubbo=2.5.3&interface=com.taotao.service.ItemService&methods=getItemList,getItemDescById,addItem,getItemById&pid=13168&revision=0.0.1-SNAPSHOT&side=consumer&timestamp=1509086760770, urls: [dubbo://192.168.120.1:20880/com.taotao.service.ItemService?anyhost=true&application=taotao-manager&dubbo=2.5.3&interface=com.taotao.service.ItemService&methods=getItemList,getItemDescById,addItem,getItemById&pid=11904&side=provider&timeout=600000&timestamp=1509086717333, empty://192.168.120.1/com.taotao.service.ItemService?application=taotao-item-web&category=configurators&dubbo=2.5.3&interface=com.taotao.service.ItemService&methods=getItemList,getItemDescById,addItem,getItemById&pid=13168&revision=0.0.1-SNAPSHOT&side=consumer&timestamp=1509086760770, empty://192.168.120.1/com.taotao.service.ItemService?application=taotao-item-web&category=routers&dubbo=2.5.3&interface=com.taotao.service.ItemService&methods=getItemList,getItemDescById,addItem,getItemById&pid=13168&revision=0.0.1-SNAPSHOT&side=consumer&timestamp=1509086760770], dubbo version: 2.5.3, current host: 192.168.120.1


[INFO ] 2017-10-27 14:46:12,120 method:com.alibaba.dubbo.remoting.transport.AbstractClient.connect(AbstractClient.java:287)
 [DUBBO] Successed connect to server /192.168.120.1:20880 from NettyClient 192.168.120.1 using dubbo version 2.5.3, channel is NettyChannel [channel=[id: 0x7c34ea96, /192.168.120.1:10797 => /192.168.120.1:20880]], dubbo version: 2.5.3, current host: 192.168.120.1


[INFO ] 2017-10-27 14:46:12,121 method:com.alibaba.dubbo.remoting.transport.AbstractClient.<init>(AbstractClient.java:105)
 [DUBBO] Start NettyClient Eshaon-PC/192.168.120.1 connect to the server /192.168.120.1:20880, dubbo version: 2.5.3, current host: 192.168.120.1


[INFO ] 2017-10-27 14:46:12,235 method:com.alibaba.dubbo.config.ReferenceConfig.createProxy(ReferenceConfig.java:423)
 [DUBBO] Refer dubbo service com.taotao.service.ItemService from url zookeeper://www.eshaon.xin:2181/com.alibaba.dubbo.registry.RegistryService?anyhost=true&application=taotao-item-web&check=false&dubbo=2.5.3&interface=com.taotao.service.ItemService&methods=getItemList,getItemDescById,addItem,getItemById&pid=13168&revision=0.0.1-SNAPSHOT&side=consumer&timeout=600000&timestamp=1509086760770, dubbo version: 2.5.3, current host: 192.168.120.1


[INFO ] 2017-10-27 14:46:13,854 method:org.springframework.web.servlet.view.freemarker.FreeMarkerConfigurer.postProcessTemplateLoaders(FreeMarkerConfigurer.java:127)
ClassTemplateLoader for Spring macros added to FreeMarker configuration


[INFO ] 2017-10-27 14:46:14,994 method:org.springframework.web.servlet.handler.AbstractHandlerMethodMapping$MappingRegistry.register(AbstractHandlerMethodMapping.java:527)
Mapped "{[/genhtml]}" onto public java.lang.String com.taotao.item.controller.HtmlGenController.genHtml() throws java.lang.Exception


[INFO ] 2017-10-27 14:46:14,996 method:org.springframework.web.servlet.handler.AbstractHandlerMethodMapping$MappingRegistry.register(AbstractHandlerMethodMapping.java:527)
Mapped "{[/item/{itemId}]}" onto public java.lang.String com.taotao.item.controller.ItemController.showItem(java.lang.Long,org.springframework.ui.Model)


[INFO ] 2017-10-27 14:46:22,979 method:org.springframework.web.servlet.mvc.method.annotation.RequestMappingHandlerAdapter.initControllerAdviceCache(RequestMappingHandlerAdapter.java:532)
Looking for @ControllerAdvice: WebApplicationContext for namespace 'taotao-item-web-servlet': startup date [Fri Oct 27 14:45:56 CST 2017]; root of context hierarchy


[INFO ] 2017-10-27 14:46:23,054 method:org.springframework.web.servlet.mvc.method.annotation.RequestMappingHandlerAdapter.initControllerAdviceCache(RequestMappingHandlerAdapter.java:532)
Looking for @ControllerAdvice: WebApplicationContext for namespace 'taotao-item-web-servlet': startup date [Fri Oct 27 14:45:56 CST 2017]; root of context hierarchy


[INFO ] 2017-10-27 14:46:23,605 method:org.springframework.context.support.DefaultLifecycleProcessor$LifecycleGroup.start(DefaultLifecycleProcessor.java:341)
Starting beans in phase 2147483647


[INFO ] 2017-10-27 14:46:26,079 method:org.springframework.jms.connection.SingleConnectionFactory.initConnection(SingleConnectionFactory.java:311)
Established shared JMS Connection: ActiveMQConnection {id=ID:Eshaon-PC-10799-1509086784756-1:1,clientId=null,started=false}


[INFO ] 2017-10-27 14:46:28,590 method:org.springframework.web.servlet.FrameworkServlet.initServletBean(FrameworkServlet.java:508)
FrameworkServlet 'taotao-item-web': initialization completed in 31853 ms


[INFO ] 2017-10-27 14:48:46,056 method:org.springframework.web.servlet.FrameworkServlet.initServletBean(FrameworkServlet.java:489)
FrameworkServlet 'taotao-item-web': initialization started


[INFO ] 2017-10-27 14:48:46,084 method:org.springframework.context.support.AbstractApplicationContext.prepareRefresh(AbstractApplicationContext.java:578)
Refreshing WebApplicationContext for namespace 'taotao-item-web-servlet': startup date [Fri Oct 27 14:48:46 CST 2017]; root of context hierarchy


[INFO ] 2017-10-27 14:48:46,152 method:org.springframework.beans.factory.xml.XmlBeanDefinitionReader.loadBeanDefinitions(XmlBeanDefinitionReader.java:317)
Loading XML bean definitions from file [E:\JAVA\Project\taotao\taotao-item-web\target\classes\spring\springmvc-activemq.xml]


[INFO ] 2017-10-27 14:48:46,419 method:org.springframework.beans.factory.xml.XmlBeanDefinitionReader.loadBeanDefinitions(XmlBeanDefinitionReader.java:317)
Loading XML bean definitions from file [E:\JAVA\Project\taotao\taotao-item-web\target\classes\spring\springmvc.xml]


[INFO ] 2017-10-27 14:48:46,850 method:
using logger: com.alibaba.dubbo.common.logger.log4j.Log4jLoggerAdapter


[INFO ] 2017-10-27 14:48:47,126 method:org.springframework.core.io.support.PropertiesLoaderSupport.loadProperties(PropertiesLoaderSupport.java:172)
Loading properties file from class path resource [resource/resource.properties]


[INFO ] 2017-10-27 14:48:47,138 method:org.springframework.beans.factory.annotation.AutowiredAnnotationBeanPostProcessor.<init>(AutowiredAnnotationBeanPostProcessor.java:153)
JSR-330 'javax.inject.Inject' annotation found and supported for autowiring


[INFO ] 2017-10-27 14:48:48,133 method:com.alibaba.dubbo.registry.support.AbstractRegistry.loadProperties(AbstractRegistry.java:232)
 [DUBBO] Load registry store file C:\Users\Administrator\.dubbo\dubbo-registry-www.eshaon.xin.cache, data: {com.taotao.content.service.ContentCategoryService=empty://192.168.120.1:20881/com.taotao.content.service.ContentCategoryService?anyhost=true&application=taotao-content&category=configurators&check=false&dubbo=2.5.3&interface=com.taotao.content.service.ContentCategoryService&methods=addContentCategory,getContentCategoryList&pid=7336&side=provider&timeout=600000&timestamp=1509072205228, com.taotao.search.service.SearchService=dubbo://192.168.120.1:20882/com.taotao.search.service.SearchService?anyhost=true&application=taotao-search&dubbo=2.5.3&interface=com.taotao.search.service.SearchService&methods=search&pid=6060&side=provider&timeout=600000&timestamp=1509072261881 empty://192.168.120.1/com.taotao.search.service.SearchService?application=taotao-search-web&category=configurators&dubbo=2.5.3&interface=com.taotao.search.service.SearchService&methods=search&pid=7552&revision=0.0.1-SNAPSHOT&side=consumer&timestamp=1509072404815 empty://192.168.120.1/com.taotao.search.service.SearchService?application=taotao-search-web&category=routers&dubbo=2.5.3&interface=com.taotao.search.service.SearchService&methods=search&pid=7552&revision=0.0.1-SNAPSHOT&side=consumer&timestamp=1509072404815, com.taotao.service.ItemCatService=empty://192.168.120.1:20880/com.taotao.service.ItemCatService?anyhost=true&application=taotao-manager&category=configurators&check=false&dubbo=2.5.3&interface=com.taotao.service.ItemCatService&methods=getItemCatList&pid=11904&side=provider&timeout=600000&timestamp=1509086727275, com.taotao.service.ItemService=dubbo://192.168.120.1:20880/com.taotao.service.ItemService?anyhost=true&application=taotao-manager&dubbo=2.5.3&interface=com.taotao.service.ItemService&methods=getItemList,getItemDescById,addItem,getItemById&pid=11904&side=provider&timeout=600000&timestamp=1509086717333 empty://192.168.120.1/com.taotao.service.ItemService?application=taotao-item-web&category=configurators&dubbo=2.5.3&interface=com.taotao.service.ItemService&methods=getItemList,getItemDescById,addItem,getItemById&pid=13168&revision=0.0.1-SNAPSHOT&side=consumer&timestamp=1509086760770 empty://192.168.120.1/com.taotao.service.ItemService?application=taotao-item-web&category=routers&dubbo=2.5.3&interface=com.taotao.service.ItemService&methods=getItemList,getItemDescById,addItem,getItemById&pid=13168&revision=0.0.1-SNAPSHOT&side=consumer&timestamp=1509086760770, com.taotao.content.service.ContentService=dubbo://192.168.120.1:20881/com.taotao.content.service.ContentService?anyhost=true&application=taotao-content&dubbo=2.5.3&interface=com.taotao.content.service.ContentService&methods=getContentByCid,addContent&pid=7336&side=provider&timeout=600000&timestamp=1509072214962 empty://192.168.120.1/com.taotao.content.service.ContentService?application=taotao-portal-web&category=configurators&dubbo=2.5.3&interface=com.taotao.content.service.ContentService&methods=getContentByCid,addContent&pid=5500&revision=0.0.1-SNAPSHOT&side=consumer&timestamp=1509072314106 empty://192.168.120.1/com.taotao.content.service.ContentService?application=taotao-portal-web&category=routers&dubbo=2.5.3&interface=com.taotao.content.service.ContentService&methods=getContentByCid,addContent&pid=5500&revision=0.0.1-SNAPSHOT&side=consumer&timestamp=1509072314106, com.taotao.search.service.SearchItemService=empty://192.168.120.1:20882/com.taotao.search.service.SearchItemService?anyhost=true&application=taotao-search&category=configurators&check=false&dubbo=2.5.3&interface=com.taotao.search.service.SearchItemService&methods=importItemsToIndex&pid=6060&side=provider&timeout=600000&timestamp=1509072252123}, dubbo version: 2.5.3, current host: 127.0.0.1


[INFO ] 2017-10-27 14:48:48,159 method:org.I0Itec.zkclient.ZkEventThread.run(ZkEventThread.java:64)
Starting ZkClient event thread.


[INFO ] 2017-10-27 14:48:48,169 method:org.apache.zookeeper.Environment.logEnv(Environment.java:100)
Client environment:zookeeper.version=3.4.7-1713338, built on 11/09/2015 04:32 GMT


[INFO ] 2017-10-27 14:48:48,169 method:org.apache.zookeeper.Environment.logEnv(Environment.java:100)
Client environment:host.name=Eshaon-PC


[INFO ] 2017-10-27 14:48:48,169 method:org.apache.zookeeper.Environment.logEnv(Environment.java:100)
Client environment:java.version=1.7.0_80


[INFO ] 2017-10-27 14:48:48,170 method:org.apache.zookeeper.Environment.logEnv(Environment.java:100)
Client environment:java.vendor=Oracle Corporation


[INFO ] 2017-10-27 14:48:48,170 method:org.apache.zookeeper.Environment.logEnv(Environment.java:100)
Client environment:java.home=D:\Java\jdk1.7.0_80\jre


[INFO ] 2017-10-27 14:48:48,170 method:org.apache.zookeeper.Environment.logEnv(Environment.java:100)
Client environment:java.class.path=E:\JAVA\Project\taotao-origin\maven\apache-maven-3.3.9\boot\plexus-classworlds-2.5.2.jar;D:\JetBrains\IntelliJ IDEA 2016.3.1\lib\idea_rt.jar


[INFO ] 2017-10-27 14:48:48,171 method:org.apache.zookeeper.Environment.logEnv(Environment.java:100)
Client environment:java.library.path=D:\Java\jdk1.7.0_80\bin;C:\Windows\Sun\Java\bin;C:\Windows\system32;C:\Windows;C:\Program Files\Java\jdk1.8.0_112\bin;D:\MySQL\MySQL Server 5.5\bin;.;D:\maven\apache-maven-3.5.0\bin;D:\Git\cmd;C:\Windows\system32;C:\Windows;C:\Windows\System32\Wbem;C:\Windows\System32\WindowsPowerShell\v1.0\;C:\Program Files (x86)\AMD\ATI.ACE\Core-Static;C:\Program Files (x86)\Windows Kits\8.1\Windows Performance Toolkit\;C:\Program Files\Microsoft SQL Server\110\Tools\Binn\;D:\ImageMagick-7.0.4-Q16;C:\Program Files\ImageMagick-7.0.4-Q16;C:\Program Files\nodejs\;D:\OpenCV\opencv-2.4.9\build\x86\vc12\bin;D:\TortoiseGit\bin;C:\Users\Administrator\AppData\Roaming\npm;.


[INFO ] 2017-10-27 14:48:48,171 method:org.apache.zookeeper.Environment.logEnv(Environment.java:100)
Client environment:java.io.tmpdir=C:\Users\ADMINI~1\AppData\Local\Temp\


[INFO ] 2017-10-27 14:48:48,172 method:org.apache.zookeeper.Environment.logEnv(Environment.java:100)
Client environment:java.compiler=<NA>


[INFO ] 2017-10-27 14:48:48,173 method:org.apache.zookeeper.Environment.logEnv(Environment.java:100)
Client environment:os.name=Windows 7


[INFO ] 2017-10-27 14:48:48,173 method:org.apache.zookeeper.Environment.logEnv(Environment.java:100)
Client environment:os.arch=amd64


[INFO ] 2017-10-27 14:48:48,173 method:org.apache.zookeeper.Environment.logEnv(Environment.java:100)
Client environment:os.version=6.1


[INFO ] 2017-10-27 14:48:48,173 method:org.apache.zookeeper.Environment.logEnv(Environment.java:100)
Client environment:user.name=Eshaon


[INFO ] 2017-10-27 14:48:48,174 method:org.apache.zookeeper.Environment.logEnv(Environment.java:100)
Client environment:user.home=C:\Users\Administrator


[INFO ] 2017-10-27 14:48:48,174 method:org.apache.zookeeper.Environment.logEnv(Environment.java:100)
Client environment:user.dir=E:\JAVA\Project\taotao\taotao-item-web


[INFO ] 2017-10-27 14:48:48,175 method:org.apache.zookeeper.ZooKeeper.<init>(ZooKeeper.java:438)
Initiating client connection, connectString=www.eshaon.xin:2181 sessionTimeout=30000 watcher=org.I0Itec.zkclient.ZkClient@4aa43c2f


[INFO ] 2017-10-27 14:48:57,411 method:org.apache.zookeeper.ClientCnxn$SendThread.logStartConnect(ClientCnxn.java:1032)
Opening socket connection to server 101.132.66.157/101.132.66.157:2181. Will not attempt to authenticate using SASL (unknown error)


[INFO ] 2017-10-27 14:48:57,435 method:org.apache.zookeeper.ClientCnxn$SendThread.primeConnection(ClientCnxn.java:876)
Socket connection established to 101.132.66.157/101.132.66.157:2181, initiating session


[INFO ] 2017-10-27 14:48:57,467 method:org.apache.zookeeper.ClientCnxn$SendThread.onConnected(ClientCnxn.java:1299)
Session establishment complete on server 101.132.66.157/101.132.66.157:2181, sessionid = 0x15f5b80c87f0010, negotiated timeout = 30000


[INFO ] 2017-10-27 14:48:57,469 method:org.I0Itec.zkclient.ZkClient.processStateChanged(ZkClient.java:449)
zookeeper state changed (SyncConnected)


[INFO ] 2017-10-27 14:48:57,553 method:com.alibaba.dubbo.registry.support.AbstractRegistry.register(AbstractRegistry.java:302)
 [DUBBO] Register: consumer://192.168.120.1/com.taotao.service.ItemService?application=taotao-item-web&category=consumers&check=false&dubbo=2.5.3&interface=com.taotao.service.ItemService&methods=getItemList,getItemDescById,addItem,getItemById&pid=5824&revision=0.0.1-SNAPSHOT&side=consumer&timestamp=1509086927811, dubbo version: 2.5.3, current host: 192.168.120.1


[INFO ] 2017-10-27 14:48:57,683 method:com.alibaba.dubbo.registry.support.AbstractRegistry.subscribe(AbstractRegistry.java:325)
 [DUBBO] Subscribe: consumer://192.168.120.1/com.taotao.service.ItemService?application=taotao-item-web&category=providers,configurators,routers&dubbo=2.5.3&interface=com.taotao.service.ItemService&methods=getItemList,getItemDescById,addItem,getItemById&pid=5824&revision=0.0.1-SNAPSHOT&side=consumer&timestamp=1509086927811, dubbo version: 2.5.3, current host: 192.168.120.1


[INFO ] 2017-10-27 14:48:57,816 method:com.alibaba.dubbo.registry.support.AbstractRegistry.notify(AbstractRegistry.java:422)
 [DUBBO] Notify urls for subscribe url consumer://192.168.120.1/com.taotao.service.ItemService?application=taotao-item-web&category=providers,configurators,routers&dubbo=2.5.3&interface=com.taotao.service.ItemService&methods=getItemList,getItemDescById,addItem,getItemById&pid=5824&revision=0.0.1-SNAPSHOT&side=consumer&timestamp=1509086927811, urls: [empty://192.168.120.1/com.taotao.service.ItemService?application=taotao-item-web&category=providers&dubbo=2.5.3&interface=com.taotao.service.ItemService&methods=getItemList,getItemDescById,addItem,getItemById&pid=5824&revision=0.0.1-SNAPSHOT&side=consumer&timestamp=1509086927811, empty://192.168.120.1/com.taotao.service.ItemService?application=taotao-item-web&category=configurators&dubbo=2.5.3&interface=com.taotao.service.ItemService&methods=getItemList,getItemDescById,addItem,getItemById&pid=5824&revision=0.0.1-SNAPSHOT&side=consumer&timestamp=1509086927811, empty://192.168.120.1/com.taotao.service.ItemService?application=taotao-item-web&category=routers&dubbo=2.5.3&interface=com.taotao.service.ItemService&methods=getItemList,getItemDescById,addItem,getItemById&pid=5824&revision=0.0.1-SNAPSHOT&side=consumer&timestamp=1509086927811], dubbo version: 2.5.3, current host: 192.168.120.1


[WARN ] 2017-10-27 14:48:57,832 method:org.springframework.context.support.AbstractApplicationContext.refresh(AbstractApplicationContext.java:546)
Exception encountered during context initialization - cancelling refresh attempt: org.springframework.beans.factory.BeanCreationException: Error creating bean with name 'itemAddMessageListener': Injection of autowired dependencies failed; nested exception is org.springframework.beans.factory.BeanCreationException: Could not autowire field: private com.taotao.service.ItemService com.taotao.item.listener.ItemAddMesssageListener.itemService; nested exception is org.springframework.beans.factory.BeanCreationException: Error creating bean with name 'itemService': FactoryBean threw exception on object creation; nested exception is java.lang.IllegalStateException: Failed to check the status of the service com.taotao.service.ItemService. No provider available for the service com.taotao.service.ItemService from the url zookeeper://www.eshaon.xin:2181/com.alibaba.dubbo.registry.RegistryService?application=taotao-item-web&dubbo=2.5.3&interface=com.taotao.service.ItemService&methods=getItemList,getItemDescById,addItem,getItemById&pid=5824&revision=0.0.1-SNAPSHOT&side=consumer&timestamp=1509086927811 to the consumer 192.168.120.1 use dubbo version 2.5.3


[ERROR] 2017-10-27 14:48:57,842 method:org.springframework.web.servlet.FrameworkServlet.initServletBean(FrameworkServlet.java:502)
Context initialization failed
org.springframework.beans.factory.BeanCreationException: Error creating bean with name 'itemAddMessageListener': Injection of autowired dependencies failed; nested exception is org.springframework.beans.factory.BeanCreationException: Could not autowire field: private com.taotao.service.ItemService com.taotao.item.listener.ItemAddMesssageListener.itemService; nested exception is org.springframework.beans.factory.BeanCreationException: Error creating bean with name 'itemService': FactoryBean threw exception on object creation; nested exception is java.lang.IllegalStateException: Failed to check the status of the service com.taotao.service.ItemService. No provider available for the service com.taotao.service.ItemService from the url zookeeper://www.eshaon.xin:2181/com.alibaba.dubbo.registry.RegistryService?application=taotao-item-web&dubbo=2.5.3&interface=com.taotao.service.ItemService&methods=getItemList,getItemDescById,addItem,getItemById&pid=5824&revision=0.0.1-SNAPSHOT&side=consumer&timestamp=1509086927811 to the consumer 192.168.120.1 use dubbo version 2.5.3
	at org.springframework.beans.factory.annotation.AutowiredAnnotationBeanPostProcessor.postProcessPropertyValues(AutowiredAnnotationBeanPostProcessor.java:334)
	at org.springframework.beans.factory.support.AbstractAutowireCapableBeanFactory.populateBean(AbstractAutowireCapableBeanFactory.java:1214)
	at org.springframework.beans.factory.support.AbstractAutowireCapableBeanFactory.doCreateBean(AbstractAutowireCapableBeanFactory.java:543)
	at org.springframework.beans.factory.support.AbstractAutowireCapableBeanFactory.createBean(AbstractAutowireCapableBeanFactory.java:482)
	at org.springframework.beans.factory.support.AbstractBeanFactory$1.getObject(AbstractBeanFactory.java:306)
	at org.springframework.beans.factory.support.DefaultSingletonBeanRegistry.getSingleton(DefaultSingletonBeanRegistry.java:230)
	at org.springframework.beans.factory.support.AbstractBeanFactory.doGetBean(AbstractBeanFactory.java:302)
	at org.springframework.beans.factory.support.AbstractBeanFactory.getBean(AbstractBeanFactory.java:197)
	at org.springframework.beans.factory.support.DefaultListableBeanFactory.preInstantiateSingletons(DefaultListableBeanFactory.java:772)
	at org.springframework.context.support.AbstractApplicationContext.finishBeanFactoryInitialization(AbstractApplicationContext.java:839)
	at org.springframework.context.support.AbstractApplicationContext.refresh(AbstractApplicationContext.java:538)
	at org.springframework.web.servlet.FrameworkServlet.configureAndRefreshWebApplicationContext(FrameworkServlet.java:668)
	at org.springframework.web.servlet.FrameworkServlet.createWebApplicationContext(FrameworkServlet.java:634)
	at org.springframework.web.servlet.FrameworkServlet.createWebApplicationContext(FrameworkServlet.java:682)
	at org.springframework.web.servlet.FrameworkServlet.initWebApplicationContext(FrameworkServlet.java:553)
	at org.springframework.web.servlet.FrameworkServlet.initServletBean(FrameworkServlet.java:494)
	at org.springframework.web.servlet.HttpServletBean.init(HttpServletBean.java:136)
	at javax.servlet.GenericServlet.init(GenericServlet.java:160)
	at org.apache.catalina.core.StandardWrapper.initServlet(StandardWrapper.java:1280)
	at org.apache.catalina.core.StandardWrapper.loadServlet(StandardWrapper.java:1193)
	at org.apache.catalina.core.StandardWrapper.load(StandardWrapper.java:1088)
	at org.apache.catalina.core.StandardContext.loadOnStartup(StandardContext.java:5176)
	at org.apache.catalina.core.StandardContext.startInternal(StandardContext.java:5460)
	at org.apache.catalina.util.LifecycleBase.start(LifecycleBase.java:150)
	at org.apache.catalina.core.ContainerBase$StartChild.call(ContainerBase.java:1559)
	at org.apache.catalina.core.ContainerBase$StartChild.call(ContainerBase.java:1549)
	at java.util.concurrent.FutureTask.run(FutureTask.java:262)
	at java.util.concurrent.ThreadPoolExecutor.runWorker(ThreadPoolExecutor.java:1145)
	at java.util.concurrent.ThreadPoolExecutor$Worker.run(ThreadPoolExecutor.java:615)
	at java.lang.Thread.run(Thread.java:745)
Caused by: org.springframework.beans.factory.BeanCreationException: Could not autowire field: private com.taotao.service.ItemService com.taotao.item.listener.ItemAddMesssageListener.itemService; nested exception is org.springframework.beans.factory.BeanCreationException: Error creating bean with name 'itemService': FactoryBean threw exception on object creation; nested exception is java.lang.IllegalStateException: Failed to check the status of the service com.taotao.service.ItemService. No provider available for the service com.taotao.service.ItemService from the url zookeeper://www.eshaon.xin:2181/com.alibaba.dubbo.registry.RegistryService?application=taotao-item-web&dubbo=2.5.3&interface=com.taotao.service.ItemService&methods=getItemList,getItemDescById,addItem,getItemById&pid=5824&revision=0.0.1-SNAPSHOT&side=consumer&timestamp=1509086927811 to the consumer 192.168.120.1 use dubbo version 2.5.3
	at org.springframework.beans.factory.annotation.AutowiredAnnotationBeanPostProcessor$AutowiredFieldElement.inject(AutowiredAnnotationBeanPostProcessor.java:573)
	at org.springframework.beans.factory.annotation.InjectionMetadata.inject(InjectionMetadata.java:88)
	at org.springframework.beans.factory.annotation.AutowiredAnnotationBeanPostProcessor.postProcessPropertyValues(AutowiredAnnotationBeanPostProcessor.java:331)
	... 29 more
Caused by: org.springframework.beans.factory.BeanCreationException: Error creating bean with name 'itemService': FactoryBean threw exception on object creation; nested exception is java.lang.IllegalStateException: Failed to check the status of the service com.taotao.service.ItemService. No provider available for the service com.taotao.service.ItemService from the url zookeeper://www.eshaon.xin:2181/com.alibaba.dubbo.registry.RegistryService?application=taotao-item-web&dubbo=2.5.3&interface=com.taotao.service.ItemService&methods=getItemList,getItemDescById,addItem,getItemById&pid=5824&revision=0.0.1-SNAPSHOT&side=consumer&timestamp=1509086927811 to the consumer 192.168.120.1 use dubbo version 2.5.3
	at org.springframework.beans.factory.support.FactoryBeanRegistrySupport.doGetObjectFromFactoryBean(FactoryBeanRegistrySupport.java:175)
	at org.springframework.beans.factory.support.FactoryBeanRegistrySupport.getObjectFromFactoryBean(FactoryBeanRegistrySupport.java:103)
	at org.springframework.beans.factory.support.AbstractBeanFactory.getObjectForBeanInstance(AbstractBeanFactory.java:1585)
	at org.springframework.beans.factory.support.AbstractBeanFactory.doGetBean(AbstractBeanFactory.java:254)
	at org.springframework.beans.factory.support.AbstractBeanFactory.getBean(AbstractBeanFactory.java:197)
	at org.springframework.beans.factory.support.DefaultListableBeanFactory.findAutowireCandidates(DefaultListableBeanFactory.java:1192)
	at org.springframework.beans.factory.support.DefaultListableBeanFactory.doResolveDependency(DefaultListableBeanFactory.java:1116)
	at org.springframework.beans.factory.support.DefaultListableBeanFactory.resolveDependency(DefaultListableBeanFactory.java:1014)
	at org.springframework.beans.factory.annotation.AutowiredAnnotationBeanPostProcessor$AutowiredFieldElement.inject(AutowiredAnnotationBeanPostProcessor.java:545)
	... 31 more
Caused by: java.lang.IllegalStateException: Failed to check the status of the service com.taotao.service.ItemService. No provider available for the service com.taotao.service.ItemService from the url zookeeper://www.eshaon.xin:2181/com.alibaba.dubbo.registry.RegistryService?application=taotao-item-web&dubbo=2.5.3&interface=com.taotao.service.ItemService&methods=getItemList,getItemDescById,addItem,getItemById&pid=5824&revision=0.0.1-SNAPSHOT&side=consumer&timestamp=1509086927811 to the consumer 192.168.120.1 use dubbo version 2.5.3
	at com.alibaba.dubbo.config.ReferenceConfig.createProxy(ReferenceConfig.java:420)
	at com.alibaba.dubbo.config.ReferenceConfig.init(ReferenceConfig.java:300)
	at com.alibaba.dubbo.config.ReferenceConfig.get(ReferenceConfig.java:138)
	at com.alibaba.dubbo.config.spring.ReferenceBean.getObject(ReferenceBean.java:65)
	at org.springframework.beans.factory.support.FactoryBeanRegistrySupport.doGetObjectFromFactoryBean(FactoryBeanRegistrySupport.java:168)
	... 39 more


[INFO ] 2017-10-27 14:48:58,366 method:org.springframework.web.servlet.FrameworkServlet.initServletBean(FrameworkServlet.java:489)
FrameworkServlet 'taotao-item-web': initialization started


[INFO ] 2017-10-27 14:48:58,367 method:org.springframework.context.support.AbstractApplicationContext.prepareRefresh(AbstractApplicationContext.java:578)
Refreshing WebApplicationContext for namespace 'taotao-item-web-servlet': startup date [Fri Oct 27 14:48:58 CST 2017]; root of context hierarchy


[INFO ] 2017-10-27 14:48:58,371 method:org.springframework.beans.factory.xml.XmlBeanDefinitionReader.loadBeanDefinitions(XmlBeanDefinitionReader.java:317)
Loading XML bean definitions from file [E:\JAVA\Project\taotao\taotao-item-web\target\classes\spring\springmvc-activemq.xml]


[INFO ] 2017-10-27 14:48:58,408 method:org.springframework.beans.factory.xml.XmlBeanDefinitionReader.loadBeanDefinitions(XmlBeanDefinitionReader.java:317)
Loading XML bean definitions from file [E:\JAVA\Project\taotao\taotao-item-web\target\classes\spring\springmvc.xml]


[INFO ] 2017-10-27 14:48:58,519 method:org.springframework.core.io.support.PropertiesLoaderSupport.loadProperties(PropertiesLoaderSupport.java:172)
Loading properties file from class path resource [resource/resource.properties]


[INFO ] 2017-10-27 14:48:58,524 method:org.springframework.beans.factory.annotation.AutowiredAnnotationBeanPostProcessor.<init>(AutowiredAnnotationBeanPostProcessor.java:153)
JSR-330 'javax.inject.Inject' annotation found and supported for autowiring


[INFO ] 2017-10-27 14:48:58,595 method:com.alibaba.dubbo.registry.support.AbstractRegistry.register(AbstractRegistry.java:302)
 [DUBBO] Register: consumer://192.168.120.1/com.taotao.service.ItemService?application=taotao-item-web&category=consumers&check=false&dubbo=2.5.3&interface=com.taotao.service.ItemService&methods=getItemList,getItemDescById,addItem,getItemById&pid=5824&revision=0.0.1-SNAPSHOT&side=consumer&timestamp=1509086938589, dubbo version: 2.5.3, current host: 192.168.120.1


[INFO ] 2017-10-27 14:48:58,755 method:com.alibaba.dubbo.registry.support.AbstractRegistry.subscribe(AbstractRegistry.java:325)
 [DUBBO] Subscribe: consumer://192.168.120.1/com.taotao.service.ItemService?application=taotao-item-web&category=providers,configurators,routers&dubbo=2.5.3&interface=com.taotao.service.ItemService&methods=getItemList,getItemDescById,addItem,getItemById&pid=5824&revision=0.0.1-SNAPSHOT&side=consumer&timestamp=1509086938589, dubbo version: 2.5.3, current host: 192.168.120.1


[INFO ] 2017-10-27 14:48:59,102 method:com.alibaba.dubbo.registry.support.AbstractRegistry.notify(AbstractRegistry.java:422)
 [DUBBO] Notify urls for subscribe url consumer://192.168.120.1/com.taotao.service.ItemService?application=taotao-item-web&category=providers,configurators,routers&dubbo=2.5.3&interface=com.taotao.service.ItemService&methods=getItemList,getItemDescById,addItem,getItemById&pid=5824&revision=0.0.1-SNAPSHOT&side=consumer&timestamp=1509086938589, urls: [empty://192.168.120.1/com.taotao.service.ItemService?application=taotao-item-web&category=providers&dubbo=2.5.3&interface=com.taotao.service.ItemService&methods=getItemList,getItemDescById,addItem,getItemById&pid=5824&revision=0.0.1-SNAPSHOT&side=consumer&timestamp=1509086938589, empty://192.168.120.1/com.taotao.service.ItemService?application=taotao-item-web&category=configurators&dubbo=2.5.3&interface=com.taotao.service.ItemService&methods=getItemList,getItemDescById,addItem,getItemById&pid=5824&revision=0.0.1-SNAPSHOT&side=consumer&timestamp=1509086938589, empty://192.168.120.1/com.taotao.service.ItemService?application=taotao-item-web&category=routers&dubbo=2.5.3&interface=com.taotao.service.ItemService&methods=getItemList,getItemDescById,addItem,getItemById&pid=5824&revision=0.0.1-SNAPSHOT&side=consumer&timestamp=1509086938589], dubbo version: 2.5.3, current host: 192.168.120.1


[WARN ] 2017-10-27 14:48:59,105 method:org.springframework.context.support.AbstractApplicationContext.refresh(AbstractApplicationContext.java:546)
Exception encountered during context initialization - cancelling refresh attempt: org.springframework.beans.factory.BeanCreationException: Error creating bean with name 'itemAddMessageListener': Injection of autowired dependencies failed; nested exception is org.springframework.beans.factory.BeanCreationException: Could not autowire field: private com.taotao.service.ItemService com.taotao.item.listener.ItemAddMesssageListener.itemService; nested exception is org.springframework.beans.factory.BeanCreationException: Error creating bean with name 'itemService': FactoryBean threw exception on object creation; nested exception is java.lang.IllegalStateException: Failed to check the status of the service com.taotao.service.ItemService. No provider available for the service com.taotao.service.ItemService from the url zookeeper://www.eshaon.xin:2181/com.alibaba.dubbo.registry.RegistryService?application=taotao-item-web&dubbo=2.5.3&interface=com.taotao.service.ItemService&methods=getItemList,getItemDescById,addItem,getItemById&pid=5824&revision=0.0.1-SNAPSHOT&side=consumer&timestamp=1509086938589 to the consumer 192.168.120.1 use dubbo version 2.5.3


[ERROR] 2017-10-27 14:48:59,106 method:org.springframework.web.servlet.FrameworkServlet.initServletBean(FrameworkServlet.java:502)
Context initialization failed
org.springframework.beans.factory.BeanCreationException: Error creating bean with name 'itemAddMessageListener': Injection of autowired dependencies failed; nested exception is org.springframework.beans.factory.BeanCreationException: Could not autowire field: private com.taotao.service.ItemService com.taotao.item.listener.ItemAddMesssageListener.itemService; nested exception is org.springframework.beans.factory.BeanCreationException: Error creating bean with name 'itemService': FactoryBean threw exception on object creation; nested exception is java.lang.IllegalStateException: Failed to check the status of the service com.taotao.service.ItemService. No provider available for the service com.taotao.service.ItemService from the url zookeeper://www.eshaon.xin:2181/com.alibaba.dubbo.registry.RegistryService?application=taotao-item-web&dubbo=2.5.3&interface=com.taotao.service.ItemService&methods=getItemList,getItemDescById,addItem,getItemById&pid=5824&revision=0.0.1-SNAPSHOT&side=consumer&timestamp=1509086938589 to the consumer 192.168.120.1 use dubbo version 2.5.3
	at org.springframework.beans.factory.annotation.AutowiredAnnotationBeanPostProcessor.postProcessPropertyValues(AutowiredAnnotationBeanPostProcessor.java:334)
	at org.springframework.beans.factory.support.AbstractAutowireCapableBeanFactory.populateBean(AbstractAutowireCapableBeanFactory.java:1214)
	at org.springframework.beans.factory.support.AbstractAutowireCapableBeanFactory.doCreateBean(AbstractAutowireCapableBeanFactory.java:543)
	at org.springframework.beans.factory.support.AbstractAutowireCapableBeanFactory.createBean(AbstractAutowireCapableBeanFactory.java:482)
	at org.springframework.beans.factory.support.AbstractBeanFactory$1.getObject(AbstractBeanFactory.java:306)
	at org.springframework.beans.factory.support.DefaultSingletonBeanRegistry.getSingleton(DefaultSingletonBeanRegistry.java:230)
	at org.springframework.beans.factory.support.AbstractBeanFactory.doGetBean(AbstractBeanFactory.java:302)
	at org.springframework.beans.factory.support.AbstractBeanFactory.getBean(AbstractBeanFactory.java:197)
	at org.springframework.beans.factory.support.DefaultListableBeanFactory.preInstantiateSingletons(DefaultListableBeanFactory.java:772)
	at org.springframework.context.support.AbstractApplicationContext.finishBeanFactoryInitialization(AbstractApplicationContext.java:839)
	at org.springframework.context.support.AbstractApplicationContext.refresh(AbstractApplicationContext.java:538)
	at org.springframework.web.servlet.FrameworkServlet.configureAndRefreshWebApplicationContext(FrameworkServlet.java:668)
	at org.springframework.web.servlet.FrameworkServlet.createWebApplicationContext(FrameworkServlet.java:634)
	at org.springframework.web.servlet.FrameworkServlet.createWebApplicationContext(FrameworkServlet.java:682)
	at org.springframework.web.servlet.FrameworkServlet.initWebApplicationContext(FrameworkServlet.java:553)
	at org.springframework.web.servlet.FrameworkServlet.initServletBean(FrameworkServlet.java:494)
	at org.springframework.web.servlet.HttpServletBean.init(HttpServletBean.java:136)
	at javax.servlet.GenericServlet.init(GenericServlet.java:160)
	at org.apache.catalina.core.StandardWrapper.initServlet(StandardWrapper.java:1280)
	at org.apache.catalina.core.StandardWrapper.loadServlet(StandardWrapper.java:1193)
	at org.apache.catalina.core.StandardWrapper.allocate(StandardWrapper.java:865)
	at org.apache.catalina.core.StandardWrapperValve.invoke(StandardWrapperValve.java:136)
	at org.apache.catalina.core.StandardContextValve.invoke(StandardContextValve.java:123)
	at org.apache.catalina.authenticator.AuthenticatorBase.invoke(AuthenticatorBase.java:502)
	at org.apache.catalina.core.StandardHostValve.invoke(StandardHostValve.java:171)
	at org.apache.catalina.valves.ErrorReportValve.invoke(ErrorReportValve.java:100)
	at org.apache.catalina.valves.AccessLogValve.invoke(AccessLogValve.java:953)
	at org.apache.catalina.core.StandardEngineValve.invoke(StandardEngineValve.java:118)
	at org.apache.catalina.connector.CoyoteAdapter.service(CoyoteAdapter.java:408)
	at org.apache.coyote.http11.AbstractHttp11Processor.process(AbstractHttp11Processor.java:1041)
	at org.apache.coyote.AbstractProtocol$AbstractConnectionHandler.process(AbstractProtocol.java:603)
	at org.apache.tomcat.util.net.JIoEndpoint$SocketProcessor.run(JIoEndpoint.java:310)
	at java.util.concurrent.ThreadPoolExecutor.runWorker(ThreadPoolExecutor.java:1145)
	at java.util.concurrent.ThreadPoolExecutor$Worker.run(ThreadPoolExecutor.java:615)
	at java.lang.Thread.run(Thread.java:745)
Caused by: org.springframework.beans.factory.BeanCreationException: Could not autowire field: private com.taotao.service.ItemService com.taotao.item.listener.ItemAddMesssageListener.itemService; nested exception is org.springframework.beans.factory.BeanCreationException: Error creating bean with name 'itemService': FactoryBean threw exception on object creation; nested exception is java.lang.IllegalStateException: Failed to check the status of the service com.taotao.service.ItemService. No provider available for the service com.taotao.service.ItemService from the url zookeeper://www.eshaon.xin:2181/com.alibaba.dubbo.registry.RegistryService?application=taotao-item-web&dubbo=2.5.3&interface=com.taotao.service.ItemService&methods=getItemList,getItemDescById,addItem,getItemById&pid=5824&revision=0.0.1-SNAPSHOT&side=consumer&timestamp=1509086938589 to the consumer 192.168.120.1 use dubbo version 2.5.3
	at org.springframework.beans.factory.annotation.AutowiredAnnotationBeanPostProcessor$AutowiredFieldElement.inject(AutowiredAnnotationBeanPostProcessor.java:573)
	at org.springframework.beans.factory.annotation.InjectionMetadata.inject(InjectionMetadata.java:88)
	at org.springframework.beans.factory.annotation.AutowiredAnnotationBeanPostProcessor.postProcessPropertyValues(AutowiredAnnotationBeanPostProcessor.java:331)
	... 34 more
Caused by: org.springframework.beans.factory.BeanCreationException: Error creating bean with name 'itemService': FactoryBean threw exception on object creation; nested exception is java.lang.IllegalStateException: Failed to check the status of the service com.taotao.service.ItemService. No provider available for the service com.taotao.service.ItemService from the url zookeeper://www.eshaon.xin:2181/com.alibaba.dubbo.registry.RegistryService?application=taotao-item-web&dubbo=2.5.3&interface=com.taotao.service.ItemService&methods=getItemList,getItemDescById,addItem,getItemById&pid=5824&revision=0.0.1-SNAPSHOT&side=consumer&timestamp=1509086938589 to the consumer 192.168.120.1 use dubbo version 2.5.3
	at org.springframework.beans.factory.support.FactoryBeanRegistrySupport.doGetObjectFromFactoryBean(FactoryBeanRegistrySupport.java:175)
	at org.springframework.beans.factory.support.FactoryBeanRegistrySupport.getObjectFromFactoryBean(FactoryBeanRegistrySupport.java:103)
	at org.springframework.beans.factory.support.AbstractBeanFactory.getObjectForBeanInstance(AbstractBeanFactory.java:1585)
	at org.springframework.beans.factory.support.AbstractBeanFactory.doGetBean(AbstractBeanFactory.java:254)
	at org.springframework.beans.factory.support.AbstractBeanFactory.getBean(AbstractBeanFactory.java:197)
	at org.springframework.beans.factory.support.DefaultListableBeanFactory.findAutowireCandidates(DefaultListableBeanFactory.java:1192)
	at org.springframework.beans.factory.support.DefaultListableBeanFactory.doResolveDependency(DefaultListableBeanFactory.java:1116)
	at org.springframework.beans.factory.support.DefaultListableBeanFactory.resolveDependency(DefaultListableBeanFactory.java:1014)
	at org.springframework.beans.factory.annotation.AutowiredAnnotationBeanPostProcessor$AutowiredFieldElement.inject(AutowiredAnnotationBeanPostProcessor.java:545)
	... 36 more
Caused by: java.lang.IllegalStateException: Failed to check the status of the service com.taotao.service.ItemService. No provider available for the service com.taotao.service.ItemService from the url zookeeper://www.eshaon.xin:2181/com.alibaba.dubbo.registry.RegistryService?application=taotao-item-web&dubbo=2.5.3&interface=com.taotao.service.ItemService&methods=getItemList,getItemDescById,addItem,getItemById&pid=5824&revision=0.0.1-SNAPSHOT&side=consumer&timestamp=1509086938589 to the consumer 192.168.120.1 use dubbo version 2.5.3
	at com.alibaba.dubbo.config.ReferenceConfig.createProxy(ReferenceConfig.java:420)
	at com.alibaba.dubbo.config.ReferenceConfig.init(ReferenceConfig.java:300)
	at com.alibaba.dubbo.config.ReferenceConfig.get(ReferenceConfig.java:138)
	at com.alibaba.dubbo.config.spring.ReferenceBean.getObject(ReferenceBean.java:65)
	at org.springframework.beans.factory.support.FactoryBeanRegistrySupport.doGetObjectFromFactoryBean(FactoryBeanRegistrySupport.java:168)
	... 44 more


[WARN ] 2017-10-27 14:48:59,183 method:com.alibaba.dubbo.config.ReferenceConfig$1.finalize(ReferenceConfig.java:106)
 [DUBBO] ReferenceConfig(null) is not DESTROYED when FINALIZE, dubbo version: 2.5.3, current host: 192.168.120.1


[WARN ] 2017-10-27 14:48:59,184 method:com.alibaba.dubbo.config.ReferenceConfig$1.finalize(ReferenceConfig.java:106)
 [DUBBO] ReferenceConfig(null) is not DESTROYED when FINALIZE, dubbo version: 2.5.3, current host: 192.168.120.1


[INFO ] 2017-10-27 15:06:15,072 method:org.springframework.web.servlet.FrameworkServlet.initServletBean(FrameworkServlet.java:489)
FrameworkServlet 'taotao-item-web': initialization started


[INFO ] 2017-10-27 15:06:15,164 method:org.springframework.context.support.AbstractApplicationContext.prepareRefresh(AbstractApplicationContext.java:578)
Refreshing WebApplicationContext for namespace 'taotao-item-web-servlet': startup date [Fri Oct 27 15:06:15 CST 2017]; root of context hierarchy


[INFO ] 2017-10-27 15:06:15,271 method:org.springframework.beans.factory.xml.XmlBeanDefinitionReader.loadBeanDefinitions(XmlBeanDefinitionReader.java:317)
Loading XML bean definitions from file [E:\JAVA\Project\taotao\taotao-item-web\target\classes\spring\springmvc-activemq.xml]


[INFO ] 2017-10-27 15:06:17,139 method:org.springframework.beans.factory.xml.XmlBeanDefinitionReader.loadBeanDefinitions(XmlBeanDefinitionReader.java:317)
Loading XML bean definitions from file [E:\JAVA\Project\taotao\taotao-item-web\target\classes\spring\springmvc.xml]


[INFO ] 2017-10-27 15:06:17,784 method:
using logger: com.alibaba.dubbo.common.logger.log4j.Log4jLoggerAdapter


[INFO ] 2017-10-27 15:06:18,611 method:org.springframework.core.io.support.PropertiesLoaderSupport.loadProperties(PropertiesLoaderSupport.java:172)
Loading properties file from class path resource [resource/resource.properties]


[INFO ] 2017-10-27 15:06:18,620 method:org.springframework.beans.factory.annotation.AutowiredAnnotationBeanPostProcessor.<init>(AutowiredAnnotationBeanPostProcessor.java:153)
JSR-330 'javax.inject.Inject' annotation found and supported for autowiring


[INFO ] 2017-10-27 15:06:21,316 method:com.alibaba.dubbo.registry.support.AbstractRegistry.loadProperties(AbstractRegistry.java:232)
 [DUBBO] Load registry store file C:\Users\Administrator\.dubbo\dubbo-registry-www.eshaon.xin.cache, data: {com.taotao.content.service.ContentCategoryService=empty://192.168.120.1:20881/com.taotao.content.service.ContentCategoryService?anyhost=true&application=taotao-content&category=configurators&check=false&dubbo=2.5.3&interface=com.taotao.content.service.ContentCategoryService&methods=addContentCategory,getContentCategoryList&pid=7336&side=provider&timeout=600000&timestamp=1509072205228, com.taotao.search.service.SearchService=dubbo://192.168.120.1:20882/com.taotao.search.service.SearchService?anyhost=true&application=taotao-search&dubbo=2.5.3&interface=com.taotao.search.service.SearchService&methods=search&pid=6060&side=provider&timeout=600000&timestamp=1509072261881 empty://192.168.120.1/com.taotao.search.service.SearchService?application=taotao-search-web&category=configurators&dubbo=2.5.3&interface=com.taotao.search.service.SearchService&methods=search&pid=7552&revision=0.0.1-SNAPSHOT&side=consumer&timestamp=1509072404815 empty://192.168.120.1/com.taotao.search.service.SearchService?application=taotao-search-web&category=routers&dubbo=2.5.3&interface=com.taotao.search.service.SearchService&methods=search&pid=7552&revision=0.0.1-SNAPSHOT&side=consumer&timestamp=1509072404815, com.taotao.service.ItemCatService=empty://192.168.120.1:20880/com.taotao.service.ItemCatService?anyhost=true&application=taotao-manager&category=configurators&check=false&dubbo=2.5.3&interface=com.taotao.service.ItemCatService&methods=getItemCatList&pid=12548&side=provider&timeout=600000&timestamp=1509087957882, com.taotao.service.ItemService=empty://192.168.120.1:20880/com.taotao.service.ItemService?anyhost=true&application=taotao-manager&category=configurators&check=false&dubbo=2.5.3&interface=com.taotao.service.ItemService&methods=getItemList,getItemDescById,addItem,getItemById&pid=12548&side=provider&timeout=600000&timestamp=1509087946824, com.taotao.content.service.ContentService=dubbo://192.168.120.1:20881/com.taotao.content.service.ContentService?anyhost=true&application=taotao-content&dubbo=2.5.3&interface=com.taotao.content.service.ContentService&methods=getContentByCid,addContent&pid=7336&side=provider&timeout=600000&timestamp=1509072214962 empty://192.168.120.1/com.taotao.content.service.ContentService?application=taotao-portal-web&category=configurators&dubbo=2.5.3&interface=com.taotao.content.service.ContentService&methods=getContentByCid,addContent&pid=5500&revision=0.0.1-SNAPSHOT&side=consumer&timestamp=1509072314106 empty://192.168.120.1/com.taotao.content.service.ContentService?application=taotao-portal-web&category=routers&dubbo=2.5.3&interface=com.taotao.content.service.ContentService&methods=getContentByCid,addContent&pid=5500&revision=0.0.1-SNAPSHOT&side=consumer&timestamp=1509072314106, com.taotao.search.service.SearchItemService=empty://192.168.120.1:20882/com.taotao.search.service.SearchItemService?anyhost=true&application=taotao-search&category=configurators&check=false&dubbo=2.5.3&interface=com.taotao.search.service.SearchItemService&methods=importItemsToIndex&pid=6060&side=provider&timeout=600000&timestamp=1509072252123}, dubbo version: 2.5.3, current host: 127.0.0.1


[INFO ] 2017-10-27 15:06:21,356 method:org.I0Itec.zkclient.ZkEventThread.run(ZkEventThread.java:64)
Starting ZkClient event thread.


[INFO ] 2017-10-27 15:06:21,367 method:org.apache.zookeeper.Environment.logEnv(Environment.java:100)
Client environment:zookeeper.version=3.4.7-1713338, built on 11/09/2015 04:32 GMT


[INFO ] 2017-10-27 15:06:21,368 method:org.apache.zookeeper.Environment.logEnv(Environment.java:100)
Client environment:host.name=Eshaon-PC


[INFO ] 2017-10-27 15:06:21,368 method:org.apache.zookeeper.Environment.logEnv(Environment.java:100)
Client environment:java.version=1.7.0_80


[INFO ] 2017-10-27 15:06:21,369 method:org.apache.zookeeper.Environment.logEnv(Environment.java:100)
Client environment:java.vendor=Oracle Corporation


[INFO ] 2017-10-27 15:06:21,369 method:org.apache.zookeeper.Environment.logEnv(Environment.java:100)
Client environment:java.home=D:\Java\jdk1.7.0_80\jre


[INFO ] 2017-10-27 15:06:21,369 method:org.apache.zookeeper.Environment.logEnv(Environment.java:100)
Client environment:java.class.path=E:\JAVA\Project\taotao-origin\maven\apache-maven-3.3.9\boot\plexus-classworlds-2.5.2.jar;D:\JetBrains\IntelliJ IDEA 2016.3.1\lib\idea_rt.jar


[INFO ] 2017-10-27 15:06:21,369 method:org.apache.zookeeper.Environment.logEnv(Environment.java:100)
Client environment:java.library.path=D:\Java\jdk1.7.0_80\bin;C:\Windows\Sun\Java\bin;C:\Windows\system32;C:\Windows;C:\Program Files\Java\jdk1.8.0_112\bin;D:\MySQL\MySQL Server 5.5\bin;.;D:\maven\apache-maven-3.5.0\bin;D:\Git\cmd;C:\Windows\system32;C:\Windows;C:\Windows\System32\Wbem;C:\Windows\System32\WindowsPowerShell\v1.0\;C:\Program Files (x86)\AMD\ATI.ACE\Core-Static;C:\Program Files (x86)\Windows Kits\8.1\Windows Performance Toolkit\;C:\Program Files\Microsoft SQL Server\110\Tools\Binn\;D:\ImageMagick-7.0.4-Q16;C:\Program Files\ImageMagick-7.0.4-Q16;C:\Program Files\nodejs\;D:\OpenCV\opencv-2.4.9\build\x86\vc12\bin;D:\TortoiseGit\bin;C:\Users\Administrator\AppData\Roaming\npm;.


[INFO ] 2017-10-27 15:06:21,370 method:org.apache.zookeeper.Environment.logEnv(Environment.java:100)
Client environment:java.io.tmpdir=C:\Users\ADMINI~1\AppData\Local\Temp\


[INFO ] 2017-10-27 15:06:21,371 method:org.apache.zookeeper.Environment.logEnv(Environment.java:100)
Client environment:java.compiler=<NA>


[INFO ] 2017-10-27 15:06:21,371 method:org.apache.zookeeper.Environment.logEnv(Environment.java:100)
Client environment:os.name=Windows 7


[INFO ] 2017-10-27 15:06:21,372 method:org.apache.zookeeper.Environment.logEnv(Environment.java:100)
Client environment:os.arch=amd64


[INFO ] 2017-10-27 15:06:21,372 method:org.apache.zookeeper.Environment.logEnv(Environment.java:100)
Client environment:os.version=6.1


[INFO ] 2017-10-27 15:06:21,372 method:org.apache.zookeeper.Environment.logEnv(Environment.java:100)
Client environment:user.name=Eshaon


[INFO ] 2017-10-27 15:06:21,373 method:org.apache.zookeeper.Environment.logEnv(Environment.java:100)
Client environment:user.home=C:\Users\Administrator


[INFO ] 2017-10-27 15:06:21,373 method:org.apache.zookeeper.Environment.logEnv(Environment.java:100)
Client environment:user.dir=E:\JAVA\Project\taotao\taotao-item-web


[INFO ] 2017-10-27 15:06:21,374 method:org.apache.zookeeper.ZooKeeper.<init>(ZooKeeper.java:438)
Initiating client connection, connectString=www.eshaon.xin:2181 sessionTimeout=30000 watcher=org.I0Itec.zkclient.ZkClient@711adeef


[INFO ] 2017-10-27 15:06:48,901 method:org.apache.zookeeper.ClientCnxn$SendThread.logStartConnect(ClientCnxn.java:1032)
Opening socket connection to server 101.132.66.157/101.132.66.157:2181. Will not attempt to authenticate using SASL (unknown error)


[INFO ] 2017-10-27 15:06:50,203 method:org.apache.zookeeper.ClientCnxn$SendThread.primeConnection(ClientCnxn.java:876)
Socket connection established to 101.132.66.157/101.132.66.157:2181, initiating session


[INFO ] 2017-10-27 15:06:50,298 method:org.apache.zookeeper.ClientCnxn$SendThread.onConnected(ClientCnxn.java:1299)
Session establishment complete on server 101.132.66.157/101.132.66.157:2181, sessionid = 0x15f5b80c87f0012, negotiated timeout = 30000


[INFO ] 2017-10-27 15:06:50,301 method:org.I0Itec.zkclient.ZkClient.processStateChanged(ZkClient.java:449)
zookeeper state changed (SyncConnected)


[INFO ] 2017-10-27 15:06:52,567 method:com.alibaba.dubbo.registry.support.AbstractRegistry.register(AbstractRegistry.java:302)
 [DUBBO] Register: consumer://192.168.120.1/com.taotao.service.ItemService?application=taotao-item-web&category=consumers&check=false&dubbo=2.5.3&interface=com.taotao.service.ItemService&methods=getItemList,getItemDescById,addItem,getItemById&pid=12648&revision=0.0.1-SNAPSHOT&side=consumer&timestamp=1509087980748, dubbo version: 2.5.3, current host: 192.168.120.1


[INFO ] 2017-10-27 15:06:53,087 method:com.alibaba.dubbo.registry.support.AbstractRegistry.subscribe(AbstractRegistry.java:325)
 [DUBBO] Subscribe: consumer://192.168.120.1/com.taotao.service.ItemService?application=taotao-item-web&category=providers,configurators,routers&dubbo=2.5.3&interface=com.taotao.service.ItemService&methods=getItemList,getItemDescById,addItem,getItemById&pid=12648&revision=0.0.1-SNAPSHOT&side=consumer&timestamp=1509087980748, dubbo version: 2.5.3, current host: 192.168.120.1


[INFO ] 2017-10-27 15:06:53,226 method:com.alibaba.dubbo.registry.support.AbstractRegistry.notify(AbstractRegistry.java:422)
 [DUBBO] Notify urls for subscribe url consumer://192.168.120.1/com.taotao.service.ItemService?application=taotao-item-web&category=providers,configurators,routers&dubbo=2.5.3&interface=com.taotao.service.ItemService&methods=getItemList,getItemDescById,addItem,getItemById&pid=12648&revision=0.0.1-SNAPSHOT&side=consumer&timestamp=1509087980748, urls: [dubbo://192.168.120.1:20880/com.taotao.service.ItemService?anyhost=true&application=taotao-manager&dubbo=2.5.3&interface=com.taotao.service.ItemService&methods=getItemList,getItemDescById,addItem,getItemById&pid=12548&side=provider&timeout=600000&timestamp=1509087946824, empty://192.168.120.1/com.taotao.service.ItemService?application=taotao-item-web&category=configurators&dubbo=2.5.3&interface=com.taotao.service.ItemService&methods=getItemList,getItemDescById,addItem,getItemById&pid=12648&revision=0.0.1-SNAPSHOT&side=consumer&timestamp=1509087980748, empty://192.168.120.1/com.taotao.service.ItemService?application=taotao-item-web&category=routers&dubbo=2.5.3&interface=com.taotao.service.ItemService&methods=getItemList,getItemDescById,addItem,getItemById&pid=12648&revision=0.0.1-SNAPSHOT&side=consumer&timestamp=1509087980748], dubbo version: 2.5.3, current host: 192.168.120.1


[INFO ] 2017-10-27 15:06:56,597 method:com.alibaba.dubbo.remoting.transport.AbstractClient.connect(AbstractClient.java:287)
 [DUBBO] Successed connect to server /192.168.120.1:20880 from NettyClient 192.168.120.1 using dubbo version 2.5.3, channel is NettyChannel [channel=[id: 0x4df1f13a, /192.168.120.1:11046 => /192.168.120.1:20880]], dubbo version: 2.5.3, current host: 192.168.120.1


[INFO ] 2017-10-27 15:06:56,598 method:com.alibaba.dubbo.remoting.transport.AbstractClient.<init>(AbstractClient.java:105)
 [DUBBO] Start NettyClient Eshaon-PC/192.168.120.1 connect to the server /192.168.120.1:20880, dubbo version: 2.5.3, current host: 192.168.120.1


[INFO ] 2017-10-27 15:06:56,878 method:com.alibaba.dubbo.config.ReferenceConfig.createProxy(ReferenceConfig.java:423)
 [DUBBO] Refer dubbo service com.taotao.service.ItemService from url zookeeper://www.eshaon.xin:2181/com.alibaba.dubbo.registry.RegistryService?anyhost=true&application=taotao-item-web&check=false&dubbo=2.5.3&interface=com.taotao.service.ItemService&methods=getItemList,getItemDescById,addItem,getItemById&pid=12648&revision=0.0.1-SNAPSHOT&side=consumer&timeout=600000&timestamp=1509087980748, dubbo version: 2.5.3, current host: 192.168.120.1


[INFO ] 2017-10-27 15:07:00,565 method:org.springframework.web.servlet.view.freemarker.FreeMarkerConfigurer.postProcessTemplateLoaders(FreeMarkerConfigurer.java:127)
ClassTemplateLoader for Spring macros added to FreeMarker configuration


[INFO ] 2017-10-27 15:07:02,098 method:org.springframework.web.servlet.handler.AbstractHandlerMethodMapping$MappingRegistry.register(AbstractHandlerMethodMapping.java:527)
Mapped "{[/genhtml]}" onto public java.lang.String com.taotao.item.controller.HtmlGenController.genHtml() throws java.lang.Exception


[INFO ] 2017-10-27 15:07:02,100 method:org.springframework.web.servlet.handler.AbstractHandlerMethodMapping$MappingRegistry.register(AbstractHandlerMethodMapping.java:527)
Mapped "{[/item/{itemId}]}" onto public java.lang.String com.taotao.item.controller.ItemController.showItem(java.lang.Long,org.springframework.ui.Model)


[INFO ] 2017-10-27 15:07:08,263 method:org.springframework.web.servlet.mvc.method.annotation.RequestMappingHandlerAdapter.initControllerAdviceCache(RequestMappingHandlerAdapter.java:532)
Looking for @ControllerAdvice: WebApplicationContext for namespace 'taotao-item-web-servlet': startup date [Fri Oct 27 15:06:15 CST 2017]; root of context hierarchy


[INFO ] 2017-10-27 15:07:08,334 method:org.springframework.web.servlet.mvc.method.annotation.RequestMappingHandlerAdapter.initControllerAdviceCache(RequestMappingHandlerAdapter.java:532)
Looking for @ControllerAdvice: WebApplicationContext for namespace 'taotao-item-web-servlet': startup date [Fri Oct 27 15:06:15 CST 2017]; root of context hierarchy


[INFO ] 2017-10-27 15:07:11,912 method:org.springframework.context.support.DefaultLifecycleProcessor$LifecycleGroup.start(DefaultLifecycleProcessor.java:341)
Starting beans in phase 2147483647


[INFO ] 2017-10-27 15:07:18,109 method:org.springframework.jms.connection.SingleConnectionFactory.initConnection(SingleConnectionFactory.java:311)
Established shared JMS Connection: ActiveMQConnection {id=ID:Eshaon-PC-11050-1509088036237-1:1,clientId=null,started=false}


[INFO ] 2017-10-27 15:07:20,383 method:org.springframework.web.servlet.FrameworkServlet.initServletBean(FrameworkServlet.java:508)
FrameworkServlet 'taotao-item-web': initialization completed in 65260 ms


[WARN ] 2017-10-27 15:43:46,860 method:org.springframework.web.servlet.DispatcherServlet.noHandlerFound(DispatcherServlet.java:1136)
No mapping found for HTTP request with URI [/] in DispatcherServlet with name 'taotao-item-web'
