

[INFO ] 2017-10-26 23:00:05,229 method:com.alibaba.dubbo.registry.support.AbstractRegistry.notify(AbstractRegistry.java:422)
 [DUBBO] Notify urls for subscribe url consumer://192.168.120.1/com.taotao.content.service.ContentService?application=taotao-portal-web&category=providers,configurators,routers&dubbo=2.5.3&interface=com.taotao.content.service.ContentService&methods=getContentByCid,addContent&pid=43520&revision=0.0.1-SNAPSHOT&side=consumer&timestamp=1509029993475, urls: [empty://192.168.120.1/com.taotao.content.service.ContentService?application=taotao-portal-web&category=providers&dubbo=2.5.3&interface=com.taotao.content.service.ContentService&methods=getContentByCid,addContent&pid=43520&revision=0.0.1-SNAPSHOT&side=consumer&timestamp=1509029993475, empty://192.168.120.1/com.taotao.content.service.ContentService?application=taotao-portal-web&category=configurators&dubbo=2.5.3&interface=com.taotao.content.service.ContentService&methods=getContentByCid,addContent&pid=43520&revision=0.0.1-SNAPSHOT&side=consumer&timestamp=1509029993475, empty://192.168.120.1/com.taotao.content.service.ContentService?application=taotao-portal-web&category=routers&dubbo=2.5.3&interface=com.taotao.content.service.ContentService&methods=getContentByCid,addContent&pid=43520&revision=0.0.1-SNAPSHOT&side=consumer&timestamp=1509029993475], dubbo version: 2.5.3, current host: 192.168.120.1


[WARN ] 2017-10-26 23:00:05,239 method:org.springframework.context.support.AbstractApplicationContext.refresh(AbstractApplicationContext.java:546)
Exception encountered during context initialization - cancelling refresh attempt: org.springframework.beans.factory.BeanCreationException: Error creating bean with name 'indexController': Injection of autowired dependencies failed; nested exception is org.springframework.beans.factory.BeanCreationException: Could not autowire field: private com.taotao.content.service.ContentService com.taotao.portal.controller.IndexController.contentService; nested exception is org.springframework.beans.factory.BeanCreationException: Error creating bean with name 'contentService': FactoryBean threw exception on object creation; nested exception is java.lang.IllegalStateException: Failed to check the status of the service com.taotao.content.service.ContentService. No provider available for the service com.taotao.content.service.ContentService from the url zookeeper://www.eshaon.xin:2181/com.alibaba.dubbo.registry.RegistryService?application=taotao-portal-web&dubbo=2.5.3&interface=com.taotao.content.service.ContentService&methods=getContentByCid,addContent&pid=43520&revision=0.0.1-SNAPSHOT&side=consumer&timestamp=1509029993475 to the consumer 192.168.120.1 use dubbo version 2.5.3


[ERROR] 2017-10-26 23:00:05,265 method:org.springframework.web.servlet.FrameworkServlet.initServletBean(FrameworkServlet.java:502)
Context initialization failed
org.springframework.beans.factory.BeanCreationException: Error creating bean with name 'indexController': Injection of autowired dependencies failed; nested exception is org.springframework.beans.factory.BeanCreationException: Could not autowire field: private com.taotao.content.service.ContentService com.taotao.portal.controller.IndexController.contentService; nested exception is org.springframework.beans.factory.BeanCreationException: Error creating bean with name 'contentService': FactoryBean threw exception on object creation; nested exception is java.lang.IllegalStateException: Failed to check the status of the service com.taotao.content.service.ContentService. No provider available for the service com.taotao.content.service.ContentService from the url zookeeper://www.eshaon.xin:2181/com.alibaba.dubbo.registry.RegistryService?application=taotao-portal-web&dubbo=2.5.3&interface=com.taotao.content.service.ContentService&methods=getContentByCid,addContent&pid=43520&revision=0.0.1-SNAPSHOT&side=consumer&timestamp=1509029993475 to the consumer 192.168.120.1 use dubbo version 2.5.3
	at org.springframework.beans.factory.annotation.AutowiredAnnotationBeanPostProcessor.postProcessPropertyValues(AutowiredAnnotationBeanPostProcessor.java:334)
	at org.springframework.beans.factory.support.AbstractAutowireCapableBeanFactory.populateBean(AbstractAutowireCapableBeanFactory.java:1214)
	at org.springframework.beans.factory.support.AbstractAutowireCapableBeanFactory.doCreateBean(AbstractAutowireCapableBeanFactory.java:543)
	at org.springframework.beans.factory.support.AbstractAutowireCapableBeanFactory.createBean(AbstractAutowireCapableBeanFactory.java:482)
	at org.springframework.beans.factory.support.AbstractBeanFactory$1.getObject(AbstractBeanFactory.java:306)
	at org.springframework.beans.factory.support.DefaultSingletonBeanRegistry.getSingleton(DefaultSingletonBeanRegistry.java:230)
	at org.springframework.beans.factory.support.AbstractBeanFactory.doGetBean(AbstractBeanFactory.java:302)
	at org.springframework.beans.factory.support.AbstractBeanFactory.getBean(AbstractBeanFactory.java:197)
	at org.springframework.beans.factory.support.DefaultListableBeanFactory.preInstantiateSingletons(DefaultListableBeanFactory.java:772)
	at org.springframework.context.support.AbstractApplicationContext.finishBeanFactoryInitialization(AbstractApplicationContext.java:839)
	at org.springframework.context.support.AbstractApplicationContext.refresh(AbstractApplicationContext.java:538)
	at org.springframework.web.servlet.FrameworkServlet.configureAndRefreshWebApplicationContext(FrameworkServlet.java:668)
	at org.springframework.web.servlet.FrameworkServlet.createWebApplicationContext(FrameworkServlet.java:634)
	at org.springframework.web.servlet.FrameworkServlet.createWebApplicationContext(FrameworkServlet.java:682)
	at org.springframework.web.servlet.FrameworkServlet.initWebApplicationContext(FrameworkServlet.java:553)
	at org.springframework.web.servlet.FrameworkServlet.initServletBean(FrameworkServlet.java:494)
	at org.springframework.web.servlet.HttpServletBean.init(HttpServletBean.java:136)
	at javax.servlet.GenericServlet.init(GenericServlet.java:160)
	at org.apache.catalina.core.StandardWrapper.initServlet(StandardWrapper.java:1280)
	at org.apache.catalina.core.StandardWrapper.loadServlet(StandardWrapper.java:1193)
	at org.apache.catalina.core.StandardWrapper.load(StandardWrapper.java:1088)
	at org.apache.catalina.core.StandardContext.loadOnStartup(StandardContext.java:5176)
	at org.apache.catalina.core.StandardContext.startInternal(StandardContext.java:5460)
	at org.apache.catalina.util.LifecycleBase.start(LifecycleBase.java:150)
	at org.apache.catalina.core.ContainerBase$StartChild.call(ContainerBase.java:1559)
	at org.apache.catalina.core.ContainerBase$StartChild.call(ContainerBase.java:1549)
	at java.util.concurrent.FutureTask.run(FutureTask.java:262)
	at java.util.concurrent.ThreadPoolExecutor.runWorker(ThreadPoolExecutor.java:1145)
	at java.util.concurrent.ThreadPoolExecutor$Worker.run(ThreadPoolExecutor.java:615)
	at java.lang.Thread.run(Thread.java:745)
Caused by: org.springframework.beans.factory.BeanCreationException: Could not autowire field: private com.taotao.content.service.ContentService com.taotao.portal.controller.IndexController.contentService; nested exception is org.springframework.beans.factory.BeanCreationException: Error creating bean with name 'contentService': FactoryBean threw exception on object creation; nested exception is java.lang.IllegalStateException: Failed to check the status of the service com.taotao.content.service.ContentService. No provider available for the service com.taotao.content.service.ContentService from the url zookeeper://www.eshaon.xin:2181/com.alibaba.dubbo.registry.RegistryService?application=taotao-portal-web&dubbo=2.5.3&interface=com.taotao.content.service.ContentService&methods=getContentByCid,addContent&pid=43520&revision=0.0.1-SNAPSHOT&side=consumer&timestamp=1509029993475 to the consumer 192.168.120.1 use dubbo version 2.5.3
	at org.springframework.beans.factory.annotation.AutowiredAnnotationBeanPostProcessor$AutowiredFieldElement.inject(AutowiredAnnotationBeanPostProcessor.java:573)
	at org.springframework.beans.factory.annotation.InjectionMetadata.inject(InjectionMetadata.java:88)
	at org.springframework.beans.factory.annotation.AutowiredAnnotationBeanPostProcessor.postProcessPropertyValues(AutowiredAnnotationBeanPostProcessor.java:331)
	... 29 more
Caused by: org.springframework.beans.factory.BeanCreationException: Error creating bean with name 'contentService': FactoryBean threw exception on object creation; nested exception is java.lang.IllegalStateException: Failed to check the status of the service com.taotao.content.service.ContentService. No provider available for the service com.taotao.content.service.ContentService from the url zookeeper://www.eshaon.xin:2181/com.alibaba.dubbo.registry.RegistryService?application=taotao-portal-web&dubbo=2.5.3&interface=com.taotao.content.service.ContentService&methods=getContentByCid,addContent&pid=43520&revision=0.0.1-SNAPSHOT&side=consumer&timestamp=1509029993475 to the consumer 192.168.120.1 use dubbo version 2.5.3
	at org.springframework.beans.factory.support.FactoryBeanRegistrySupport.doGetObjectFromFactoryBean(FactoryBeanRegistrySupport.java:175)
	at org.springframework.beans.factory.support.FactoryBeanRegistrySupport.getObjectFromFactoryBean(FactoryBeanRegistrySupport.java:103)
	at org.springframework.beans.factory.support.AbstractBeanFactory.getObjectForBeanInstance(AbstractBeanFactory.java:1585)
	at org.springframework.beans.factory.support.AbstractBeanFactory.doGetBean(AbstractBeanFactory.java:254)
	at org.springframework.beans.factory.support.AbstractBeanFactory.getBean(AbstractBeanFactory.java:197)
	at org.springframework.beans.factory.support.DefaultListableBeanFactory.findAutowireCandidates(DefaultListableBeanFactory.java:1192)
	at org.springframework.beans.factory.support.DefaultListableBeanFactory.doResolveDependency(DefaultListableBeanFactory.java:1116)
	at org.springframework.beans.factory.support.DefaultListableBeanFactory.resolveDependency(DefaultListableBeanFactory.java:1014)
	at org.springframework.beans.factory.annotation.AutowiredAnnotationBeanPostProcessor$AutowiredFieldElement.inject(AutowiredAnnotationBeanPostProcessor.java:545)
	... 31 more
Caused by: java.lang.IllegalStateException: Failed to check the status of the service com.taotao.content.service.ContentService. No provider available for the service com.taotao.content.service.ContentService from the url zookeeper://www.eshaon.xin:2181/com.alibaba.dubbo.registry.RegistryService?application=taotao-portal-web&dubbo=2.5.3&interface=com.taotao.content.service.ContentService&methods=getContentByCid,addContent&pid=43520&revision=0.0.1-SNAPSHOT&side=consumer&timestamp=1509029993475 to the consumer 192.168.120.1 use dubbo version 2.5.3
	at com.alibaba.dubbo.config.ReferenceConfig.createProxy(ReferenceConfig.java:420)
	at com.alibaba.dubbo.config.ReferenceConfig.init(ReferenceConfig.java:300)
	at com.alibaba.dubbo.config.ReferenceConfig.get(ReferenceConfig.java:138)
	at com.alibaba.dubbo.config.spring.ReferenceBean.getObject(ReferenceBean.java:65)
	at org.springframework.beans.factory.support.FactoryBeanRegistrySupport.doGetObjectFromFactoryBean(FactoryBeanRegistrySupport.java:168)
	... 39 more


[INFO ] 2017-10-26 23:28:45,347 method:org.springframework.web.servlet.FrameworkServlet.initServletBean(FrameworkServlet.java:489)
FrameworkServlet 'taotao-portal-web': initialization started


[INFO ] 2017-10-26 23:28:45,435 method:org.springframework.context.support.AbstractApplicationContext.prepareRefresh(AbstractApplicationContext.java:578)
Refreshing WebApplicationContext for namespace 'taotao-portal-web-servlet': startup date [Thu Oct 26 23:28:45 CST 2017]; root of context hierarchy


[INFO ] 2017-10-26 23:28:45,595 method:org.springframework.beans.factory.xml.XmlBeanDefinitionReader.loadBeanDefinitions(XmlBeanDefinitionReader.java:317)
Loading XML bean definitions from class path resource [spring/springmvc.xml]


[INFO ] 2017-10-26 23:28:51,093 method:
using logger: com.alibaba.dubbo.common.logger.log4j.Log4jLoggerAdapter


[INFO ] 2017-10-26 23:28:51,326 method:org.springframework.core.io.support.PropertiesLoaderSupport.loadProperties(PropertiesLoaderSupport.java:172)
Loading properties file from class path resource [resource/resource.properties]


[INFO ] 2017-10-26 23:28:51,382 method:org.springframework.beans.factory.annotation.AutowiredAnnotationBeanPostProcessor.<init>(AutowiredAnnotationBeanPostProcessor.java:153)
JSR-330 'javax.inject.Inject' annotation found and supported for autowiring


[INFO ] 2017-10-26 23:28:52,265 method:org.springframework.web.servlet.handler.AbstractHandlerMethodMapping$MappingRegistry.register(AbstractHandlerMethodMapping.java:527)
Mapped "{[/index]}" onto public java.lang.String com.taotao.portal.controller.IndexController.showIndex(org.springframework.ui.Model)


[INFO ] 2017-10-26 23:28:53,199 method:org.springframework.web.servlet.mvc.method.annotation.RequestMappingHandlerAdapter.initControllerAdviceCache(RequestMappingHandlerAdapter.java:532)
Looking for @ControllerAdvice: WebApplicationContext for namespace 'taotao-portal-web-servlet': startup date [Thu Oct 26 23:28:45 CST 2017]; root of context hierarchy


[INFO ] 2017-10-26 23:28:53,272 method:org.springframework.web.servlet.mvc.method.annotation.RequestMappingHandlerAdapter.initControllerAdviceCache(RequestMappingHandlerAdapter.java:532)
Looking for @ControllerAdvice: WebApplicationContext for namespace 'taotao-portal-web-servlet': startup date [Thu Oct 26 23:28:45 CST 2017]; root of context hierarchy


[INFO ] 2017-10-26 23:28:53,809 method:com.alibaba.dubbo.registry.support.AbstractRegistry.loadProperties(AbstractRegistry.java:232)
 [DUBBO] Load registry store file C:\Users\Administrator\.dubbo\dubbo-registry-www.eshaon.xin.cache, data: {com.taotao.content.service.ContentCategoryService=empty://192.168.120.1:20881/com.taotao.content.service.ContentCategoryService?anyhost=true&application=taotao-content&category=configurators&check=false&dubbo=2.5.3&interface=com.taotao.content.service.ContentCategoryService&methods=addContentCategory,getContentCategoryList&pid=41076&side=provider&timeout=600000&timestamp=1509031109327, com.taotao.search.service.SearchService=empty://192.168.120.1:20882/com.taotao.search.service.SearchService?anyhost=true&application=taotao-search&category=configurators&check=false&dubbo=2.5.3&interface=com.taotao.search.service.SearchService&methods=search&pid=13988&side=provider&timeout=600000&timestamp=1509031528006, com.taotao.service.ItemCatService=empty://192.168.120.1:20880/com.taotao.service.ItemCatService?anyhost=true&application=taotao-manager&category=configurators&check=false&dubbo=2.5.3&interface=com.taotao.service.ItemCatService&methods=getItemCatList&pid=43248&side=provider&timeout=600000&timestamp=1509031074149, com.taotao.content.service.ContentService=empty://192.168.120.1:20881/com.taotao.content.service.ContentService?anyhost=true&application=taotao-content&category=configurators&check=false&dubbo=2.5.3&interface=com.taotao.content.service.ContentService&methods=getContentByCid,addContent&pid=41076&side=provider&timeout=600000&timestamp=1509031119556, com.taotao.service.ItemService=empty://192.168.120.1:20880/com.taotao.service.ItemService?anyhost=true&application=taotao-manager&category=configurators&check=false&dubbo=2.5.3&interface=com.taotao.service.ItemService&methods=getItemList,getItemDescById,addItem,getItemById&pid=43248&side=provider&timeout=600000&timestamp=1509031063188, com.taotao.search.service.SearchItemService=empty://192.168.120.1:20882/com.taotao.search.service.SearchItemService?anyhost=true&application=taotao-search&category=configurators&check=false&dubbo=2.5.3&interface=com.taotao.search.service.SearchItemService&methods=importItemsToIndex&pid=13988&side=provider&timeout=600000&timestamp=1509031477953}, dubbo version: 2.5.3, current host: 127.0.0.1


[INFO ] 2017-10-26 23:28:53,850 method:org.I0Itec.zkclient.ZkEventThread.run(ZkEventThread.java:64)
Starting ZkClient event thread.


[INFO ] 2017-10-26 23:28:54,933 method:org.apache.zookeeper.Environment.logEnv(Environment.java:100)
Client environment:zookeeper.version=3.4.7-1713338, built on 11/09/2015 04:32 GMT


[INFO ] 2017-10-26 23:28:54,935 method:org.apache.zookeeper.Environment.logEnv(Environment.java:100)
Client environment:host.name=192.168.120.1


[INFO ] 2017-10-26 23:28:54,935 method:org.apache.zookeeper.Environment.logEnv(Environment.java:100)
Client environment:java.version=1.7.0_80


[INFO ] 2017-10-26 23:28:54,936 method:org.apache.zookeeper.Environment.logEnv(Environment.java:100)
Client environment:java.vendor=Oracle Corporation


[INFO ] 2017-10-26 23:28:54,937 method:org.apache.zookeeper.Environment.logEnv(Environment.java:100)
Client environment:java.home=D:\Java\jdk1.7.0_80\jre


[INFO ] 2017-10-26 23:28:54,939 method:org.apache.zookeeper.Environment.logEnv(Environment.java:100)
Client environment:java.class.path=E:\JAVA\Project\taotao-origin\maven\apache-maven-3.3.9\boot\plexus-classworlds-2.5.2.jar;D:\JetBrains\IntelliJ IDEA 2016.3.1\lib\idea_rt.jar


[INFO ] 2017-10-26 23:28:54,942 method:org.apache.zookeeper.Environment.logEnv(Environment.java:100)
Client environment:java.library.path=D:\Java\jdk1.7.0_80\bin;C:\Windows\Sun\Java\bin;C:\Windows\system32;C:\Windows;C:\Program Files\Java\jdk1.8.0_112\bin;D:\MySQL\MySQL Server 5.5\bin;.;D:\maven\apache-maven-3.5.0\bin;D:\Git\cmd;C:\Windows\system32;C:\Windows;C:\Windows\System32\Wbem;C:\Windows\System32\WindowsPowerShell\v1.0\;C:\Program Files (x86)\AMD\ATI.ACE\Core-Static;C:\Program Files (x86)\Windows Kits\8.1\Windows Performance Toolkit\;C:\Program Files\Microsoft SQL Server\110\Tools\Binn\;D:\ImageMagick-7.0.4-Q16;C:\Program Files\ImageMagick-7.0.4-Q16;C:\Program Files\nodejs\;D:\OpenCV\opencv-2.4.9\build\x86\vc12\bin;D:\TortoiseGit\bin;C:\Users\Administrator\AppData\Roaming\npm;.


[INFO ] 2017-10-26 23:28:54,943 method:org.apache.zookeeper.Environment.logEnv(Environment.java:100)
Client environment:java.io.tmpdir=C:\Users\ADMINI~1\AppData\Local\Temp\


[INFO ] 2017-10-26 23:28:54,943 method:org.apache.zookeeper.Environment.logEnv(Environment.java:100)
Client environment:java.compiler=<NA>


[INFO ] 2017-10-26 23:28:54,944 method:org.apache.zookeeper.Environment.logEnv(Environment.java:100)
Client environment:os.name=Windows 7


[INFO ] 2017-10-26 23:28:54,945 method:org.apache.zookeeper.Environment.logEnv(Environment.java:100)
Client environment:os.arch=amd64


[INFO ] 2017-10-26 23:28:54,946 method:org.apache.zookeeper.Environment.logEnv(Environment.java:100)
Client environment:os.version=6.1


[INFO ] 2017-10-26 23:28:54,946 method:org.apache.zookeeper.Environment.logEnv(Environment.java:100)
Client environment:user.name=Eshaon


[INFO ] 2017-10-26 23:28:54,948 method:org.apache.zookeeper.Environment.logEnv(Environment.java:100)
Client environment:user.home=C:\Users\Administrator


[INFO ] 2017-10-26 23:28:54,948 method:org.apache.zookeeper.Environment.logEnv(Environment.java:100)
Client environment:user.dir=E:\JAVA\Project\taotao\taotao-portal-web


[INFO ] 2017-10-26 23:28:54,952 method:org.apache.zookeeper.ZooKeeper.<init>(ZooKeeper.java:438)
Initiating client connection, connectString=www.eshaon.xin:2181 sessionTimeout=30000 watcher=org.I0Itec.zkclient.ZkClient@698b6dfb


[INFO ] 2017-10-26 23:29:04,716 method:org.apache.zookeeper.ClientCnxn$SendThread.logStartConnect(ClientCnxn.java:1032)
Opening socket connection to server 101.132.66.157/101.132.66.157:2181. Will not attempt to authenticate using SASL (unknown error)


[INFO ] 2017-10-26 23:29:04,727 method:org.apache.zookeeper.ClientCnxn$SendThread.primeConnection(ClientCnxn.java:876)
Socket connection established to 101.132.66.157/101.132.66.157:2181, initiating session


[INFO ] 2017-10-26 23:29:04,750 method:org.apache.zookeeper.ClientCnxn$SendThread.onConnected(ClientCnxn.java:1299)
Session establishment complete on server 101.132.66.157/101.132.66.157:2181, sessionid = 0x15f528d9b210058, negotiated timeout = 30000


[INFO ] 2017-10-26 23:29:04,755 method:org.I0Itec.zkclient.ZkClient.processStateChanged(ZkClient.java:449)
zookeeper state changed (SyncConnected)


[INFO ] 2017-10-26 23:29:04,804 method:com.alibaba.dubbo.registry.support.AbstractRegistry.register(AbstractRegistry.java:302)
 [DUBBO] Register: consumer://192.168.120.1/com.taotao.content.service.ContentService?application=taotao-portal-web&category=consumers&check=false&dubbo=2.5.3&interface=com.taotao.content.service.ContentService&methods=getContentByCid,addContent&pid=42536&revision=0.0.1-SNAPSHOT&side=consumer&timestamp=1509031733383, dubbo version: 2.5.3, current host: 192.168.120.1


[INFO ] 2017-10-26 23:29:04,862 method:com.alibaba.dubbo.registry.support.AbstractRegistry.subscribe(AbstractRegistry.java:325)
 [DUBBO] Subscribe: consumer://192.168.120.1/com.taotao.content.service.ContentService?application=taotao-portal-web&category=providers,configurators,routers&dubbo=2.5.3&interface=com.taotao.content.service.ContentService&methods=getContentByCid,addContent&pid=42536&revision=0.0.1-SNAPSHOT&side=consumer&timestamp=1509031733383, dubbo version: 2.5.3, current host: 192.168.120.1


[INFO ] 2017-10-26 23:29:04,985 method:com.alibaba.dubbo.registry.support.AbstractRegistry.notify(AbstractRegistry.java:422)
 [DUBBO] Notify urls for subscribe url consumer://192.168.120.1/com.taotao.content.service.ContentService?application=taotao-portal-web&category=providers,configurators,routers&dubbo=2.5.3&interface=com.taotao.content.service.ContentService&methods=getContentByCid,addContent&pid=42536&revision=0.0.1-SNAPSHOT&side=consumer&timestamp=1509031733383, urls: [dubbo://192.168.120.1:20881/com.taotao.content.service.ContentService?anyhost=true&application=taotao-content&dubbo=2.5.3&interface=com.taotao.content.service.ContentService&methods=getContentByCid,addContent&pid=41076&side=provider&timeout=600000&timestamp=1509031119556, empty://192.168.120.1/com.taotao.content.service.ContentService?application=taotao-portal-web&category=configurators&dubbo=2.5.3&interface=com.taotao.content.service.ContentService&methods=getContentByCid,addContent&pid=42536&revision=0.0.1-SNAPSHOT&side=consumer&timestamp=1509031733383, empty://192.168.120.1/com.taotao.content.service.ContentService?application=taotao-portal-web&category=routers&dubbo=2.5.3&interface=com.taotao.content.service.ContentService&methods=getContentByCid,addContent&pid=42536&revision=0.0.1-SNAPSHOT&side=consumer&timestamp=1509031733383], dubbo version: 2.5.3, current host: 192.168.120.1


[INFO ] 2017-10-26 23:29:05,685 method:com.alibaba.dubbo.remoting.transport.AbstractClient.connect(AbstractClient.java:287)
 [DUBBO] Successed connect to server /192.168.120.1:20881 from NettyClient 192.168.120.1 using dubbo version 2.5.3, channel is NettyChannel [channel=[id: 0x59eda6be, /192.168.120.1:62073 => /192.168.120.1:20881]], dubbo version: 2.5.3, current host: 192.168.120.1


[INFO ] 2017-10-26 23:29:05,687 method:com.alibaba.dubbo.remoting.transport.AbstractClient.<init>(AbstractClient.java:105)
 [DUBBO] Start NettyClient Eshaon-PC/192.168.120.1 connect to the server /192.168.120.1:20881, dubbo version: 2.5.3, current host: 192.168.120.1


[INFO ] 2017-10-26 23:29:06,025 method:com.alibaba.dubbo.config.ReferenceConfig.createProxy(ReferenceConfig.java:423)
 [DUBBO] Refer dubbo service com.taotao.content.service.ContentService from url zookeeper://www.eshaon.xin:2181/com.alibaba.dubbo.registry.RegistryService?anyhost=true&application=taotao-portal-web&check=false&dubbo=2.5.3&interface=com.taotao.content.service.ContentService&methods=getContentByCid,addContent&pid=42536&revision=0.0.1-SNAPSHOT&side=consumer&timeout=600000&timestamp=1509031733383, dubbo version: 2.5.3, current host: 192.168.120.1


[INFO ] 2017-10-26 23:29:06,559 method:org.springframework.web.servlet.FrameworkServlet.initServletBean(FrameworkServlet.java:508)
FrameworkServlet 'taotao-portal-web': initialization completed in 21156 ms


[INFO ] 2017-10-27 09:27:39,061 method:org.springframework.web.servlet.FrameworkServlet.initServletBean(FrameworkServlet.java:489)
FrameworkServlet 'taotao-portal-web': initialization started


[INFO ] 2017-10-27 09:27:39,241 method:org.springframework.context.support.AbstractApplicationContext.prepareRefresh(AbstractApplicationContext.java:578)
Refreshing WebApplicationContext for namespace 'taotao-portal-web-servlet': startup date [Fri Oct 27 09:27:39 CST 2017]; root of context hierarchy


[INFO ] 2017-10-27 09:27:39,755 method:org.springframework.beans.factory.xml.XmlBeanDefinitionReader.loadBeanDefinitions(XmlBeanDefinitionReader.java:317)
Loading XML bean definitions from class path resource [spring/springmvc.xml]


[INFO ] 2017-10-27 09:27:45,359 method:
using logger: com.alibaba.dubbo.common.logger.log4j.Log4jLoggerAdapter


[INFO ] 2017-10-27 09:27:45,562 method:org.springframework.core.io.support.PropertiesLoaderSupport.loadProperties(PropertiesLoaderSupport.java:172)
Loading properties file from class path resource [resource/resource.properties]


[INFO ] 2017-10-27 09:27:45,562 method:org.springframework.beans.factory.annotation.AutowiredAnnotationBeanPostProcessor.<init>(AutowiredAnnotationBeanPostProcessor.java:153)
JSR-330 'javax.inject.Inject' annotation found and supported for autowiring


[INFO ] 2017-10-27 09:27:46,170 method:org.springframework.web.servlet.handler.AbstractHandlerMethodMapping$MappingRegistry.register(AbstractHandlerMethodMapping.java:527)
Mapped "{[/index]}" onto public java.lang.String com.taotao.portal.controller.IndexController.showIndex(org.springframework.ui.Model)


[INFO ] 2017-10-27 09:27:47,012 method:org.springframework.web.servlet.mvc.method.annotation.RequestMappingHandlerAdapter.initControllerAdviceCache(RequestMappingHandlerAdapter.java:532)
Looking for @ControllerAdvice: WebApplicationContext for namespace 'taotao-portal-web-servlet': startup date [Fri Oct 27 09:27:39 CST 2017]; root of context hierarchy


[INFO ] 2017-10-27 09:27:47,075 method:org.springframework.web.servlet.mvc.method.annotation.RequestMappingHandlerAdapter.initControllerAdviceCache(RequestMappingHandlerAdapter.java:532)
Looking for @ControllerAdvice: WebApplicationContext for namespace 'taotao-portal-web-servlet': startup date [Fri Oct 27 09:27:39 CST 2017]; root of context hierarchy


[INFO ] 2017-10-27 09:27:47,512 method:com.alibaba.dubbo.registry.support.AbstractRegistry.loadProperties(AbstractRegistry.java:232)
 [DUBBO] Load registry store file C:\Users\Administrator\.dubbo\dubbo-registry-www.eshaon.xin.cache, data: {com.taotao.content.service.ContentCategoryService=empty://192.168.120.1:20881/com.taotao.content.service.ContentCategoryService?anyhost=true&application=taotao-content&category=configurators&check=false&dubbo=2.5.3&interface=com.taotao.content.service.ContentCategoryService&methods=addContentCategory,getContentCategoryList&pid=2080&side=provider&timeout=600000&timestamp=1509067418452, com.taotao.search.service.SearchService=empty://192.168.120.1:20882/com.taotao.search.service.SearchService?anyhost=true&application=taotao-search&category=configurators&check=false&dubbo=2.5.3&interface=com.taotao.search.service.SearchService&methods=search&pid=6824&side=provider&timeout=600000&timestamp=1509067577462, com.taotao.service.ItemCatService=empty://192.168.120.1:20880/com.taotao.service.ItemCatService?anyhost=true&application=taotao-manager&category=configurators&check=false&dubbo=2.5.3&interface=com.taotao.service.ItemCatService&methods=getItemCatList&pid=7104&side=provider&timeout=600000&timestamp=1509067375525, com.taotao.service.ItemService=empty://192.168.120.1:20880/com.taotao.service.ItemService?anyhost=true&application=taotao-manager&category=configurators&check=false&dubbo=2.5.3&interface=com.taotao.service.ItemService&methods=getItemList,getItemDescById,addItem,getItemById&pid=7104&side=provider&timeout=600000&timestamp=1509067364858, com.taotao.content.service.ContentService=empty://192.168.120.1:20881/com.taotao.content.service.ContentService?anyhost=true&application=taotao-content&category=configurators&check=false&dubbo=2.5.3&interface=com.taotao.content.service.ContentService&methods=getContentByCid,addContent&pid=2080&side=provider&timeout=600000&timestamp=1509067428151, com.taotao.search.service.SearchItemService=empty://192.168.120.1:20882/com.taotao.search.service.SearchItemService?anyhost=true&application=taotao-search&category=configurators&check=false&dubbo=2.5.3&interface=com.taotao.search.service.SearchItemService&methods=importItemsToIndex&pid=6824&side=provider&timeout=600000&timestamp=1509067564313}, dubbo version: 2.5.3, current host: 127.0.0.1


[INFO ] 2017-10-27 09:27:47,527 method:org.I0Itec.zkclient.ZkEventThread.run(ZkEventThread.java:64)
Starting ZkClient event thread.


[INFO ] 2017-10-27 09:27:47,558 method:org.apache.zookeeper.Environment.logEnv(Environment.java:100)
Client environment:zookeeper.version=3.4.7-1713338, built on 11/09/2015 04:32 GMT


[INFO ] 2017-10-27 09:27:47,558 method:org.apache.zookeeper.Environment.logEnv(Environment.java:100)
Client environment:host.name=Eshaon-PC


[INFO ] 2017-10-27 09:27:47,558 method:org.apache.zookeeper.Environment.logEnv(Environment.java:100)
Client environment:java.version=1.7.0_80


[INFO ] 2017-10-27 09:27:47,558 method:org.apache.zookeeper.Environment.logEnv(Environment.java:100)
Client environment:java.vendor=Oracle Corporation


[INFO ] 2017-10-27 09:27:47,558 method:org.apache.zookeeper.Environment.logEnv(Environment.java:100)
Client environment:java.home=D:\Java\jdk1.7.0_80\jre


[INFO ] 2017-10-27 09:27:47,558 method:org.apache.zookeeper.Environment.logEnv(Environment.java:100)
Client environment:java.class.path=E:\JAVA\Project\taotao-origin\maven\apache-maven-3.3.9\boot\plexus-classworlds-2.5.2.jar;D:\JetBrains\IntelliJ IDEA 2016.3.1\lib\idea_rt.jar


[INFO ] 2017-10-27 09:27:47,558 method:org.apache.zookeeper.Environment.logEnv(Environment.java:100)
Client environment:java.library.path=D:\Java\jdk1.7.0_80\bin;C:\Windows\Sun\Java\bin;C:\Windows\system32;C:\Windows;C:\Program Files\Java\jdk1.8.0_112\bin;D:\MySQL\MySQL Server 5.5\bin;.;D:\maven\apache-maven-3.5.0\bin;D:\Git\cmd;C:\Windows\system32;C:\Windows;C:\Windows\System32\Wbem;C:\Windows\System32\WindowsPowerShell\v1.0\;C:\Program Files (x86)\AMD\ATI.ACE\Core-Static;C:\Program Files (x86)\Windows Kits\8.1\Windows Performance Toolkit\;C:\Program Files\Microsoft SQL Server\110\Tools\Binn\;D:\ImageMagick-7.0.4-Q16;C:\Program Files\ImageMagick-7.0.4-Q16;C:\Program Files\nodejs\;D:\OpenCV\opencv-2.4.9\build\x86\vc12\bin;D:\TortoiseGit\bin;C:\Users\Administrator\AppData\Roaming\npm;.


[INFO ] 2017-10-27 09:27:47,558 method:org.apache.zookeeper.Environment.logEnv(Environment.java:100)
Client environment:java.io.tmpdir=C:\Users\ADMINI~1\AppData\Local\Temp\


[INFO ] 2017-10-27 09:27:47,558 method:org.apache.zookeeper.Environment.logEnv(Environment.java:100)
Client environment:java.compiler=<NA>


[INFO ] 2017-10-27 09:27:47,558 method:org.apache.zookeeper.Environment.logEnv(Environment.java:100)
Client environment:os.name=Windows 7


[INFO ] 2017-10-27 09:27:47,558 method:org.apache.zookeeper.Environment.logEnv(Environment.java:100)
Client environment:os.arch=amd64


[INFO ] 2017-10-27 09:27:47,558 method:org.apache.zookeeper.Environment.logEnv(Environment.java:100)
Client environment:os.version=6.1


[INFO ] 2017-10-27 09:27:47,558 method:org.apache.zookeeper.Environment.logEnv(Environment.java:100)
Client environment:user.name=Eshaon


[INFO ] 2017-10-27 09:27:47,558 method:org.apache.zookeeper.Environment.logEnv(Environment.java:100)
Client environment:user.home=C:\Users\Administrator


[INFO ] 2017-10-27 09:27:47,558 method:org.apache.zookeeper.Environment.logEnv(Environment.java:100)
Client environment:user.dir=E:\JAVA\Project\taotao\taotao-portal-web


[INFO ] 2017-10-27 09:27:47,558 method:org.apache.zookeeper.ZooKeeper.<init>(ZooKeeper.java:438)
Initiating client connection, connectString=www.eshaon.xin:2181 sessionTimeout=30000 watcher=org.I0Itec.zkclient.ZkClient@36574d3


[INFO ] 2017-10-27 09:27:56,771 method:org.apache.zookeeper.ClientCnxn$SendThread.logStartConnect(ClientCnxn.java:1032)
Opening socket connection to server 101.132.66.157/101.132.66.157:2181. Will not attempt to authenticate using SASL (unknown error)


[INFO ] 2017-10-27 09:27:56,787 method:org.apache.zookeeper.ClientCnxn$SendThread.primeConnection(ClientCnxn.java:876)
Socket connection established to 101.132.66.157/101.132.66.157:2181, initiating session


[INFO ] 2017-10-27 09:27:56,803 method:org.apache.zookeeper.ClientCnxn$SendThread.onConnected(ClientCnxn.java:1299)
Session establishment complete on server 101.132.66.157/101.132.66.157:2181, sessionid = 0x15f528d9b21005e, negotiated timeout = 30000


[INFO ] 2017-10-27 09:27:56,803 method:org.I0Itec.zkclient.ZkClient.processStateChanged(ZkClient.java:449)
zookeeper state changed (SyncConnected)


[INFO ] 2017-10-27 09:27:56,849 method:com.alibaba.dubbo.registry.support.AbstractRegistry.register(AbstractRegistry.java:302)
 [DUBBO] Register: consumer://192.168.120.1/com.taotao.content.service.ContentService?application=taotao-portal-web&category=consumers&check=false&dubbo=2.5.3&interface=com.taotao.content.service.ContentService&methods=getContentByCid,addContent&pid=1952&revision=0.0.1-SNAPSHOT&side=consumer&timestamp=1509067667184, dubbo version: 2.5.3, current host: 192.168.120.1


[INFO ] 2017-10-27 09:27:56,896 method:com.alibaba.dubbo.registry.support.AbstractRegistry.subscribe(AbstractRegistry.java:325)
 [DUBBO] Subscribe: consumer://192.168.120.1/com.taotao.content.service.ContentService?application=taotao-portal-web&category=providers,configurators,routers&dubbo=2.5.3&interface=com.taotao.content.service.ContentService&methods=getContentByCid,addContent&pid=1952&revision=0.0.1-SNAPSHOT&side=consumer&timestamp=1509067667184, dubbo version: 2.5.3, current host: 192.168.120.1


[INFO ] 2017-10-27 09:27:57,021 method:com.alibaba.dubbo.registry.support.AbstractRegistry.notify(AbstractRegistry.java:422)
 [DUBBO] Notify urls for subscribe url consumer://192.168.120.1/com.taotao.content.service.ContentService?application=taotao-portal-web&category=providers,configurators,routers&dubbo=2.5.3&interface=com.taotao.content.service.ContentService&methods=getContentByCid,addContent&pid=1952&revision=0.0.1-SNAPSHOT&side=consumer&timestamp=1509067667184, urls: [dubbo://192.168.120.1:20881/com.taotao.content.service.ContentService?anyhost=true&application=taotao-content&dubbo=2.5.3&interface=com.taotao.content.service.ContentService&methods=getContentByCid,addContent&pid=2080&side=provider&timeout=600000&timestamp=1509067428151, empty://192.168.120.1/com.taotao.content.service.ContentService?application=taotao-portal-web&category=configurators&dubbo=2.5.3&interface=com.taotao.content.service.ContentService&methods=getContentByCid,addContent&pid=1952&revision=0.0.1-SNAPSHOT&side=consumer&timestamp=1509067667184, empty://192.168.120.1/com.taotao.content.service.ContentService?application=taotao-portal-web&category=routers&dubbo=2.5.3&interface=com.taotao.content.service.ContentService&methods=getContentByCid,addContent&pid=1952&revision=0.0.1-SNAPSHOT&side=consumer&timestamp=1509067667184], dubbo version: 2.5.3, current host: 192.168.120.1


[INFO ] 2017-10-27 09:27:57,333 method:com.alibaba.dubbo.remoting.transport.AbstractClient.connect(AbstractClient.java:287)
 [DUBBO] Successed connect to server /192.168.120.1:20881 from NettyClient 192.168.120.1 using dubbo version 2.5.3, channel is NettyChannel [channel=[id: 0x81aa5c77, /192.168.120.1:2053 => /192.168.120.1:20881]], dubbo version: 2.5.3, current host: 192.168.120.1


[INFO ] 2017-10-27 09:27:57,333 method:com.alibaba.dubbo.remoting.transport.AbstractClient.<init>(AbstractClient.java:105)
 [DUBBO] Start NettyClient Eshaon-PC/192.168.120.1 connect to the server /192.168.120.1:20881, dubbo version: 2.5.3, current host: 192.168.120.1


[INFO ] 2017-10-27 09:27:57,458 method:com.alibaba.dubbo.config.ReferenceConfig.createProxy(ReferenceConfig.java:423)
 [DUBBO] Refer dubbo service com.taotao.content.service.ContentService from url zookeeper://www.eshaon.xin:2181/com.alibaba.dubbo.registry.RegistryService?anyhost=true&application=taotao-portal-web&check=false&dubbo=2.5.3&interface=com.taotao.content.service.ContentService&methods=getContentByCid,addContent&pid=1952&revision=0.0.1-SNAPSHOT&side=consumer&timeout=600000&timestamp=1509067667184, dubbo version: 2.5.3, current host: 192.168.120.1


[INFO ] 2017-10-27 09:27:57,583 method:org.springframework.web.servlet.FrameworkServlet.initServletBean(FrameworkServlet.java:508)
FrameworkServlet 'taotao-portal-web': initialization completed in 18389 ms


[INFO ] 2017-10-27 09:51:59,391 method:org.springframework.web.servlet.FrameworkServlet.initServletBean(FrameworkServlet.java:489)
FrameworkServlet 'taotao-portal-web': initialization started


[INFO ] 2017-10-27 09:51:59,450 method:org.springframework.context.support.AbstractApplicationContext.prepareRefresh(AbstractApplicationContext.java:578)
Refreshing WebApplicationContext for namespace 'taotao-portal-web-servlet': startup date [Fri Oct 27 09:51:59 CST 2017]; root of context hierarchy


[INFO ] 2017-10-27 09:51:59,497 method:org.springframework.beans.factory.xml.XmlBeanDefinitionReader.loadBeanDefinitions(XmlBeanDefinitionReader.java:317)
Loading XML bean definitions from class path resource [spring/springmvc.xml]


[INFO ] 2017-10-27 09:52:00,061 method:
using logger: com.alibaba.dubbo.common.logger.log4j.Log4jLoggerAdapter


[INFO ] 2017-10-27 09:52:00,217 method:org.springframework.core.io.support.PropertiesLoaderSupport.loadProperties(PropertiesLoaderSupport.java:172)
Loading properties file from class path resource [resource/resource.properties]


[INFO ] 2017-10-27 09:52:00,239 method:org.springframework.beans.factory.annotation.AutowiredAnnotationBeanPostProcessor.<init>(AutowiredAnnotationBeanPostProcessor.java:153)
JSR-330 'javax.inject.Inject' annotation found and supported for autowiring


[INFO ] 2017-10-27 09:52:00,821 method:org.springframework.web.servlet.handler.AbstractHandlerMethodMapping$MappingRegistry.register(AbstractHandlerMethodMapping.java:527)
Mapped "{[/index]}" onto public java.lang.String com.taotao.portal.controller.IndexController.showIndex(org.springframework.ui.Model)


[INFO ] 2017-10-27 09:52:01,815 method:org.springframework.web.servlet.mvc.method.annotation.RequestMappingHandlerAdapter.initControllerAdviceCache(RequestMappingHandlerAdapter.java:532)
Looking for @ControllerAdvice: WebApplicationContext for namespace 'taotao-portal-web-servlet': startup date [Fri Oct 27 09:51:59 CST 2017]; root of context hierarchy


[INFO ] 2017-10-27 09:52:01,938 method:org.springframework.web.servlet.mvc.method.annotation.RequestMappingHandlerAdapter.initControllerAdviceCache(RequestMappingHandlerAdapter.java:532)
Looking for @ControllerAdvice: WebApplicationContext for namespace 'taotao-portal-web-servlet': startup date [Fri Oct 27 09:51:59 CST 2017]; root of context hierarchy


[INFO ] 2017-10-27 09:52:02,168 method:com.alibaba.dubbo.registry.support.AbstractRegistry.loadProperties(AbstractRegistry.java:232)
 [DUBBO] Load registry store file C:\Users\Administrator\.dubbo\dubbo-registry-www.eshaon.xin.cache, data: {com.taotao.content.service.ContentCategoryService=empty://192.168.120.1:20881/com.taotao.content.service.ContentCategoryService?anyhost=true&application=taotao-content&category=configurators&check=false&dubbo=2.5.3&interface=com.taotao.content.service.ContentCategoryService&methods=addContentCategory,getContentCategoryList&pid=5564&side=provider&timeout=600000&timestamp=1509069018165, com.taotao.search.service.SearchService=empty://192.168.120.1:20882/com.taotao.search.service.SearchService?anyhost=true&application=taotao-search&category=configurators&check=false&dubbo=2.5.3&interface=com.taotao.search.service.SearchService&methods=search&pid=7524&side=provider&timeout=600000&timestamp=1509069086966, com.taotao.service.ItemCatService=empty://192.168.120.1:20880/com.taotao.service.ItemCatService?anyhost=true&application=taotao-manager&category=configurators&check=false&dubbo=2.5.3&interface=com.taotao.service.ItemCatService&methods=getItemCatList&pid=7104&side=provider&timeout=600000&timestamp=1509067375525, com.taotao.content.service.ContentService=empty://192.168.120.1:20881/com.taotao.content.service.ContentService?anyhost=true&application=taotao-content&category=configurators&check=false&dubbo=2.5.3&interface=com.taotao.content.service.ContentService&methods=getContentByCid,addContent&pid=5564&side=provider&timeout=600000&timestamp=1509069029902, com.taotao.service.ItemService=dubbo://192.168.120.1:20880/com.taotao.service.ItemService?anyhost=true&application=taotao-manager&dubbo=2.5.3&interface=com.taotao.service.ItemService&methods=getItemList,getItemDescById,addItem,getItemById&pid=7104&side=provider&timeout=600000&timestamp=1509067364858 empty://192.168.120.1/com.taotao.service.ItemService?application=taotao-item-web&category=configurators&dubbo=2.5.3&interface=com.taotao.service.ItemService&methods=getItemList,getItemDescById,addItem,getItemById&pid=6620&revision=0.0.1-SNAPSHOT&side=consumer&timestamp=1509068065057 empty://192.168.120.1/com.taotao.service.ItemService?application=taotao-item-web&category=routers&dubbo=2.5.3&interface=com.taotao.service.ItemService&methods=getItemList,getItemDescById,addItem,getItemById&pid=6620&revision=0.0.1-SNAPSHOT&side=consumer&timestamp=1509068065057, com.taotao.search.service.SearchItemService=empty://192.168.120.1:20882/com.taotao.search.service.SearchItemService?anyhost=true&application=taotao-search&category=configurators&check=false&dubbo=2.5.3&interface=com.taotao.search.service.SearchItemService&methods=importItemsToIndex&pid=7524&side=provider&timeout=600000&timestamp=1509069076092}, dubbo version: 2.5.3, current host: 127.0.0.1


[INFO ] 2017-10-27 09:52:02,199 method:org.I0Itec.zkclient.ZkEventThread.run(ZkEventThread.java:64)
Starting ZkClient event thread.


[INFO ] 2017-10-27 09:52:02,314 method:org.apache.zookeeper.Environment.logEnv(Environment.java:100)
Client environment:zookeeper.version=3.4.7-1713338, built on 11/09/2015 04:32 GMT


[INFO ] 2017-10-27 09:52:02,329 method:org.apache.zookeeper.Environment.logEnv(Environment.java:100)
Client environment:host.name=192.168.120.1


[INFO ] 2017-10-27 09:52:02,329 method:org.apache.zookeeper.Environment.logEnv(Environment.java:100)
Client environment:java.version=1.7.0_80


[INFO ] 2017-10-27 09:52:02,329 method:org.apache.zookeeper.Environment.logEnv(Environment.java:100)
Client environment:java.vendor=Oracle Corporation


[INFO ] 2017-10-27 09:52:02,329 method:org.apache.zookeeper.Environment.logEnv(Environment.java:100)
Client environment:java.home=D:\Java\jdk1.7.0_80\jre


[INFO ] 2017-10-27 09:52:02,329 method:org.apache.zookeeper.Environment.logEnv(Environment.java:100)
Client environment:java.class.path=E:\JAVA\Project\taotao-origin\maven\apache-maven-3.3.9\boot\plexus-classworlds-2.5.2.jar;D:\JetBrains\IntelliJ IDEA 2016.3.1\lib\idea_rt.jar


[INFO ] 2017-10-27 09:52:02,329 method:org.apache.zookeeper.Environment.logEnv(Environment.java:100)
Client environment:java.library.path=D:\Java\jdk1.7.0_80\bin;C:\Windows\Sun\Java\bin;C:\Windows\system32;C:\Windows;C:\Program Files\Java\jdk1.8.0_112\bin;D:\MySQL\MySQL Server 5.5\bin;.;D:\maven\apache-maven-3.5.0\bin;D:\Git\cmd;C:\Windows\system32;C:\Windows;C:\Windows\System32\Wbem;C:\Windows\System32\WindowsPowerShell\v1.0\;C:\Program Files (x86)\AMD\ATI.ACE\Core-Static;C:\Program Files (x86)\Windows Kits\8.1\Windows Performance Toolkit\;C:\Program Files\Microsoft SQL Server\110\Tools\Binn\;D:\ImageMagick-7.0.4-Q16;C:\Program Files\ImageMagick-7.0.4-Q16;C:\Program Files\nodejs\;D:\OpenCV\opencv-2.4.9\build\x86\vc12\bin;D:\TortoiseGit\bin;C:\Users\Administrator\AppData\Roaming\npm;.


[INFO ] 2017-10-27 09:52:02,329 method:org.apache.zookeeper.Environment.logEnv(Environment.java:100)
Client environment:java.io.tmpdir=C:\Users\ADMINI~1\AppData\Local\Temp\


[INFO ] 2017-10-27 09:52:02,329 method:org.apache.zookeeper.Environment.logEnv(Environment.java:100)
Client environment:java.compiler=<NA>


[INFO ] 2017-10-27 09:52:02,329 method:org.apache.zookeeper.Environment.logEnv(Environment.java:100)
Client environment:os.name=Windows 7


[INFO ] 2017-10-27 09:52:02,329 method:org.apache.zookeeper.Environment.logEnv(Environment.java:100)
Client environment:os.arch=amd64


[INFO ] 2017-10-27 09:52:02,329 method:org.apache.zookeeper.Environment.logEnv(Environment.java:100)
Client environment:os.version=6.1


[INFO ] 2017-10-27 09:52:02,329 method:org.apache.zookeeper.Environment.logEnv(Environment.java:100)
Client environment:user.name=Eshaon


[INFO ] 2017-10-27 09:52:02,329 method:org.apache.zookeeper.Environment.logEnv(Environment.java:100)
Client environment:user.home=C:\Users\Administrator


[INFO ] 2017-10-27 09:52:02,329 method:org.apache.zookeeper.Environment.logEnv(Environment.java:100)
Client environment:user.dir=E:\JAVA\Project\taotao\taotao-portal-web


[INFO ] 2017-10-27 09:52:02,329 method:org.apache.zookeeper.ZooKeeper.<init>(ZooKeeper.java:438)
Initiating client connection, connectString=www.eshaon.xin:2181 sessionTimeout=30000 watcher=org.I0Itec.zkclient.ZkClient@c5b6154


[INFO ] 2017-10-27 09:52:11,484 method:org.apache.zookeeper.ClientCnxn$SendThread.logStartConnect(ClientCnxn.java:1032)
Opening socket connection to server 101.132.66.157/101.132.66.157:2181. Will not attempt to authenticate using SASL (unknown error)


[INFO ] 2017-10-27 09:52:11,492 method:org.apache.zookeeper.ClientCnxn$SendThread.primeConnection(ClientCnxn.java:876)
Socket connection established to 101.132.66.157/101.132.66.157:2181, initiating session


[INFO ] 2017-10-27 09:52:11,507 method:org.apache.zookeeper.ClientCnxn$SendThread.onConnected(ClientCnxn.java:1299)
Session establishment complete on server 101.132.66.157/101.132.66.157:2181, sessionid = 0x15f5b80c87f0002, negotiated timeout = 30000


[INFO ] 2017-10-27 09:52:11,507 method:org.I0Itec.zkclient.ZkClient.processStateChanged(ZkClient.java:449)
zookeeper state changed (SyncConnected)


[INFO ] 2017-10-27 09:52:11,538 method:com.alibaba.dubbo.registry.support.AbstractRegistry.register(AbstractRegistry.java:302)
 [DUBBO] Register: consumer://192.168.120.1/com.taotao.content.service.ContentService?application=taotao-portal-web&category=consumers&check=false&dubbo=2.5.3&interface=com.taotao.content.service.ContentService&methods=getContentByCid,addContent&pid=7480&revision=0.0.1-SNAPSHOT&side=consumer&timestamp=1509069122090, dubbo version: 2.5.3, current host: 192.168.120.1


[INFO ] 2017-10-27 09:52:11,585 method:com.alibaba.dubbo.registry.support.AbstractRegistry.subscribe(AbstractRegistry.java:325)
 [DUBBO] Subscribe: consumer://192.168.120.1/com.taotao.content.service.ContentService?application=taotao-portal-web&category=providers,configurators,routers&dubbo=2.5.3&interface=com.taotao.content.service.ContentService&methods=getContentByCid,addContent&pid=7480&revision=0.0.1-SNAPSHOT&side=consumer&timestamp=1509069122090, dubbo version: 2.5.3, current host: 192.168.120.1


[INFO ] 2017-10-27 09:52:11,721 method:com.alibaba.dubbo.registry.support.AbstractRegistry.notify(AbstractRegistry.java:422)
 [DUBBO] Notify urls for subscribe url consumer://192.168.120.1/com.taotao.content.service.ContentService?application=taotao-portal-web&category=providers,configurators,routers&dubbo=2.5.3&interface=com.taotao.content.service.ContentService&methods=getContentByCid,addContent&pid=7480&revision=0.0.1-SNAPSHOT&side=consumer&timestamp=1509069122090, urls: [dubbo://192.168.120.1:20881/com.taotao.content.service.ContentService?anyhost=true&application=taotao-content&dubbo=2.5.3&interface=com.taotao.content.service.ContentService&methods=getContentByCid,addContent&pid=5564&side=provider&timeout=600000&timestamp=1509069029902, empty://192.168.120.1/com.taotao.content.service.ContentService?application=taotao-portal-web&category=configurators&dubbo=2.5.3&interface=com.taotao.content.service.ContentService&methods=getContentByCid,addContent&pid=7480&revision=0.0.1-SNAPSHOT&side=consumer&timestamp=1509069122090, empty://192.168.120.1/com.taotao.content.service.ContentService?application=taotao-portal-web&category=routers&dubbo=2.5.3&interface=com.taotao.content.service.ContentService&methods=getContentByCid,addContent&pid=7480&revision=0.0.1-SNAPSHOT&side=consumer&timestamp=1509069122090], dubbo version: 2.5.3, current host: 192.168.120.1


[INFO ] 2017-10-27 09:52:11,990 method:com.alibaba.dubbo.remoting.transport.AbstractClient.connect(AbstractClient.java:287)
 [DUBBO] Successed connect to server /192.168.120.1:20881 from NettyClient 192.168.120.1 using dubbo version 2.5.3, channel is NettyChannel [channel=[id: 0x7fdd1eba, /192.168.120.1:2629 => /192.168.120.1:20881]], dubbo version: 2.5.3, current host: 192.168.120.1


[INFO ] 2017-10-27 09:52:11,990 method:com.alibaba.dubbo.remoting.transport.AbstractClient.<init>(AbstractClient.java:105)
 [DUBBO] Start NettyClient Eshaon-PC/192.168.120.1 connect to the server /192.168.120.1:20881, dubbo version: 2.5.3, current host: 192.168.120.1


[INFO ] 2017-10-27 09:52:12,164 method:com.alibaba.dubbo.config.ReferenceConfig.createProxy(ReferenceConfig.java:423)
 [DUBBO] Refer dubbo service com.taotao.content.service.ContentService from url zookeeper://www.eshaon.xin:2181/com.alibaba.dubbo.registry.RegistryService?anyhost=true&application=taotao-portal-web&check=false&dubbo=2.5.3&interface=com.taotao.content.service.ContentService&methods=getContentByCid,addContent&pid=7480&revision=0.0.1-SNAPSHOT&side=consumer&timeout=600000&timestamp=1509069122090, dubbo version: 2.5.3, current host: 192.168.120.1


[INFO ] 2017-10-27 09:52:12,308 method:org.springframework.web.servlet.FrameworkServlet.initServletBean(FrameworkServlet.java:508)
FrameworkServlet 'taotao-portal-web': initialization completed in 12886 ms


[INFO ] 2017-10-27 10:40:33,496 method:com.alibaba.dubbo.rpc.protocol.dubbo.DubboProtocol$1.disconnected(DubboProtocol.java:130)
 [DUBBO] disconected from /192.168.120.1:20881,url:dubbo://192.168.120.1:20881/com.taotao.content.service.ContentService?anyhost=true&application=taotao-portal-web&check=false&codec=dubbo&dubbo=2.5.3&heartbeat=60000&interface=com.taotao.content.service.ContentService&methods=getContentByCid,addContent&pid=7480&revision=0.0.1-SNAPSHOT&side=consumer&timeout=600000&timestamp=1509069122090, dubbo version: 2.5.3, current host: 192.168.120.1


[INFO ] 2017-10-27 10:45:02,638 method:org.springframework.web.servlet.FrameworkServlet.initServletBean(FrameworkServlet.java:489)
FrameworkServlet 'taotao-portal-web': initialization started


[INFO ] 2017-10-27 10:45:02,966 method:org.springframework.context.support.AbstractApplicationContext.prepareRefresh(AbstractApplicationContext.java:578)
Refreshing WebApplicationContext for namespace 'taotao-portal-web-servlet': startup date [Fri Oct 27 10:45:02 CST 2017]; root of context hierarchy


[INFO ] 2017-10-27 10:45:03,653 method:org.springframework.beans.factory.xml.XmlBeanDefinitionReader.loadBeanDefinitions(XmlBeanDefinitionReader.java:317)
Loading XML bean definitions from class path resource [spring/springmvc.xml]


[INFO ] 2017-10-27 10:45:10,783 method:
using logger: com.alibaba.dubbo.common.logger.log4j.Log4jLoggerAdapter


[INFO ] 2017-10-27 10:45:11,391 method:org.springframework.core.io.support.PropertiesLoaderSupport.loadProperties(PropertiesLoaderSupport.java:172)
Loading properties file from class path resource [resource/resource.properties]


[INFO ] 2017-10-27 10:45:11,438 method:org.springframework.beans.factory.annotation.AutowiredAnnotationBeanPostProcessor.<init>(AutowiredAnnotationBeanPostProcessor.java:153)
JSR-330 'javax.inject.Inject' annotation found and supported for autowiring


[INFO ] 2017-10-27 10:45:12,680 method:org.springframework.web.servlet.handler.AbstractHandlerMethodMapping$MappingRegistry.register(AbstractHandlerMethodMapping.java:527)
Mapped "{[/index]}" onto public java.lang.String com.taotao.portal.controller.IndexController.showIndex(org.springframework.ui.Model)


[INFO ] 2017-10-27 10:45:13,919 method:org.springframework.web.servlet.mvc.method.annotation.RequestMappingHandlerAdapter.initControllerAdviceCache(RequestMappingHandlerAdapter.java:532)
Looking for @ControllerAdvice: WebApplicationContext for namespace 'taotao-portal-web-servlet': startup date [Fri Oct 27 10:45:02 CST 2017]; root of context hierarchy


[INFO ] 2017-10-27 10:45:13,982 method:org.springframework.web.servlet.mvc.method.annotation.RequestMappingHandlerAdapter.initControllerAdviceCache(RequestMappingHandlerAdapter.java:532)
Looking for @ControllerAdvice: WebApplicationContext for namespace 'taotao-portal-web-servlet': startup date [Fri Oct 27 10:45:02 CST 2017]; root of context hierarchy


[INFO ] 2017-10-27 10:45:14,702 method:com.alibaba.dubbo.registry.support.AbstractRegistry.loadProperties(AbstractRegistry.java:232)
 [DUBBO] Load registry store file C:\Users\Administrator\.dubbo\dubbo-registry-www.eshaon.xin.cache, data: {com.taotao.content.service.ContentCategoryService=empty://192.168.120.1:20881/com.taotao.content.service.ContentCategoryService?anyhost=true&application=taotao-content&category=configurators&check=false&dubbo=2.5.3&interface=com.taotao.content.service.ContentCategoryService&methods=addContentCategory,getContentCategoryList&pid=7336&side=provider&timeout=600000&timestamp=1509072205228, com.taotao.search.service.SearchService=empty://192.168.120.1:20882/com.taotao.search.service.SearchService?anyhost=true&application=taotao-search&category=configurators&check=false&dubbo=2.5.3&interface=com.taotao.search.service.SearchService&methods=search&pid=6060&side=provider&timeout=600000&timestamp=1509072261881, com.taotao.service.ItemCatService=empty://192.168.120.1:20880/com.taotao.service.ItemCatService?anyhost=true&application=taotao-manager&category=configurators&check=false&dubbo=2.5.3&interface=com.taotao.service.ItemCatService&methods=getItemCatList&pid=1704&side=provider&timeout=600000&timestamp=1509072186209, com.taotao.service.ItemService=empty://192.168.120.1:20880/com.taotao.service.ItemService?anyhost=true&application=taotao-manager&category=configurators&check=false&dubbo=2.5.3&interface=com.taotao.service.ItemService&methods=getItemList,getItemDescById,addItem,getItemById&pid=1704&side=provider&timeout=600000&timestamp=1509072176396, com.taotao.content.service.ContentService=empty://192.168.120.1:20881/com.taotao.content.service.ContentService?anyhost=true&application=taotao-content&category=configurators&check=false&dubbo=2.5.3&interface=com.taotao.content.service.ContentService&methods=getContentByCid,addContent&pid=7336&side=provider&timeout=600000&timestamp=1509072214962, com.taotao.search.service.SearchItemService=empty://192.168.120.1:20882/com.taotao.search.service.SearchItemService?anyhost=true&application=taotao-search&category=configurators&check=false&dubbo=2.5.3&interface=com.taotao.search.service.SearchItemService&methods=importItemsToIndex&pid=6060&side=provider&timeout=600000&timestamp=1509072252123}, dubbo version: 2.5.3, current host: 127.0.0.1


[INFO ] 2017-10-27 10:45:14,811 method:org.I0Itec.zkclient.ZkEventThread.run(ZkEventThread.java:64)
Starting ZkClient event thread.


[INFO ] 2017-10-27 10:45:14,952 method:org.apache.zookeeper.Environment.logEnv(Environment.java:100)
Client environment:zookeeper.version=3.4.7-1713338, built on 11/09/2015 04:32 GMT


[INFO ] 2017-10-27 10:45:14,952 method:org.apache.zookeeper.Environment.logEnv(Environment.java:100)
Client environment:host.name=Eshaon-PC


[INFO ] 2017-10-27 10:45:14,952 method:org.apache.zookeeper.Environment.logEnv(Environment.java:100)
Client environment:java.version=1.7.0_80


[INFO ] 2017-10-27 10:45:14,952 method:org.apache.zookeeper.Environment.logEnv(Environment.java:100)
Client environment:java.vendor=Oracle Corporation


[INFO ] 2017-10-27 10:45:14,952 method:org.apache.zookeeper.Environment.logEnv(Environment.java:100)
Client environment:java.home=D:\Java\jdk1.7.0_80\jre


[INFO ] 2017-10-27 10:45:14,952 method:org.apache.zookeeper.Environment.logEnv(Environment.java:100)
Client environment:java.class.path=E:\JAVA\Project\taotao-origin\maven\apache-maven-3.3.9\boot\plexus-classworlds-2.5.2.jar;D:\JetBrains\IntelliJ IDEA 2016.3.1\lib\idea_rt.jar


[INFO ] 2017-10-27 10:45:14,952 method:org.apache.zookeeper.Environment.logEnv(Environment.java:100)
Client environment:java.library.path=D:\Java\jdk1.7.0_80\bin;C:\Windows\Sun\Java\bin;C:\Windows\system32;C:\Windows;C:\Program Files\Java\jdk1.8.0_112\bin;D:\MySQL\MySQL Server 5.5\bin;.;D:\maven\apache-maven-3.5.0\bin;D:\Git\cmd;C:\Windows\system32;C:\Windows;C:\Windows\System32\Wbem;C:\Windows\System32\WindowsPowerShell\v1.0\;C:\Program Files (x86)\AMD\ATI.ACE\Core-Static;C:\Program Files (x86)\Windows Kits\8.1\Windows Performance Toolkit\;C:\Program Files\Microsoft SQL Server\110\Tools\Binn\;D:\ImageMagick-7.0.4-Q16;C:\Program Files\ImageMagick-7.0.4-Q16;C:\Program Files\nodejs\;D:\OpenCV\opencv-2.4.9\build\x86\vc12\bin;D:\TortoiseGit\bin;C:\Users\Administrator\AppData\Roaming\npm;.


[INFO ] 2017-10-27 10:45:14,952 method:org.apache.zookeeper.Environment.logEnv(Environment.java:100)
Client environment:java.io.tmpdir=C:\Users\ADMINI~1\AppData\Local\Temp\


[INFO ] 2017-10-27 10:45:14,952 method:org.apache.zookeeper.Environment.logEnv(Environment.java:100)
Client environment:java.compiler=<NA>


[INFO ] 2017-10-27 10:45:14,952 method:org.apache.zookeeper.Environment.logEnv(Environment.java:100)
Client environment:os.name=Windows 7


[INFO ] 2017-10-27 10:45:14,952 method:org.apache.zookeeper.Environment.logEnv(Environment.java:100)
Client environment:os.arch=amd64


[INFO ] 2017-10-27 10:45:14,952 method:org.apache.zookeeper.Environment.logEnv(Environment.java:100)
Client environment:os.version=6.1


[INFO ] 2017-10-27 10:45:14,952 method:org.apache.zookeeper.Environment.logEnv(Environment.java:100)
Client environment:user.name=Eshaon


[INFO ] 2017-10-27 10:45:14,952 method:org.apache.zookeeper.Environment.logEnv(Environment.java:100)
Client environment:user.home=C:\Users\Administrator


[INFO ] 2017-10-27 10:45:14,952 method:org.apache.zookeeper.Environment.logEnv(Environment.java:100)
Client environment:user.dir=E:\JAVA\Project\taotao\taotao-portal-web


[INFO ] 2017-10-27 10:45:14,967 method:org.apache.zookeeper.ZooKeeper.<init>(ZooKeeper.java:438)
Initiating client connection, connectString=www.eshaon.xin:2181 sessionTimeout=30000 watcher=org.I0Itec.zkclient.ZkClient@24d9d7ae


[INFO ] 2017-10-27 10:45:24,418 method:org.apache.zookeeper.ClientCnxn$SendThread.logStartConnect(ClientCnxn.java:1032)
Opening socket connection to server 101.132.66.157/101.132.66.157:2181. Will not attempt to authenticate using SASL (unknown error)


[INFO ] 2017-10-27 10:45:24,434 method:org.apache.zookeeper.ClientCnxn$SendThread.primeConnection(ClientCnxn.java:876)
Socket connection established to 101.132.66.157/101.132.66.157:2181, initiating session


[INFO ] 2017-10-27 10:45:24,481 method:org.apache.zookeeper.ClientCnxn$SendThread.onConnected(ClientCnxn.java:1299)
Session establishment complete on server 101.132.66.157/101.132.66.157:2181, sessionid = 0x15f5b80c87f000a, negotiated timeout = 30000


[INFO ] 2017-10-27 10:45:24,481 method:org.I0Itec.zkclient.ZkClient.processStateChanged(ZkClient.java:449)
zookeeper state changed (SyncConnected)


[INFO ] 2017-10-27 10:45:24,543 method:com.alibaba.dubbo.registry.support.AbstractRegistry.register(AbstractRegistry.java:302)
 [DUBBO] Register: consumer://192.168.120.1/com.taotao.content.service.ContentService?application=taotao-portal-web&category=consumers&check=false&dubbo=2.5.3&interface=com.taotao.content.service.ContentService&methods=getContentByCid,addContent&pid=5500&revision=0.0.1-SNAPSHOT&side=consumer&timestamp=1509072314106, dubbo version: 2.5.3, current host: 192.168.120.1


[INFO ] 2017-10-27 10:45:24,607 method:com.alibaba.dubbo.registry.support.AbstractRegistry.subscribe(AbstractRegistry.java:325)
 [DUBBO] Subscribe: consumer://192.168.120.1/com.taotao.content.service.ContentService?application=taotao-portal-web&category=providers,configurators,routers&dubbo=2.5.3&interface=com.taotao.content.service.ContentService&methods=getContentByCid,addContent&pid=5500&revision=0.0.1-SNAPSHOT&side=consumer&timestamp=1509072314106, dubbo version: 2.5.3, current host: 192.168.120.1


[INFO ] 2017-10-27 10:45:24,761 method:com.alibaba.dubbo.registry.support.AbstractRegistry.notify(AbstractRegistry.java:422)
 [DUBBO] Notify urls for subscribe url consumer://192.168.120.1/com.taotao.content.service.ContentService?application=taotao-portal-web&category=providers,configurators,routers&dubbo=2.5.3&interface=com.taotao.content.service.ContentService&methods=getContentByCid,addContent&pid=5500&revision=0.0.1-SNAPSHOT&side=consumer&timestamp=1509072314106, urls: [dubbo://192.168.120.1:20881/com.taotao.content.service.ContentService?anyhost=true&application=taotao-content&dubbo=2.5.3&interface=com.taotao.content.service.ContentService&methods=getContentByCid,addContent&pid=7336&side=provider&timeout=600000&timestamp=1509072214962, empty://192.168.120.1/com.taotao.content.service.ContentService?application=taotao-portal-web&category=configurators&dubbo=2.5.3&interface=com.taotao.content.service.ContentService&methods=getContentByCid,addContent&pid=5500&revision=0.0.1-SNAPSHOT&side=consumer&timestamp=1509072314106, empty://192.168.120.1/com.taotao.content.service.ContentService?application=taotao-portal-web&category=routers&dubbo=2.5.3&interface=com.taotao.content.service.ContentService&methods=getContentByCid,addContent&pid=5500&revision=0.0.1-SNAPSHOT&side=consumer&timestamp=1509072314106], dubbo version: 2.5.3, current host: 192.168.120.1


[INFO ] 2017-10-27 10:45:25,257 method:com.alibaba.dubbo.remoting.transport.AbstractClient.connect(AbstractClient.java:287)
 [DUBBO] Successed connect to server /192.168.120.1:20881 from NettyClient 192.168.120.1 using dubbo version 2.5.3, channel is NettyChannel [channel=[id: 0x486c67bd, /192.168.120.1:3263 => /192.168.120.1:20881]], dubbo version: 2.5.3, current host: 192.168.120.1


[INFO ] 2017-10-27 10:45:25,257 method:com.alibaba.dubbo.remoting.transport.AbstractClient.<init>(AbstractClient.java:105)
 [DUBBO] Start NettyClient Eshaon-PC/192.168.120.1 connect to the server /192.168.120.1:20881, dubbo version: 2.5.3, current host: 192.168.120.1


[INFO ] 2017-10-27 10:45:25,411 method:com.alibaba.dubbo.config.ReferenceConfig.createProxy(ReferenceConfig.java:423)
 [DUBBO] Refer dubbo service com.taotao.content.service.ContentService from url zookeeper://www.eshaon.xin:2181/com.alibaba.dubbo.registry.RegistryService?anyhost=true&application=taotao-portal-web&check=false&dubbo=2.5.3&interface=com.taotao.content.service.ContentService&methods=getContentByCid,addContent&pid=5500&revision=0.0.1-SNAPSHOT&side=consumer&timeout=600000&timestamp=1509072314106, dubbo version: 2.5.3, current host: 192.168.120.1


[INFO ] 2017-10-27 10:45:25,616 method:org.springframework.web.servlet.FrameworkServlet.initServletBean(FrameworkServlet.java:508)
FrameworkServlet 'taotao-portal-web': initialization completed in 22853 ms
