

[INFO ] 2017-10-19 14:01:32,457 method:org.springframework.context.support.AbstractApplicationContext.prepareRefresh(AbstractApplicationContext.java:578)
Refreshing org.springframework.context.support.ClassPathXmlApplicationContext@4d560eeb: startup date [Thu Oct 19 14:01:32 CST 2017]; root of context hierarchy


[INFO ] 2017-10-19 14:01:33,738 method:org.springframework.beans.factory.xml.XmlBeanDefinitionReader.loadBeanDefinitions(XmlBeanDefinitionReader.java:317)
Loading XML bean definitions from class path resource [spring/applicationContext-dao.xml]


[INFO ] 2017-10-19 14:01:45,042 method:org.springframework.core.io.support.PropertiesLoaderSupport.loadProperties(PropertiesLoaderSupport.java:172)
Loading properties file from class path resource [properties/db.properties]


[INFO ] 2017-10-19 14:01:53,606 method:com.alibaba.druid.pool.DruidDataSource.init(DruidDataSource.java:655)
{dataSource-1} inited


[INFO ] 2017-10-19 14:47:33,306 method:org.springframework.context.support.AbstractApplicationContext.prepareRefresh(AbstractApplicationContext.java:578)
Refreshing org.springframework.context.support.ClassPathXmlApplicationContext@174a1c22: startup date [Thu Oct 19 14:47:33 CST 2017]; root of context hierarchy


[INFO ] 2017-10-19 14:47:33,398 method:org.springframework.beans.factory.xml.XmlBeanDefinitionReader.loadBeanDefinitions(XmlBeanDefinitionReader.java:317)
Loading XML bean definitions from class path resource [spring/applicationContext-dao.xml]


[INFO ] 2017-10-19 14:47:34,397 method:org.springframework.core.io.support.PropertiesLoaderSupport.loadProperties(PropertiesLoaderSupport.java:172)
Loading properties file from class path resource [properties/db.properties]


[INFO ] 2017-10-19 14:47:36,425 method:com.alibaba.druid.pool.DruidDataSource.init(DruidDataSource.java:655)
{dataSource-1} inited


[INFO ] 2017-10-19 16:09:07,352 method:org.springframework.context.support.AbstractApplicationContext.prepareRefresh(AbstractApplicationContext.java:578)
Refreshing org.springframework.context.support.ClassPathXmlApplicationContext@5513858: startup date [Thu Oct 19 16:09:07 CST 2017]; root of context hierarchy


[INFO ] 2017-10-19 16:09:07,577 method:org.springframework.beans.factory.xml.XmlBeanDefinitionReader.loadBeanDefinitions(XmlBeanDefinitionReader.java:317)
Loading XML bean definitions from class path resource [spring/applicationContext-dao.xml]


[INFO ] 2017-10-19 16:09:08,898 method:org.springframework.core.io.support.PropertiesLoaderSupport.loadProperties(PropertiesLoaderSupport.java:172)
Loading properties file from class path resource [properties/db.properties]


[INFO ] 2017-10-19 16:09:11,934 method:com.alibaba.druid.pool.DruidDataSource.init(DruidDataSource.java:655)
{dataSource-1} inited


[INFO ] 2017-10-19 17:01:38,285 method:org.springframework.context.support.AbstractApplicationContext.prepareRefresh(AbstractApplicationContext.java:578)
Refreshing org.springframework.context.support.ClassPathXmlApplicationContext@6c977c1f: startup date [Thu Oct 19 17:01:38 CST 2017]; root of context hierarchy


[INFO ] 2017-10-19 17:01:39,294 method:org.springframework.beans.factory.xml.XmlBeanDefinitionReader.loadBeanDefinitions(XmlBeanDefinitionReader.java:317)
Loading XML bean definitions from class path resource [spring/applicationContext-dao.xml]


[INFO ] 2017-10-19 17:01:48,447 method:org.springframework.core.io.support.PropertiesLoaderSupport.loadProperties(PropertiesLoaderSupport.java:172)
Loading properties file from class path resource [properties/db.properties]


[INFO ] 2017-10-19 17:02:01,958 method:com.alibaba.druid.pool.DruidDataSource.init(DruidDataSource.java:655)
{dataSource-1} inited


[INFO ] 2017-10-19 17:20:46,046 method:org.springframework.context.support.AbstractApplicationContext.prepareRefresh(AbstractApplicationContext.java:578)
Refreshing org.springframework.context.support.ClassPathXmlApplicationContext@6c977c1f: startup date [Thu Oct 19 17:20:46 CST 2017]; root of context hierarchy


[INFO ] 2017-10-19 17:20:46,147 method:org.springframework.beans.factory.xml.XmlBeanDefinitionReader.loadBeanDefinitions(XmlBeanDefinitionReader.java:317)
Loading XML bean definitions from class path resource [spring/applicationContext-dao.xml]


[INFO ] 2017-10-19 17:20:46,814 method:org.springframework.core.io.support.PropertiesLoaderSupport.loadProperties(PropertiesLoaderSupport.java:172)
Loading properties file from class path resource [properties/db.properties]


[INFO ] 2017-10-19 17:20:49,195 method:com.alibaba.druid.pool.DruidDataSource.init(DruidDataSource.java:655)
{dataSource-1} inited


[INFO ] 2017-10-20 19:07:34,305 method:org.springframework.context.support.AbstractApplicationContext.prepareRefresh(AbstractApplicationContext.java:578)
Refreshing org.springframework.context.support.ClassPathXmlApplicationContext@174a1c22: startup date [Fri Oct 20 19:07:34 CST 2017]; root of context hierarchy


[INFO ] 2017-10-20 19:07:35,866 method:org.springframework.beans.factory.xml.XmlBeanDefinitionReader.loadBeanDefinitions(XmlBeanDefinitionReader.java:317)
Loading XML bean definitions from class path resource [spring/applicationContext-dao.xml]


[INFO ] 2017-10-20 19:07:37,675 method:org.springframework.core.io.support.PropertiesLoaderSupport.loadProperties(PropertiesLoaderSupport.java:172)
Loading properties file from class path resource [properties/db.properties]


[INFO ] 2017-10-20 19:07:41,294 method:com.alibaba.druid.pool.DruidDataSource.init(DruidDataSource.java:655)
{dataSource-1} inited


[INFO ] 2017-10-20 19:33:02,719 method:org.springframework.context.support.AbstractApplicationContext.prepareRefresh(AbstractApplicationContext.java:578)
Refreshing org.springframework.context.support.ClassPathXmlApplicationContext@769fb152: startup date [Fri Oct 20 19:33:02 CST 2017]; root of context hierarchy


[INFO ] 2017-10-20 19:33:03,837 method:org.springframework.beans.factory.xml.XmlBeanDefinitionReader.loadBeanDefinitions(XmlBeanDefinitionReader.java:317)
Loading XML bean definitions from class path resource [spring/applicationContext-dao.xml]


[INFO ] 2017-10-20 19:33:16,597 method:org.springframework.core.io.support.PropertiesLoaderSupport.loadProperties(PropertiesLoaderSupport.java:172)
Loading properties file from class path resource [properties/db.properties]


[INFO ] 2017-10-20 19:36:58,146 method:org.springframework.context.support.AbstractApplicationContext.prepareRefresh(AbstractApplicationContext.java:578)
Refreshing org.springframework.context.support.ClassPathXmlApplicationContext@5513858: startup date [Fri Oct 20 19:36:58 CST 2017]; root of context hierarchy


[INFO ] 2017-10-20 19:36:58,235 method:org.springframework.beans.factory.xml.XmlBeanDefinitionReader.loadBeanDefinitions(XmlBeanDefinitionReader.java:317)
Loading XML bean definitions from class path resource [spring/applicationContext-dao.xml]


[INFO ] 2017-10-20 19:36:58,814 method:org.springframework.core.io.support.PropertiesLoaderSupport.loadProperties(PropertiesLoaderSupport.java:172)
Loading properties file from class path resource [properties/db.properties]


[INFO ] 2017-10-20 19:37:01,120 method:com.alibaba.druid.pool.DruidDataSource.init(DruidDataSource.java:655)
{dataSource-1} inited


[INFO ] 2017-10-20 19:58:56,538 method:org.springframework.context.support.AbstractApplicationContext.prepareRefresh(AbstractApplicationContext.java:578)
Refreshing org.springframework.context.support.ClassPathXmlApplicationContext@5513858: startup date [Fri Oct 20 19:58:56 CST 2017]; root of context hierarchy


[INFO ] 2017-10-20 19:58:56,784 method:org.springframework.beans.factory.xml.XmlBeanDefinitionReader.loadBeanDefinitions(XmlBeanDefinitionReader.java:317)
Loading XML bean definitions from class path resource [spring/applicationContext-dao.xml]


[INFO ] 2017-10-20 19:58:58,094 method:org.springframework.core.io.support.PropertiesLoaderSupport.loadProperties(PropertiesLoaderSupport.java:172)
Loading properties file from class path resource [properties/db.properties]


[INFO ] 2017-10-20 19:59:01,523 method:com.alibaba.druid.pool.DruidDataSource.init(DruidDataSource.java:655)
{dataSource-1} inited


[INFO ] 2017-10-20 19:59:57,251 method:org.springframework.context.support.AbstractApplicationContext.prepareRefresh(AbstractApplicationContext.java:578)
Refreshing org.springframework.context.support.ClassPathXmlApplicationContext@5513858: startup date [Fri Oct 20 19:59:57 CST 2017]; root of context hierarchy


[INFO ] 2017-10-20 19:59:57,372 method:org.springframework.beans.factory.xml.XmlBeanDefinitionReader.loadBeanDefinitions(XmlBeanDefinitionReader.java:317)
Loading XML bean definitions from class path resource [spring/applicationContext-dao.xml]


[INFO ] 2017-10-20 19:59:57,963 method:org.springframework.core.io.support.PropertiesLoaderSupport.loadProperties(PropertiesLoaderSupport.java:172)
Loading properties file from class path resource [properties/db.properties]


[INFO ] 2017-10-20 20:00:00,239 method:com.alibaba.druid.pool.DruidDataSource.init(DruidDataSource.java:655)
{dataSource-1} inited


[INFO ] 2017-10-20 20:05:42,759 method:org.springframework.context.support.AbstractApplicationContext.prepareRefresh(AbstractApplicationContext.java:578)
Refreshing org.springframework.context.support.ClassPathXmlApplicationContext@5513858: startup date [Fri Oct 20 20:05:42 CST 2017]; root of context hierarchy


[INFO ] 2017-10-20 20:05:42,872 method:org.springframework.beans.factory.xml.XmlBeanDefinitionReader.loadBeanDefinitions(XmlBeanDefinitionReader.java:317)
Loading XML bean definitions from class path resource [spring/applicationContext-dao.xml]


[INFO ] 2017-10-20 20:05:44,061 method:org.springframework.core.io.support.PropertiesLoaderSupport.loadProperties(PropertiesLoaderSupport.java:172)
Loading properties file from class path resource [properties/db.properties]


[INFO ] 2017-10-20 20:05:47,207 method:com.alibaba.druid.pool.DruidDataSource.init(DruidDataSource.java:655)
{dataSource-1} inited


[INFO ] 2017-10-20 21:17:40,083 method:org.springframework.context.support.AbstractApplicationContext.prepareRefresh(AbstractApplicationContext.java:578)
Refreshing org.springframework.context.support.ClassPathXmlApplicationContext@5513858: startup date [Fri Oct 20 21:17:40 CST 2017]; root of context hierarchy


[INFO ] 2017-10-20 21:17:40,207 method:org.springframework.beans.factory.xml.XmlBeanDefinitionReader.loadBeanDefinitions(XmlBeanDefinitionReader.java:317)
Loading XML bean definitions from class path resource [spring/applicationContext-dao.xml]


[INFO ] 2017-10-20 21:17:41,415 method:org.springframework.core.io.support.PropertiesLoaderSupport.loadProperties(PropertiesLoaderSupport.java:172)
Loading properties file from class path resource [properties/db.properties]


[INFO ] 2017-10-20 21:17:43,811 method:com.alibaba.druid.pool.DruidDataSource.init(DruidDataSource.java:655)
{dataSource-1} inited


[INFO ] 2017-10-20 23:28:13,635 method:org.springframework.context.support.AbstractApplicationContext.prepareRefresh(AbstractApplicationContext.java:578)
Refreshing org.springframework.context.support.ClassPathXmlApplicationContext@174a1c22: startup date [Fri Oct 20 23:28:13 CST 2017]; root of context hierarchy


[INFO ] 2017-10-20 23:28:13,776 method:org.springframework.beans.factory.xml.XmlBeanDefinitionReader.loadBeanDefinitions(XmlBeanDefinitionReader.java:317)
Loading XML bean definitions from class path resource [spring/applicationContext-dao.xml]


[INFO ] 2017-10-20 23:28:14,526 method:org.springframework.core.io.support.PropertiesLoaderSupport.loadProperties(PropertiesLoaderSupport.java:172)
Loading properties file from class path resource [properties/db.properties]


[INFO ] 2017-10-20 23:28:16,798 method:com.alibaba.druid.pool.DruidDataSource.init(DruidDataSource.java:655)
{dataSource-1} inited
